spring-boot-starter-redis is deprecated as of Spring Boot 1.4, please migrate to spring-boot-starter-data-redis
Hello Job执行时间: Thu May 10 11:27:00 CST 2018
spring-boot-starter-redis is deprecated as of Spring Boot 1.4, please migrate to spring-boot-starter-data-redis
Hello Job执行时间: Thu May 10 11:27:30 CST 2018
Hello Job执行时间: Thu May 10 11:28:00 CST 2018
spring-boot-starter-redis is deprecated as of Spring Boot 1.4, please migrate to spring-boot-starter-data-redis
Exception encountered during context initialization - cancelling refresh attempt: org.springframework.beans.factory.UnsatisfiedDependencyException: Error creating bean with name 'auctionMobileController': Unsatisfied dependency expressed through field 'auctionMobileService': No qualifying bean of type [cn.com.mobile.auction.service.AuctionMobileService] found for dependency [cn.com.mobile.auction.service.AuctionMobileService]: expected at least 1 bean which qualifies as autowire candidate for this dependency. Dependency annotations: {@org.springframework.beans.factory.annotation.Autowired(required=true)}; nested exception is org.springframework.beans.factory.NoSuchBeanDefinitionException: No qualifying bean of type [cn.com.mobile.auction.service.AuctionMobileService] found for dependency [cn.com.mobile.auction.service.AuctionMobileService]: expected at least 1 bean which qualifies as autowire candidate for this dependency. Dependency annotations: {@org.springframework.beans.factory.annotation.Autowired(required=true)}
The web application [hxcollectionapi] appears to have started a thread named [DefaultQuartzScheduler_Worker-1] but has failed to stop it. This is very likely to create a memory leak. Stack trace of thread:
 java.lang.Object.wait(Native Method)
 org.quartz.simpl.SimpleThreadPool$WorkerThread.run(SimpleThreadPool.java:568)
The web application [hxcollectionapi] appears to have started a thread named [DefaultQuartzScheduler_Worker-2] but has failed to stop it. This is very likely to create a memory leak. Stack trace of thread:
 java.lang.Object.wait(Native Method)
 org.quartz.simpl.SimpleThreadPool$WorkerThread.run(SimpleThreadPool.java:568)
The web application [hxcollectionapi] appears to have started a thread named [DefaultQuartzScheduler_Worker-3] but has failed to stop it. This is very likely to create a memory leak. Stack trace of thread:
 java.lang.Object.wait(Native Method)
 org.quartz.simpl.SimpleThreadPool$WorkerThread.run(SimpleThreadPool.java:568)
The web application [hxcollectionapi] appears to have started a thread named [DefaultQuartzScheduler_Worker-4] but has failed to stop it. This is very likely to create a memory leak. Stack trace of thread:
 java.lang.Object.wait(Native Method)
 org.quartz.simpl.SimpleThreadPool$WorkerThread.run(SimpleThreadPool.java:568)
The web application [hxcollectionapi] appears to have started a thread named [DefaultQuartzScheduler_Worker-5] but has failed to stop it. This is very likely to create a memory leak. Stack trace of thread:
 java.lang.Object.wait(Native Method)
 org.quartz.simpl.SimpleThreadPool$WorkerThread.run(SimpleThreadPool.java:568)
The web application [hxcollectionapi] appears to have started a thread named [DefaultQuartzScheduler_Worker-6] but has failed to stop it. This is very likely to create a memory leak. Stack trace of thread:
 java.lang.Object.wait(Native Method)
 org.quartz.simpl.SimpleThreadPool$WorkerThread.run(SimpleThreadPool.java:568)
The web application [hxcollectionapi] appears to have started a thread named [DefaultQuartzScheduler_Worker-7] but has failed to stop it. This is very likely to create a memory leak. Stack trace of thread:
 java.lang.Object.wait(Native Method)
 org.quartz.simpl.SimpleThreadPool$WorkerThread.run(SimpleThreadPool.java:568)
The web application [hxcollectionapi] appears to have started a thread named [DefaultQuartzScheduler_Worker-8] but has failed to stop it. This is very likely to create a memory leak. Stack trace of thread:
 java.lang.Object.wait(Native Method)
 org.quartz.simpl.SimpleThreadPool$WorkerThread.run(SimpleThreadPool.java:568)
The web application [hxcollectionapi] appears to have started a thread named [DefaultQuartzScheduler_Worker-9] but has failed to stop it. This is very likely to create a memory leak. Stack trace of thread:
 java.lang.Object.wait(Native Method)
 org.quartz.simpl.SimpleThreadPool$WorkerThread.run(SimpleThreadPool.java:568)
The web application [hxcollectionapi] appears to have started a thread named [DefaultQuartzScheduler_Worker-10] but has failed to stop it. This is very likely to create a memory leak. Stack trace of thread:
 java.lang.Object.wait(Native Method)
 org.quartz.simpl.SimpleThreadPool$WorkerThread.run(SimpleThreadPool.java:568)
Application startup failed
org.springframework.beans.factory.UnsatisfiedDependencyException: Error creating bean with name 'auctionMobileController': Unsatisfied dependency expressed through field 'auctionMobileService': No qualifying bean of type [cn.com.mobile.auction.service.AuctionMobileService] found for dependency [cn.com.mobile.auction.service.AuctionMobileService]: expected at least 1 bean which qualifies as autowire candidate for this dependency. Dependency annotations: {@org.springframework.beans.factory.annotation.Autowired(required=true)}; nested exception is org.springframework.beans.factory.NoSuchBeanDefinitionException: No qualifying bean of type [cn.com.mobile.auction.service.AuctionMobileService] found for dependency [cn.com.mobile.auction.service.AuctionMobileService]: expected at least 1 bean which qualifies as autowire candidate for this dependency. Dependency annotations: {@org.springframework.beans.factory.annotation.Autowired(required=true)}
	at org.springframework.beans.factory.annotation.AutowiredAnnotationBeanPostProcessor$AutowiredFieldElement.inject(AutowiredAnnotationBeanPostProcessor.java:569)
	at org.springframework.beans.factory.annotation.InjectionMetadata.inject(InjectionMetadata.java:88)
	at org.springframework.beans.factory.annotation.AutowiredAnnotationBeanPostProcessor.postProcessPropertyValues(AutowiredAnnotationBeanPostProcessor.java:349)
	at org.springframework.beans.factory.support.AbstractAutowireCapableBeanFactory.populateBean(AbstractAutowireCapableBeanFactory.java:1214)
	at org.springframework.beans.factory.support.AbstractAutowireCapableBeanFactory.doCreateBean(AbstractAutowireCapableBeanFactory.java:543)
	at org.springframework.beans.factory.support.AbstractAutowireCapableBeanFactory.createBean(AbstractAutowireCapableBeanFactory.java:482)
	at org.springframework.beans.factory.support.AbstractBeanFactory$1.getObject(AbstractBeanFactory.java:306)
	at org.springframework.beans.factory.support.DefaultSingletonBeanRegistry.getSingleton(DefaultSingletonBeanRegistry.java:230)
	at org.springframework.beans.factory.support.AbstractBeanFactory.doGetBean(AbstractBeanFactory.java:302)
	at org.springframework.beans.factory.support.AbstractBeanFactory.getBean(AbstractBeanFactory.java:197)
	at org.springframework.beans.factory.support.DefaultListableBeanFactory.preInstantiateSingletons(DefaultListableBeanFactory.java:776)
	at org.springframework.context.support.AbstractApplicationContext.finishBeanFactoryInitialization(AbstractApplicationContext.java:861)
	at org.springframework.context.support.AbstractApplicationContext.refresh(AbstractApplicationContext.java:541)
	at org.springframework.boot.context.embedded.EmbeddedWebApplicationContext.refresh(EmbeddedWebApplicationContext.java:122)
	at org.springframework.boot.SpringApplication.refresh(SpringApplication.java:759)
	at org.springframework.boot.SpringApplication.refreshContext(SpringApplication.java:369)
	at org.springframework.boot.SpringApplication.run(SpringApplication.java:313)
	at org.springframework.boot.SpringApplication.run(SpringApplication.java:1185)
	at org.springframework.boot.SpringApplication.run(SpringApplication.java:1174)
	at cn.com.App.main(App.java:24)
	at sun.reflect.NativeMethodAccessorImpl.invoke0(Native Method)
	at sun.reflect.NativeMethodAccessorImpl.invoke(NativeMethodAccessorImpl.java:57)
	at sun.reflect.DelegatingMethodAccessorImpl.invoke(DelegatingMethodAccessorImpl.java:43)
	at java.lang.reflect.Method.invoke(Method.java:606)
	at org.springframework.boot.devtools.restart.RestartLauncher.run(RestartLauncher.java:49)
Caused by: org.springframework.beans.factory.NoSuchBeanDefinitionException: No qualifying bean of type [cn.com.mobile.auction.service.AuctionMobileService] found for dependency [cn.com.mobile.auction.service.AuctionMobileService]: expected at least 1 bean which qualifies as autowire candidate for this dependency. Dependency annotations: {@org.springframework.beans.factory.annotation.Autowired(required=true)}
	at org.springframework.beans.factory.support.DefaultListableBeanFactory.raiseNoMatchingBeanFound(DefaultListableBeanFactory.java:1406)
	at org.springframework.beans.factory.support.DefaultListableBeanFactory.doResolveDependency(DefaultListableBeanFactory.java:1057)
	at org.springframework.beans.factory.support.DefaultListableBeanFactory.resolveDependency(DefaultListableBeanFactory.java:1019)
	at org.springframework.beans.factory.annotation.AutowiredAnnotationBeanPostProcessor$AutowiredFieldElement.inject(AutowiredAnnotationBeanPostProcessor.java:566)
	... 24 common frames omitted
spring-boot-starter-redis is deprecated as of Spring Boot 1.4, please migrate to spring-boot-starter-data-redis
spring-boot-starter-redis is deprecated as of Spring Boot 1.4, please migrate to spring-boot-starter-data-redis
spring-boot-starter-redis is deprecated as of Spring Boot 1.4, please migrate to spring-boot-starter-data-redis
spring-boot-starter-redis is deprecated as of Spring Boot 1.4, please migrate to spring-boot-starter-data-redis
Hello Job执行时间: Thu May 10 11:34:00 CST 2018
spring-boot-starter-redis is deprecated as of Spring Boot 1.4, please migrate to spring-boot-starter-data-redis
Hello Job执行时间: Thu May 10 11:34:30 CST 2018
Hello Job执行时间: Thu May 10 11:35:00 CST 2018
spring-boot-starter-redis is deprecated as of Spring Boot 1.4, please migrate to spring-boot-starter-data-redis
spring-boot-starter-redis is deprecated as of Spring Boot 1.4, please migrate to spring-boot-starter-data-redis
Exception encountered during context initialization - cancelling refresh attempt: org.springframework.beans.factory.UnsatisfiedDependencyException: Error creating bean with name 'transactionMobileController': Unsatisfied dependency expressed through field 'transactionMobileService': No qualifying bean of type [cn.com.mobile.transaction.service.TransactionMobileService] found for dependency [cn.com.mobile.transaction.service.TransactionMobileService]: expected at least 1 bean which qualifies as autowire candidate for this dependency. Dependency annotations: {@org.springframework.beans.factory.annotation.Autowired(required=true)}; nested exception is org.springframework.beans.factory.NoSuchBeanDefinitionException: No qualifying bean of type [cn.com.mobile.transaction.service.TransactionMobileService] found for dependency [cn.com.mobile.transaction.service.TransactionMobileService]: expected at least 1 bean which qualifies as autowire candidate for this dependency. Dependency annotations: {@org.springframework.beans.factory.annotation.Autowired(required=true)}
The web application [hxcollectionapi] appears to have started a thread named [DefaultQuartzScheduler_Worker-1] but has failed to stop it. This is very likely to create a memory leak. Stack trace of thread:
 java.lang.Object.wait(Native Method)
 org.quartz.simpl.SimpleThreadPool$WorkerThread.run(SimpleThreadPool.java:568)
The web application [hxcollectionapi] appears to have started a thread named [DefaultQuartzScheduler_Worker-2] but has failed to stop it. This is very likely to create a memory leak. Stack trace of thread:
 java.lang.Object.wait(Native Method)
 org.quartz.simpl.SimpleThreadPool$WorkerThread.run(SimpleThreadPool.java:568)
The web application [hxcollectionapi] appears to have started a thread named [DefaultQuartzScheduler_Worker-3] but has failed to stop it. This is very likely to create a memory leak. Stack trace of thread:
 java.lang.Object.wait(Native Method)
 org.quartz.simpl.SimpleThreadPool$WorkerThread.run(SimpleThreadPool.java:568)
The web application [hxcollectionapi] appears to have started a thread named [DefaultQuartzScheduler_Worker-4] but has failed to stop it. This is very likely to create a memory leak. Stack trace of thread:
 java.lang.Object.wait(Native Method)
 org.quartz.simpl.SimpleThreadPool$WorkerThread.run(SimpleThreadPool.java:568)
The web application [hxcollectionapi] appears to have started a thread named [DefaultQuartzScheduler_Worker-5] but has failed to stop it. This is very likely to create a memory leak. Stack trace of thread:
 java.lang.Object.wait(Native Method)
 org.quartz.simpl.SimpleThreadPool$WorkerThread.run(SimpleThreadPool.java:568)
The web application [hxcollectionapi] appears to have started a thread named [DefaultQuartzScheduler_Worker-6] but has failed to stop it. This is very likely to create a memory leak. Stack trace of thread:
 java.lang.Object.wait(Native Method)
 org.quartz.simpl.SimpleThreadPool$WorkerThread.run(SimpleThreadPool.java:568)
The web application [hxcollectionapi] appears to have started a thread named [DefaultQuartzScheduler_Worker-7] but has failed to stop it. This is very likely to create a memory leak. Stack trace of thread:
 java.lang.Object.wait(Native Method)
 org.quartz.simpl.SimpleThreadPool$WorkerThread.run(SimpleThreadPool.java:568)
The web application [hxcollectionapi] appears to have started a thread named [DefaultQuartzScheduler_Worker-8] but has failed to stop it. This is very likely to create a memory leak. Stack trace of thread:
 java.lang.Object.wait(Native Method)
 org.quartz.simpl.SimpleThreadPool$WorkerThread.run(SimpleThreadPool.java:568)
The web application [hxcollectionapi] appears to have started a thread named [DefaultQuartzScheduler_Worker-9] but has failed to stop it. This is very likely to create a memory leak. Stack trace of thread:
 java.lang.Object.wait(Native Method)
 org.quartz.simpl.SimpleThreadPool$WorkerThread.run(SimpleThreadPool.java:568)
The web application [hxcollectionapi] appears to have started a thread named [DefaultQuartzScheduler_Worker-10] but has failed to stop it. This is very likely to create a memory leak. Stack trace of thread:
 java.lang.Object.wait(Native Method)
 org.quartz.simpl.SimpleThreadPool$WorkerThread.run(SimpleThreadPool.java:568)
Application startup failed
org.springframework.beans.factory.UnsatisfiedDependencyException: Error creating bean with name 'transactionMobileController': Unsatisfied dependency expressed through field 'transactionMobileService': No qualifying bean of type [cn.com.mobile.transaction.service.TransactionMobileService] found for dependency [cn.com.mobile.transaction.service.TransactionMobileService]: expected at least 1 bean which qualifies as autowire candidate for this dependency. Dependency annotations: {@org.springframework.beans.factory.annotation.Autowired(required=true)}; nested exception is org.springframework.beans.factory.NoSuchBeanDefinitionException: No qualifying bean of type [cn.com.mobile.transaction.service.TransactionMobileService] found for dependency [cn.com.mobile.transaction.service.TransactionMobileService]: expected at least 1 bean which qualifies as autowire candidate for this dependency. Dependency annotations: {@org.springframework.beans.factory.annotation.Autowired(required=true)}
	at org.springframework.beans.factory.annotation.AutowiredAnnotationBeanPostProcessor$AutowiredFieldElement.inject(AutowiredAnnotationBeanPostProcessor.java:569)
	at org.springframework.beans.factory.annotation.InjectionMetadata.inject(InjectionMetadata.java:88)
	at org.springframework.beans.factory.annotation.AutowiredAnnotationBeanPostProcessor.postProcessPropertyValues(AutowiredAnnotationBeanPostProcessor.java:349)
	at org.springframework.beans.factory.support.AbstractAutowireCapableBeanFactory.populateBean(AbstractAutowireCapableBeanFactory.java:1214)
	at org.springframework.beans.factory.support.AbstractAutowireCapableBeanFactory.doCreateBean(AbstractAutowireCapableBeanFactory.java:543)
	at org.springframework.beans.factory.support.AbstractAutowireCapableBeanFactory.createBean(AbstractAutowireCapableBeanFactory.java:482)
	at org.springframework.beans.factory.support.AbstractBeanFactory$1.getObject(AbstractBeanFactory.java:306)
	at org.springframework.beans.factory.support.DefaultSingletonBeanRegistry.getSingleton(DefaultSingletonBeanRegistry.java:230)
	at org.springframework.beans.factory.support.AbstractBeanFactory.doGetBean(AbstractBeanFactory.java:302)
	at org.springframework.beans.factory.support.AbstractBeanFactory.getBean(AbstractBeanFactory.java:197)
	at org.springframework.beans.factory.support.DefaultListableBeanFactory.preInstantiateSingletons(DefaultListableBeanFactory.java:776)
	at org.springframework.context.support.AbstractApplicationContext.finishBeanFactoryInitialization(AbstractApplicationContext.java:861)
	at org.springframework.context.support.AbstractApplicationContext.refresh(AbstractApplicationContext.java:541)
	at org.springframework.boot.context.embedded.EmbeddedWebApplicationContext.refresh(EmbeddedWebApplicationContext.java:122)
	at org.springframework.boot.SpringApplication.refresh(SpringApplication.java:759)
	at org.springframework.boot.SpringApplication.refreshContext(SpringApplication.java:369)
	at org.springframework.boot.SpringApplication.run(SpringApplication.java:313)
	at org.springframework.boot.SpringApplication.run(SpringApplication.java:1185)
	at org.springframework.boot.SpringApplication.run(SpringApplication.java:1174)
	at cn.com.App.main(App.java:24)
	at sun.reflect.NativeMethodAccessorImpl.invoke0(Native Method)
	at sun.reflect.NativeMethodAccessorImpl.invoke(NativeMethodAccessorImpl.java:57)
	at sun.reflect.DelegatingMethodAccessorImpl.invoke(DelegatingMethodAccessorImpl.java:43)
	at java.lang.reflect.Method.invoke(Method.java:606)
	at org.springframework.boot.devtools.restart.RestartLauncher.run(RestartLauncher.java:49)
Caused by: org.springframework.beans.factory.NoSuchBeanDefinitionException: No qualifying bean of type [cn.com.mobile.transaction.service.TransactionMobileService] found for dependency [cn.com.mobile.transaction.service.TransactionMobileService]: expected at least 1 bean which qualifies as autowire candidate for this dependency. Dependency annotations: {@org.springframework.beans.factory.annotation.Autowired(required=true)}
	at org.springframework.beans.factory.support.DefaultListableBeanFactory.raiseNoMatchingBeanFound(DefaultListableBeanFactory.java:1406)
	at org.springframework.beans.factory.support.DefaultListableBeanFactory.doResolveDependency(DefaultListableBeanFactory.java:1057)
	at org.springframework.beans.factory.support.DefaultListableBeanFactory.resolveDependency(DefaultListableBeanFactory.java:1019)
	at org.springframework.beans.factory.annotation.AutowiredAnnotationBeanPostProcessor$AutowiredFieldElement.inject(AutowiredAnnotationBeanPostProcessor.java:566)
	... 24 common frames omitted
spring-boot-starter-redis is deprecated as of Spring Boot 1.4, please migrate to spring-boot-starter-data-redis
spring-boot-starter-redis is deprecated as of Spring Boot 1.4, please migrate to spring-boot-starter-data-redis
Hello Job执行时间: Thu May 10 11:43:00 CST 2018
spring-boot-starter-redis is deprecated as of Spring Boot 1.4, please migrate to spring-boot-starter-data-redis
spring-boot-starter-redis is deprecated as of Spring Boot 1.4, please migrate to spring-boot-starter-data-redis
spring-boot-starter-redis is deprecated as of Spring Boot 1.4, please migrate to spring-boot-starter-data-redis
Hello Job执行时间: Thu May 10 14:14:00 CST 2018
Hello Job执行时间: Thu May 10 14:14:30 CST 2018
spring-boot-starter-redis is deprecated as of Spring Boot 1.4, please migrate to spring-boot-starter-data-redis
Hello Job执行时间: Thu May 10 14:15:00 CST 2018
Hello Job执行时间: Thu May 10 14:15:04 CST 2018
Hello Job执行时间: Thu May 10 14:15:30 CST 2018
Hello Job执行时间: Thu May 10 14:16:00 CST 2018
Hello Job执行时间: Thu May 10 14:16:30 CST 2018
Hello Job执行时间: Thu May 10 14:17:00 CST 2018
Hello Job执行时间: Thu May 10 14:17:15 CST 2018
spring-boot-starter-redis is deprecated as of Spring Boot 1.4, please migrate to spring-boot-starter-data-redis
Hello Job执行时间: Thu May 10 14:18:00 CST 2018
Hello Job执行时间: Thu May 10 14:18:30 CST 2018
spring-boot-starter-redis is deprecated as of Spring Boot 1.4, please migrate to spring-boot-starter-data-redis
Hello Job执行时间: Thu May 10 14:19:00 CST 2018
Hello Job执行时间: Thu May 10 14:19:30 CST 2018
Hello Job执行时间: Thu May 10 14:20:00 CST 2018
Hello Job执行时间: Thu May 10 14:20:30 CST 2018
Hello Job执行时间: Thu May 10 14:21:00 CST 2018
Hello Job执行时间: Thu May 10 14:21:30 CST 2018
Hello Job执行时间: Thu May 10 14:22:00 CST 2018
Hello Job执行时间: Thu May 10 14:22:30 CST 2018
spring-boot-starter-redis is deprecated as of Spring Boot 1.4, please migrate to spring-boot-starter-data-redis
Hello Job执行时间: Thu May 10 14:23:30 CST 2018
Hello Job执行时间: Thu May 10 14:24:00 CST 2018
Hello Job执行时间: Thu May 10 14:24:39 CST 2018
Hello Job执行时间: Thu May 10 14:25:00 CST 2018
Hello Job执行时间: Thu May 10 14:25:30 CST 2018
Hello Job执行时间: Thu May 10 14:26:00 CST 2018
Hello Job执行时间: Thu May 10 14:26:30 CST 2018
spring-boot-starter-redis is deprecated as of Spring Boot 1.4, please migrate to spring-boot-starter-data-redis
spring-boot-starter-redis is deprecated as of Spring Boot 1.4, please migrate to spring-boot-starter-data-redis
Hello Job执行时间: Thu May 10 14:28:00 CST 2018
spring-boot-starter-redis is deprecated as of Spring Boot 1.4, please migrate to spring-boot-starter-data-redis
Hello Job执行时间: Thu May 10 14:28:30 CST 2018
Hello Job执行时间: Thu May 10 14:29:00 CST 2018
Hello Job执行时间: Thu May 10 14:29:30 CST 2018
Hello Job执行时间: Thu May 10 14:30:00 CST 2018
Hello Job执行时间: Thu May 10 14:30:30 CST 2018
Hello Job执行时间: Thu May 10 14:31:00 CST 2018
Hello Job执行时间: Thu May 10 14:31:30 CST 2018
Hello Job执行时间: Thu May 10 14:32:00 CST 2018
Hello Job执行时间: Thu May 10 14:32:30 CST 2018
spring-boot-starter-redis is deprecated as of Spring Boot 1.4, please migrate to spring-boot-starter-data-redis
Hello Job执行时间: Thu May 10 14:33:00 CST 2018
Hello Job执行时间: Thu May 10 14:33:30 CST 2018
Hello Job执行时间: Thu May 10 14:34:00 CST 2018
Hello Job执行时间: Thu May 10 14:34:30 CST 2018
Hello Job执行时间: Thu May 10 14:35:00 CST 2018
Hello Job执行时间: Thu May 10 14:35:30 CST 2018
Hello Job执行时间: Thu May 10 14:36:00 CST 2018
Hello Job执行时间: Thu May 10 14:36:30 CST 2018
Hello Job执行时间: Thu May 10 14:37:00 CST 2018
Hello Job执行时间: Thu May 10 14:37:30 CST 2018
Hello Job执行时间: Thu May 10 14:38:00 CST 2018
Hello Job执行时间: Thu May 10 14:38:30 CST 2018
Hello Job执行时间: Thu May 10 14:39:00 CST 2018
Hello Job执行时间: Thu May 10 14:39:30 CST 2018
Hello Job执行时间: Thu May 10 14:40:00 CST 2018
Hello Job执行时间: Thu May 10 14:40:30 CST 2018
Hello Job执行时间: Thu May 10 14:41:00 CST 2018
Hello Job执行时间: Thu May 10 14:41:30 CST 2018
Hello Job执行时间: Thu May 10 14:42:00 CST 2018
Hello Job执行时间: Thu May 10 14:42:30 CST 2018
Hello Job执行时间: Thu May 10 14:43:00 CST 2018
Hello Job执行时间: Thu May 10 14:43:30 CST 2018
Hello Job执行时间: Thu May 10 14:44:00 CST 2018
Hello Job执行时间: Thu May 10 14:44:30 CST 2018
Hello Job执行时间: Thu May 10 14:45:00 CST 2018
Hello Job执行时间: Thu May 10 14:45:30 CST 2018
Hello Job执行时间: Thu May 10 14:46:00 CST 2018
Hello Job执行时间: Thu May 10 14:46:30 CST 2018
Hello Job执行时间: Thu May 10 14:47:00 CST 2018
Hello Job执行时间: Thu May 10 14:47:30 CST 2018
Hello Job执行时间: Thu May 10 14:48:00 CST 2018
Hello Job执行时间: Thu May 10 14:48:30 CST 2018
Hello Job执行时间: Thu May 10 14:49:00 CST 2018
Hello Job执行时间: Thu May 10 14:49:30 CST 2018
Hello Job执行时间: Thu May 10 14:50:00 CST 2018
Hello Job执行时间: Thu May 10 14:50:30 CST 2018
Hello Job执行时间: Thu May 10 14:51:00 CST 2018
Hello Job执行时间: Thu May 10 14:51:30 CST 2018
Hello Job执行时间: Thu May 10 14:52:00 CST 2018
Hello Job执行时间: Thu May 10 14:52:30 CST 2018
Hello Job执行时间: Thu May 10 14:53:00 CST 2018
Hello Job执行时间: Thu May 10 14:53:30 CST 2018
Hello Job执行时间: Thu May 10 14:54:00 CST 2018
Hello Job执行时间: Thu May 10 14:54:30 CST 2018
Hello Job执行时间: Thu May 10 14:55:00 CST 2018
Hello Job执行时间: Thu May 10 14:55:30 CST 2018
Hello Job执行时间: Thu May 10 14:56:00 CST 2018
Hello Job执行时间: Thu May 10 14:56:30 CST 2018
Hello Job执行时间: Thu May 10 14:57:00 CST 2018
Hello Job执行时间: Thu May 10 14:57:30 CST 2018
Hello Job执行时间: Thu May 10 14:58:00 CST 2018
Hello Job执行时间: Thu May 10 14:58:30 CST 2018
Hello Job执行时间: Thu May 10 14:59:00 CST 2018
Hello Job执行时间: Thu May 10 14:59:30 CST 2018
Hello Job执行时间: Thu May 10 15:00:00 CST 2018
Hello Job执行时间: Thu May 10 15:00:30 CST 2018
Hello Job执行时间: Thu May 10 15:01:00 CST 2018
Hello Job执行时间: Thu May 10 15:01:30 CST 2018
Hello Job执行时间: Thu May 10 15:02:00 CST 2018
Hello Job执行时间: Thu May 10 15:02:30 CST 2018
Hello Job执行时间: Thu May 10 15:03:00 CST 2018
Hello Job执行时间: Thu May 10 15:03:30 CST 2018
Hello Job执行时间: Thu May 10 15:04:00 CST 2018
Hello Job执行时间: Thu May 10 15:04:30 CST 2018
Hello Job执行时间: Thu May 10 15:05:00 CST 2018
Hello Job执行时间: Thu May 10 15:05:30 CST 2018
Hello Job执行时间: Thu May 10 15:06:00 CST 2018
Hello Job执行时间: Thu May 10 15:06:30 CST 2018
Hello Job执行时间: Thu May 10 15:07:00 CST 2018
Hello Job执行时间: Thu May 10 15:07:30 CST 2018
Hello Job执行时间: Thu May 10 15:08:00 CST 2018
Hello Job执行时间: Thu May 10 15:08:30 CST 2018
Hello Job执行时间: Thu May 10 15:09:00 CST 2018
Hello Job执行时间: Thu May 10 15:09:30 CST 2018
Hello Job执行时间: Thu May 10 15:10:00 CST 2018
Hello Job执行时间: Thu May 10 15:10:30 CST 2018
Hello Job执行时间: Thu May 10 15:11:00 CST 2018
Hello Job执行时间: Thu May 10 15:11:30 CST 2018
Hello Job执行时间: Thu May 10 15:12:00 CST 2018
Hello Job执行时间: Thu May 10 15:12:30 CST 2018
Hello Job执行时间: Thu May 10 15:13:00 CST 2018
Hello Job执行时间: Thu May 10 15:13:30 CST 2018
Hello Job执行时间: Thu May 10 15:14:00 CST 2018
Hello Job执行时间: Thu May 10 15:14:30 CST 2018
Hello Job执行时间: Thu May 10 15:15:00 CST 2018
Hello Job执行时间: Thu May 10 15:15:30 CST 2018
Hello Job执行时间: Thu May 10 15:16:00 CST 2018
Hello Job执行时间: Thu May 10 15:16:30 CST 2018
Hello Job执行时间: Thu May 10 15:17:00 CST 2018
Hello Job执行时间: Thu May 10 15:17:30 CST 2018
Hello Job执行时间: Thu May 10 15:18:00 CST 2018
Hello Job执行时间: Thu May 10 15:18:30 CST 2018
Hello Job执行时间: Thu May 10 15:19:00 CST 2018
Hello Job执行时间: Thu May 10 15:19:30 CST 2018
Hello Job执行时间: Thu May 10 15:20:00 CST 2018
Hello Job执行时间: Thu May 10 15:20:30 CST 2018
Hello Job执行时间: Thu May 10 15:21:00 CST 2018
Hello Job执行时间: Thu May 10 15:21:30 CST 2018
Hello Job执行时间: Thu May 10 15:22:00 CST 2018
Hello Job执行时间: Thu May 10 15:22:30 CST 2018
Hello Job执行时间: Thu May 10 15:23:00 CST 2018
Hello Job执行时间: Thu May 10 15:23:30 CST 2018
Hello Job执行时间: Thu May 10 15:24:00 CST 2018
Hello Job执行时间: Thu May 10 15:24:30 CST 2018
Hello Job执行时间: Thu May 10 15:25:00 CST 2018
Hello Job执行时间: Thu May 10 15:25:30 CST 2018
Hello Job执行时间: Thu May 10 15:26:00 CST 2018
Hello Job执行时间: Thu May 10 15:26:30 CST 2018
Hello Job执行时间: Thu May 10 15:27:00 CST 2018
Hello Job执行时间: Thu May 10 15:27:30 CST 2018
Hello Job执行时间: Thu May 10 15:28:00 CST 2018
Hello Job执行时间: Thu May 10 15:28:30 CST 2018
Hello Job执行时间: Thu May 10 15:29:00 CST 2018
Hello Job执行时间: Thu May 10 15:29:30 CST 2018
Hello Job执行时间: Thu May 10 15:30:00 CST 2018
Hello Job执行时间: Thu May 10 15:30:30 CST 2018
Hello Job执行时间: Thu May 10 15:31:00 CST 2018
Hello Job执行时间: Thu May 10 15:31:30 CST 2018
Hello Job执行时间: Thu May 10 15:32:00 CST 2018
Hello Job执行时间: Thu May 10 15:32:30 CST 2018
Hello Job执行时间: Thu May 10 15:33:00 CST 2018
Hello Job执行时间: Thu May 10 15:33:30 CST 2018
Hello Job执行时间: Thu May 10 15:34:00 CST 2018
Hello Job执行时间: Thu May 10 15:34:30 CST 2018
Hello Job执行时间: Thu May 10 15:35:00 CST 2018
Hello Job执行时间: Thu May 10 15:35:30 CST 2018
Hello Job执行时间: Thu May 10 15:36:00 CST 2018
Hello Job执行时间: Thu May 10 15:36:30 CST 2018
Hello Job执行时间: Thu May 10 15:37:00 CST 2018
Hello Job执行时间: Thu May 10 15:37:30 CST 2018
Hello Job执行时间: Thu May 10 15:38:00 CST 2018
Hello Job执行时间: Thu May 10 15:38:30 CST 2018
Hello Job执行时间: Thu May 10 15:39:00 CST 2018
Hello Job执行时间: Thu May 10 15:39:30 CST 2018
Hello Job执行时间: Thu May 10 15:40:00 CST 2018
Hello Job执行时间: Thu May 10 15:40:30 CST 2018
Hello Job执行时间: Thu May 10 15:41:00 CST 2018
Hello Job执行时间: Thu May 10 15:41:30 CST 2018
Hello Job执行时间: Thu May 10 15:42:00 CST 2018
Hello Job执行时间: Thu May 10 15:42:30 CST 2018
Hello Job执行时间: Thu May 10 15:43:00 CST 2018
Hello Job执行时间: Thu May 10 15:43:30 CST 2018
Hello Job执行时间: Thu May 10 15:44:00 CST 2018
Hello Job执行时间: Thu May 10 15:44:30 CST 2018
Hello Job执行时间: Thu May 10 15:45:00 CST 2018
Hello Job执行时间: Thu May 10 15:45:30 CST 2018
Hello Job执行时间: Thu May 10 15:46:00 CST 2018
Hello Job执行时间: Thu May 10 15:46:30 CST 2018
Hello Job执行时间: Thu May 10 15:47:00 CST 2018
Hello Job执行时间: Thu May 10 15:47:30 CST 2018
Hello Job执行时间: Thu May 10 15:48:00 CST 2018
Hello Job执行时间: Thu May 10 15:48:30 CST 2018
Hello Job执行时间: Thu May 10 15:49:00 CST 2018
Hello Job执行时间: Thu May 10 15:49:30 CST 2018
Hello Job执行时间: Thu May 10 15:50:00 CST 2018
Hello Job执行时间: Thu May 10 15:50:30 CST 2018
Hello Job执行时间: Thu May 10 15:51:00 CST 2018
Hello Job执行时间: Thu May 10 15:51:30 CST 2018
Hello Job执行时间: Thu May 10 15:52:00 CST 2018
Hello Job执行时间: Thu May 10 15:52:30 CST 2018
Hello Job执行时间: Thu May 10 15:53:00 CST 2018
Hello Job执行时间: Thu May 10 15:53:30 CST 2018
Hello Job执行时间: Thu May 10 15:54:00 CST 2018
Hello Job执行时间: Thu May 10 15:54:30 CST 2018
Hello Job执行时间: Thu May 10 15:55:00 CST 2018
Hello Job执行时间: Thu May 10 15:55:30 CST 2018
Hello Job执行时间: Thu May 10 15:56:00 CST 2018
Hello Job执行时间: Thu May 10 15:56:30 CST 2018
Hello Job执行时间: Thu May 10 15:57:00 CST 2018
Hello Job执行时间: Thu May 10 15:57:30 CST 2018
Hello Job执行时间: Thu May 10 15:58:00 CST 2018
Hello Job执行时间: Thu May 10 15:58:30 CST 2018
Hello Job执行时间: Thu May 10 15:59:00 CST 2018
Hello Job执行时间: Thu May 10 15:59:30 CST 2018
Hello Job执行时间: Thu May 10 16:00:00 CST 2018
Hello Job执行时间: Thu May 10 16:00:30 CST 2018
Hello Job执行时间: Thu May 10 16:01:00 CST 2018
Hello Job执行时间: Thu May 10 16:01:30 CST 2018
Hello Job执行时间: Thu May 10 16:02:00 CST 2018
Hello Job执行时间: Thu May 10 16:02:30 CST 2018
Hello Job执行时间: Thu May 10 16:03:00 CST 2018
Hello Job执行时间: Thu May 10 16:03:30 CST 2018
Hello Job执行时间: Thu May 10 16:04:00 CST 2018
Hello Job执行时间: Thu May 10 16:04:30 CST 2018
Hello Job执行时间: Thu May 10 16:05:00 CST 2018
Hello Job执行时间: Thu May 10 16:05:30 CST 2018
Hello Job执行时间: Thu May 10 16:06:00 CST 2018
Hello Job执行时间: Thu May 10 16:06:30 CST 2018
Hello Job执行时间: Thu May 10 16:07:00 CST 2018
Hello Job执行时间: Thu May 10 16:07:30 CST 2018
Hello Job执行时间: Thu May 10 16:08:00 CST 2018
Hello Job执行时间: Thu May 10 16:08:30 CST 2018
Hello Job执行时间: Thu May 10 16:09:00 CST 2018
Hello Job执行时间: Thu May 10 16:09:30 CST 2018
