spring-boot-starter-redis is deprecated as of Spring Boot 1.4, please migrate to spring-boot-starter-data-redis
Hello Job执行时间: Wed May 09 10:25:30 CST 2018
Hello Job执行时间: Wed May 09 10:26:00 CST 2018
spring-boot-starter-redis is deprecated as of Spring Boot 1.4, please migrate to spring-boot-starter-data-redis
Hello Job执行时间: Wed May 09 10:27:00 CST 2018
Hello Job执行时间: Wed May 09 10:27:30 CST 2018
spring-boot-starter-redis is deprecated as of Spring Boot 1.4, please migrate to spring-boot-starter-data-redis
Hello Job执行时间: Wed May 09 10:28:00 CST 2018
Hello Job执行时间: Wed May 09 10:28:30 CST 2018
spring-boot-starter-redis is deprecated as of Spring Boot 1.4, please migrate to spring-boot-starter-data-redis
Hello Job执行时间: Wed May 09 10:29:55 CST 2018
Hello Job执行时间: Wed May 09 10:30:00 CST 2018
spring-boot-starter-redis is deprecated as of Spring Boot 1.4, please migrate to spring-boot-starter-data-redis
Hello Job执行时间: Wed May 09 10:31:00 CST 2018
Hello Job执行时间: Wed May 09 10:31:30 CST 2018
Hello Job执行时间: Wed May 09 10:32:00 CST 2018
Hello Job执行时间: Wed May 09 10:32:30 CST 2018
Hello Job执行时间: Wed May 09 10:33:00 CST 2018
Hello Job执行时间: Wed May 09 10:33:30 CST 2018
Hello Job执行时间: Wed May 09 10:34:00 CST 2018
Hello Job执行时间: Wed May 09 10:34:30 CST 2018
Hello Job执行时间: Wed May 09 10:35:00 CST 2018
Hello Job执行时间: Wed May 09 10:35:30 CST 2018
Hello Job执行时间: Wed May 09 10:36:00 CST 2018
Hello Job执行时间: Wed May 09 10:36:30 CST 2018
Hello Job执行时间: Wed May 09 10:37:00 CST 2018
Hello Job执行时间: Wed May 09 10:37:30 CST 2018
Hello Job执行时间: Wed May 09 10:38:00 CST 2018
Hello Job执行时间: Wed May 09 10:38:30 CST 2018
Hello Job执行时间: Wed May 09 10:39:00 CST 2018
Hello Job执行时间: Wed May 09 10:39:30 CST 2018
Hello Job执行时间: Wed May 09 10:40:00 CST 2018
Hello Job执行时间: Wed May 09 10:40:30 CST 2018
Hello Job执行时间: Wed May 09 10:41:00 CST 2018
Hello Job执行时间: Wed May 09 10:41:30 CST 2018
Hello Job执行时间: Wed May 09 10:42:00 CST 2018
spring-boot-starter-redis is deprecated as of Spring Boot 1.4, please migrate to spring-boot-starter-data-redis
spring-boot-starter-redis is deprecated as of Spring Boot 1.4, please migrate to spring-boot-starter-data-redis
Hello Job执行时间: Wed May 09 10:54:30 CST 2018
Hello Job执行时间: Wed May 09 10:55:00 CST 2018
Hello Job执行时间: Wed May 09 10:55:30 CST 2018
spring-boot-starter-redis is deprecated as of Spring Boot 1.4, please migrate to spring-boot-starter-data-redis
Hello Job执行时间: Wed May 09 10:56:30 CST 2018
Hello Job执行时间: Wed May 09 10:57:00 CST 2018
Hello Job执行时间: Wed May 09 10:57:30 CST 2018
Hello Job执行时间: Wed May 09 10:58:00 CST 2018
spring-boot-starter-redis is deprecated as of Spring Boot 1.4, please migrate to spring-boot-starter-data-redis
Hello Job执行时间: Wed May 09 10:58:30 CST 2018
Hello Job执行时间: Wed May 09 10:59:00 CST 2018
Hello Job执行时间: Wed May 09 10:59:30 CST 2018
Hello Job执行时间: Wed May 09 11:00:00 CST 2018
spring-boot-starter-redis is deprecated as of Spring Boot 1.4, please migrate to spring-boot-starter-data-redis
Hello Job执行时间: Wed May 09 11:01:00 CST 2018
Hello Job执行时间: Wed May 09 11:01:30 CST 2018
spring-boot-starter-redis is deprecated as of Spring Boot 1.4, please migrate to spring-boot-starter-data-redis
Hello Job执行时间: Wed May 09 11:02:30 CST 2018
Hello Job执行时间: Wed May 09 11:03:00 CST 2018
Hello Job执行时间: Wed May 09 11:03:30 CST 2018
Hello Job执行时间: Wed May 09 11:04:00 CST 2018
Hello Job执行时间: Wed May 09 11:04:30 CST 2018
Hello Job执行时间: Wed May 09 11:05:00 CST 2018
Hello Job执行时间: Wed May 09 11:05:30 CST 2018
Hello Job执行时间: Wed May 09 11:06:00 CST 2018
Hello Job执行时间: Wed May 09 11:06:30 CST 2018
Hello Job执行时间: Wed May 09 11:07:00 CST 2018
Hello Job执行时间: Wed May 09 11:07:30 CST 2018
Hello Job执行时间: Wed May 09 11:08:00 CST 2018
Hello Job执行时间: Wed May 09 11:08:30 CST 2018
Hello Job执行时间: Wed May 09 11:09:00 CST 2018
Hello Job执行时间: Wed May 09 11:09:30 CST 2018
Hello Job执行时间: Wed May 09 11:10:00 CST 2018
Hello Job执行时间: Wed May 09 11:10:30 CST 2018
Hello Job执行时间: Wed May 09 11:11:00 CST 2018
Hello Job执行时间: Wed May 09 11:11:30 CST 2018
Hello Job执行时间: Wed May 09 11:12:00 CST 2018
Hello Job执行时间: Wed May 09 11:12:30 CST 2018
Hello Job执行时间: Wed May 09 11:13:00 CST 2018
Hello Job执行时间: Wed May 09 11:13:30 CST 2018
Hello Job执行时间: Wed May 09 11:14:00 CST 2018
Hello Job执行时间: Wed May 09 11:14:30 CST 2018
Hello Job执行时间: Wed May 09 11:15:00 CST 2018
Hello Job执行时间: Wed May 09 11:15:30 CST 2018
Hello Job执行时间: Wed May 09 11:16:00 CST 2018
Hello Job执行时间: Wed May 09 11:16:30 CST 2018
Hello Job执行时间: Wed May 09 11:17:00 CST 2018
Hello Job执行时间: Wed May 09 11:17:30 CST 2018
Hello Job执行时间: Wed May 09 11:18:00 CST 2018
Hello Job执行时间: Wed May 09 11:18:30 CST 2018
Hello Job执行时间: Wed May 09 11:19:00 CST 2018
Hello Job执行时间: Wed May 09 11:19:30 CST 2018
Hello Job执行时间: Wed May 09 11:20:00 CST 2018
Hello Job执行时间: Wed May 09 11:20:30 CST 2018
Hello Job执行时间: Wed May 09 11:21:00 CST 2018
Hello Job执行时间: Wed May 09 11:21:30 CST 2018
Hello Job执行时间: Wed May 09 11:22:00 CST 2018
Hello Job执行时间: Wed May 09 11:22:30 CST 2018
Hello Job执行时间: Wed May 09 11:23:00 CST 2018
Hello Job执行时间: Wed May 09 11:23:30 CST 2018
Hello Job执行时间: Wed May 09 11:24:00 CST 2018
Hello Job执行时间: Wed May 09 11:24:30 CST 2018
Hello Job执行时间: Wed May 09 11:25:00 CST 2018
Hello Job执行时间: Wed May 09 11:25:30 CST 2018
Hello Job执行时间: Wed May 09 11:26:00 CST 2018
Exception encountered during context initialization - cancelling refresh attempt: org.springframework.beans.factory.UnsatisfiedDependencyException: Error creating bean with name 'expressController': Unsatisfied dependency expressed through field 'expressService': No qualifying bean of type [cn.com.third.express.service.ExpressService] found for dependency [cn.com.third.express.service.ExpressService]: expected at least 1 bean which qualifies as autowire candidate for this dependency. Dependency annotations: {@org.springframework.beans.factory.annotation.Autowired(required=true)}; nested exception is org.springframework.beans.factory.NoSuchBeanDefinitionException: No qualifying bean of type [cn.com.third.express.service.ExpressService] found for dependency [cn.com.third.express.service.ExpressService]: expected at least 1 bean which qualifies as autowire candidate for this dependency. Dependency annotations: {@org.springframework.beans.factory.annotation.Autowired(required=true)}
The web application [hxcollectionapi] appears to have started a thread named [DefaultQuartzScheduler_Worker-1] but has failed to stop it. This is very likely to create a memory leak. Stack trace of thread:
 java.lang.Object.wait(Native Method)
 org.quartz.simpl.SimpleThreadPool$WorkerThread.run(SimpleThreadPool.java:568)
The web application [hxcollectionapi] appears to have started a thread named [DefaultQuartzScheduler_Worker-2] but has failed to stop it. This is very likely to create a memory leak. Stack trace of thread:
 java.lang.Object.wait(Native Method)
 org.quartz.simpl.SimpleThreadPool$WorkerThread.run(SimpleThreadPool.java:568)
The web application [hxcollectionapi] appears to have started a thread named [DefaultQuartzScheduler_Worker-3] but has failed to stop it. This is very likely to create a memory leak. Stack trace of thread:
 java.lang.Object.wait(Native Method)
 org.quartz.simpl.SimpleThreadPool$WorkerThread.run(SimpleThreadPool.java:568)
The web application [hxcollectionapi] appears to have started a thread named [DefaultQuartzScheduler_Worker-4] but has failed to stop it. This is very likely to create a memory leak. Stack trace of thread:
 java.lang.Object.wait(Native Method)
 org.quartz.simpl.SimpleThreadPool$WorkerThread.run(SimpleThreadPool.java:568)
The web application [hxcollectionapi] appears to have started a thread named [DefaultQuartzScheduler_Worker-5] but has failed to stop it. This is very likely to create a memory leak. Stack trace of thread:
 java.lang.Object.wait(Native Method)
 org.quartz.simpl.SimpleThreadPool$WorkerThread.run(SimpleThreadPool.java:568)
The web application [hxcollectionapi] appears to have started a thread named [DefaultQuartzScheduler_Worker-6] but has failed to stop it. This is very likely to create a memory leak. Stack trace of thread:
 java.lang.Object.wait(Native Method)
 org.quartz.simpl.SimpleThreadPool$WorkerThread.run(SimpleThreadPool.java:568)
The web application [hxcollectionapi] appears to have started a thread named [DefaultQuartzScheduler_Worker-7] but has failed to stop it. This is very likely to create a memory leak. Stack trace of thread:
 java.lang.Object.wait(Native Method)
 org.quartz.simpl.SimpleThreadPool$WorkerThread.run(SimpleThreadPool.java:568)
The web application [hxcollectionapi] appears to have started a thread named [DefaultQuartzScheduler_Worker-8] but has failed to stop it. This is very likely to create a memory leak. Stack trace of thread:
 java.lang.Object.wait(Native Method)
 org.quartz.simpl.SimpleThreadPool$WorkerThread.run(SimpleThreadPool.java:568)
The web application [hxcollectionapi] appears to have started a thread named [DefaultQuartzScheduler_Worker-9] but has failed to stop it. This is very likely to create a memory leak. Stack trace of thread:
 java.lang.Object.wait(Native Method)
 org.quartz.simpl.SimpleThreadPool$WorkerThread.run(SimpleThreadPool.java:568)
The web application [hxcollectionapi] appears to have started a thread named [DefaultQuartzScheduler_Worker-10] but has failed to stop it. This is very likely to create a memory leak. Stack trace of thread:
 java.lang.Object.wait(Native Method)
 org.quartz.simpl.SimpleThreadPool$WorkerThread.run(SimpleThreadPool.java:568)
Application startup failed
org.springframework.beans.factory.UnsatisfiedDependencyException: Error creating bean with name 'expressController': Unsatisfied dependency expressed through field 'expressService': No qualifying bean of type [cn.com.third.express.service.ExpressService] found for dependency [cn.com.third.express.service.ExpressService]: expected at least 1 bean which qualifies as autowire candidate for this dependency. Dependency annotations: {@org.springframework.beans.factory.annotation.Autowired(required=true)}; nested exception is org.springframework.beans.factory.NoSuchBeanDefinitionException: No qualifying bean of type [cn.com.third.express.service.ExpressService] found for dependency [cn.com.third.express.service.ExpressService]: expected at least 1 bean which qualifies as autowire candidate for this dependency. Dependency annotations: {@org.springframework.beans.factory.annotation.Autowired(required=true)}
	at org.springframework.beans.factory.annotation.AutowiredAnnotationBeanPostProcessor$AutowiredFieldElement.inject(AutowiredAnnotationBeanPostProcessor.java:569)
	at org.springframework.beans.factory.annotation.InjectionMetadata.inject(InjectionMetadata.java:88)
	at org.springframework.beans.factory.annotation.AutowiredAnnotationBeanPostProcessor.postProcessPropertyValues(AutowiredAnnotationBeanPostProcessor.java:349)
	at org.springframework.beans.factory.support.AbstractAutowireCapableBeanFactory.populateBean(AbstractAutowireCapableBeanFactory.java:1214)
	at org.springframework.beans.factory.support.AbstractAutowireCapableBeanFactory.doCreateBean(AbstractAutowireCapableBeanFactory.java:543)
	at org.springframework.beans.factory.support.AbstractAutowireCapableBeanFactory.createBean(AbstractAutowireCapableBeanFactory.java:482)
	at org.springframework.beans.factory.support.AbstractBeanFactory$1.getObject(AbstractBeanFactory.java:306)
	at org.springframework.beans.factory.support.DefaultSingletonBeanRegistry.getSingleton(DefaultSingletonBeanRegistry.java:230)
	at org.springframework.beans.factory.support.AbstractBeanFactory.doGetBean(AbstractBeanFactory.java:302)
	at org.springframework.beans.factory.support.AbstractBeanFactory.getBean(AbstractBeanFactory.java:197)
	at org.springframework.beans.factory.support.DefaultListableBeanFactory.preInstantiateSingletons(DefaultListableBeanFactory.java:776)
	at org.springframework.context.support.AbstractApplicationContext.finishBeanFactoryInitialization(AbstractApplicationContext.java:861)
	at org.springframework.context.support.AbstractApplicationContext.refresh(AbstractApplicationContext.java:541)
	at org.springframework.boot.context.embedded.EmbeddedWebApplicationContext.refresh(EmbeddedWebApplicationContext.java:122)
	at org.springframework.boot.SpringApplication.refresh(SpringApplication.java:759)
	at org.springframework.boot.SpringApplication.refreshContext(SpringApplication.java:369)
	at org.springframework.boot.SpringApplication.run(SpringApplication.java:313)
	at org.springframework.boot.SpringApplication.run(SpringApplication.java:1185)
	at org.springframework.boot.SpringApplication.run(SpringApplication.java:1174)
	at cn.com.App.main(App.java:24)
	at sun.reflect.NativeMethodAccessorImpl.invoke0(Native Method)
	at sun.reflect.NativeMethodAccessorImpl.invoke(NativeMethodAccessorImpl.java:57)
	at sun.reflect.DelegatingMethodAccessorImpl.invoke(DelegatingMethodAccessorImpl.java:43)
	at java.lang.reflect.Method.invoke(Method.java:606)
	at org.springframework.boot.devtools.restart.RestartLauncher.run(RestartLauncher.java:49)
Caused by: org.springframework.beans.factory.NoSuchBeanDefinitionException: No qualifying bean of type [cn.com.third.express.service.ExpressService] found for dependency [cn.com.third.express.service.ExpressService]: expected at least 1 bean which qualifies as autowire candidate for this dependency. Dependency annotations: {@org.springframework.beans.factory.annotation.Autowired(required=true)}
	at org.springframework.beans.factory.support.DefaultListableBeanFactory.raiseNoMatchingBeanFound(DefaultListableBeanFactory.java:1406)
	at org.springframework.beans.factory.support.DefaultListableBeanFactory.doResolveDependency(DefaultListableBeanFactory.java:1057)
	at org.springframework.beans.factory.support.DefaultListableBeanFactory.resolveDependency(DefaultListableBeanFactory.java:1019)
	at org.springframework.beans.factory.annotation.AutowiredAnnotationBeanPostProcessor$AutowiredFieldElement.inject(AutowiredAnnotationBeanPostProcessor.java:566)
	... 24 common frames omitted
spring-boot-starter-redis is deprecated as of Spring Boot 1.4, please migrate to spring-boot-starter-data-redis
spring-boot-starter-redis is deprecated as of Spring Boot 1.4, please migrate to spring-boot-starter-data-redis
Hello Job执行时间: Wed May 09 13:49:00 CST 2018
Hello Job执行时间: Wed May 09 13:49:09 CST 2018
Hello Job执行时间: Wed May 09 13:49:30 CST 2018
Hello Job执行时间: Wed May 09 13:49:31 CST 2018
Hello Job执行时间: Wed May 09 13:50:00 CST 2018
Hello Job执行时间: Wed May 09 13:50:09 CST 2018
Hello Job执行时间: Wed May 09 13:50:30 CST 2018
Hello Job执行时间: Wed May 09 13:51:00 CST 2018
Hello Job执行时间: Wed May 09 13:51:30 CST 2018
Hello Job执行时间: Wed May 09 13:52:00 CST 2018
Hello Job执行时间: Wed May 09 13:52:30 CST 2018
Hello Job执行时间: Wed May 09 13:53:00 CST 2018
Hello Job执行时间: Wed May 09 13:53:30 CST 2018
Hello Job执行时间: Wed May 09 13:54:00 CST 2018
查询物流信息异常:Unrecognized field "LogisticCode" (class cn.com.third.express.bean.ExpressInfo), not marked as ignorable (6 known properties: "ebusinessID", "state", "success", "logisticCode", "traces", "shipperCode"])
 at [Source: {  "LogisticCode" : "486112478025",  "ShipperCode" : "ZTO",  "Traces" : [ {    "AcceptStation" : "【南京市】  【南京新马群】（025-84120399、025-52721559、025-52831559） 的 雨伞-新马群 （13912902823） 已揽收",    "AcceptTime" : "2018-03-31 19:34:03"  }, {    "AcceptStation" : "【南京市】  快件离开 【南京新马群】 发往 【芜湖】",    "AcceptTime" : "2018-03-31 20:30:36"  }, {    "AcceptStation" : "【上海市】  快件离开 【上海】 发往 【芜湖中转部】",    "AcceptTime" : "2018-04-01 18:39:13"  }, {    "AcceptStation" : "【芜湖市】  快件到达 【芜湖中转部】",    "AcceptTime" : "2018-04-02 06:06:42"  }, {    "AcceptStation" : "【芜湖市】  快件离开 【芜湖中转部】 发往 【芜湖繁昌县】",    "AcceptTime" : "2018-04-02 07:09:05"  }, {    "AcceptStation" : "【芜湖市】  快件到达 【芜湖繁昌县】",    "AcceptTime" : "2018-04-02 09:48:02"  }, {    "AcceptStation" : "【芜湖市】  快件离开 【芜湖繁昌县】 发往 【繁昌华电】",    "AcceptTime" : "2018-04-02 10:04:18"  }, {    "AcceptStation" : "【芜湖市】  快件到达 【繁昌华电】",    "AcceptTime" : "2018-04-02 10:04:24"  }, {    "AcceptStation" : "【芜湖市】  【繁昌华电】 的华电小区代理点（17756524339） 正在第1次派件, 请保持电话畅通,并耐心等待",    "AcceptTime" : "2018-04-02 10:20:18"  }, {    "AcceptStation" : "【芜湖市】  快件已在 【繁昌华电】 签收,签收人: 代理点签收, 感谢使用中通快递,期待再次为您服务!",    "AcceptTime" : "2018-04-02 14:55:04"  } ],  "State" : "3",  "EBusinessID" : "1332314",  "Success" : true}; line: 1, column: 22] (through reference chain: cn.com.third.express.bean.ExpressInfo["LogisticCode"])
Hello Job执行时间: Wed May 09 13:54:18 CST 2018
spring-boot-starter-redis is deprecated as of Spring Boot 1.4, please migrate to spring-boot-starter-data-redis
Hello Job执行时间: Wed May 09 13:55:00 CST 2018
spring-boot-starter-redis is deprecated as of Spring Boot 1.4, please migrate to spring-boot-starter-data-redis
Hello Job执行时间: Wed May 09 13:58:08 CST 2018
MisfireHandler: Error handling misfires: Couldn't store trigger 'test.cn.com.base.job.job.HelloJob' for 'test.cn.com.base.job.job.HelloJob' job:An SQLException was provoked by the following failure: java.lang.InterruptedException
org.quartz.JobPersistenceException: Couldn't store trigger 'test.cn.com.base.job.job.HelloJob' for 'test.cn.com.base.job.job.HelloJob' job:An SQLException was provoked by the following failure: java.lang.InterruptedException
	at org.quartz.impl.jdbcjobstore.JobStoreSupport.storeTrigger(JobStoreSupport.java:1223)
	at org.quartz.impl.jdbcjobstore.JobStoreSupport.doUpdateOfMisfiredTrigger(JobStoreSupport.java:1037)
	at org.quartz.impl.jdbcjobstore.JobStoreSupport.recoverMisfiredJobs(JobStoreSupport.java:986)
	at org.quartz.impl.jdbcjobstore.JobStoreSupport.doRecoverMisfires(JobStoreSupport.java:3203)
	at org.quartz.impl.jdbcjobstore.JobStoreSupport$MisfireHandler.manage(JobStoreSupport.java:3951)
	at org.quartz.impl.jdbcjobstore.JobStoreSupport$MisfireHandler.run(JobStoreSupport.java:3972)
Caused by: java.sql.SQLException: An SQLException was provoked by the following failure: java.lang.InterruptedException
	at com.mchange.v2.sql.SqlUtils.toSQLException(SqlUtils.java:106)
	at com.mchange.v2.sql.SqlUtils.toSQLException(SqlUtils.java:65)
	at com.mchange.v2.sql.SqlUtils.toSQLException(SqlUtils.java:62)
	at com.mchange.v2.c3p0.stmt.GooGooStatementCache.acquireStatement(GooGooStatementCache.java:562)
	at com.mchange.v2.c3p0.stmt.GooGooStatementCache.checkoutStatement(GooGooStatementCache.java:168)
	at com.mchange.v2.c3p0.impl.NewPooledConnection.checkoutStatement(NewPooledConnection.java:234)
	at com.mchange.v2.c3p0.impl.NewProxyConnection.prepareStatement(NewProxyConnection.java:199)
	at sun.reflect.GeneratedMethodAccessor49.invoke(Unknown Source)
	at sun.reflect.DelegatingMethodAccessorImpl.invoke(DelegatingMethodAccessorImpl.java:43)
	at java.lang.reflect.Method.invoke(Method.java:606)
	at org.quartz.impl.jdbcjobstore.AttributeRestoringConnectionInvocationHandler.invoke(AttributeRestoringConnectionInvocationHandler.java:73)
	at com.sun.proxy.$Proxy108.prepareStatement(Unknown Source)
	at org.quartz.impl.jdbcjobstore.StdJDBCDelegate.updateTrigger(StdJDBCDelegate.java:1176)
	at org.quartz.impl.jdbcjobstore.JobStoreSupport.storeTrigger(JobStoreSupport.java:1218)
	... 5 common frames omitted
Caused by: java.lang.InterruptedException: null
	at java.lang.Object.wait(Native Method)
	at java.lang.Object.wait(Object.java:503)
	at com.mchange.v2.c3p0.stmt.GooGooStatementCache.acquireStatement(GooGooStatementCache.java:552)
	... 15 common frames omitted
spring-boot-starter-redis is deprecated as of Spring Boot 1.4, please migrate to spring-boot-starter-data-redis
Hello Job执行时间: Wed May 09 13:59:00 CST 2018
Hello Job执行时间: Wed May 09 13:59:30 CST 2018
spring-boot-starter-redis is deprecated as of Spring Boot 1.4, please migrate to spring-boot-starter-data-redis
Hello Job执行时间: Wed May 09 14:00:00 CST 2018
Hello Job执行时间: Wed May 09 14:00:16 CST 2018
Hello Job执行时间: Wed May 09 14:00:30 CST 2018
Hello Job执行时间: Wed May 09 14:01:00 CST 2018
Hello Job执行时间: Wed May 09 14:01:30 CST 2018
Hello Job执行时间: Wed May 09 14:02:00 CST 2018
Hello Job执行时间: Wed May 09 14:02:30 CST 2018
Hello Job执行时间: Wed May 09 14:03:00 CST 2018
spring-boot-starter-redis is deprecated as of Spring Boot 1.4, please migrate to spring-boot-starter-data-redis
Hello Job执行时间: Wed May 09 14:04:00 CST 2018
Hello Job执行时间: Wed May 09 14:04:30 CST 2018
Hello Job执行时间: Wed May 09 14:05:00 CST 2018
spring-boot-starter-redis is deprecated as of Spring Boot 1.4, please migrate to spring-boot-starter-data-redis
Hello Job执行时间: Wed May 09 14:05:30 CST 2018
Hello Job执行时间: Wed May 09 14:05:34 CST 2018
Hello Job执行时间: Wed May 09 14:06:00 CST 2018
Hello Job执行时间: Wed May 09 14:06:30 CST 2018
Hello Job执行时间: Wed May 09 14:07:00 CST 2018
Runtime error occurred in main trigger firing loop.
java.lang.IllegalStateException: JobStore is shutdown - aborting retry
	at org.quartz.impl.jdbcjobstore.JobStoreSupport.retryExecuteInNonManagedTXLock(JobStoreSupport.java:3772)
	at org.quartz.impl.jdbcjobstore.JobStoreSupport.releaseAcquiredTrigger(JobStoreSupport.java:2881)
	at org.quartz.core.QuartzSchedulerThread.releaseIfScheduleChangedSignificantly(QuartzSchedulerThread.java:432)
	at org.quartz.core.QuartzSchedulerThread.run(QuartzSchedulerThread.java:316)
Exception encountered during context initialization - cancelling refresh attempt: org.springframework.beans.factory.UnsatisfiedDependencyException: Error creating bean with name 'expressController': Unsatisfied dependency expressed through field 'expressService': No qualifying bean of type [cn.com.third.express.service.ExpressService] found for dependency [cn.com.third.express.service.ExpressService]: expected at least 1 bean which qualifies as autowire candidate for this dependency. Dependency annotations: {@org.springframework.beans.factory.annotation.Autowired(required=true)}; nested exception is org.springframework.beans.factory.NoSuchBeanDefinitionException: No qualifying bean of type [cn.com.third.express.service.ExpressService] found for dependency [cn.com.third.express.service.ExpressService]: expected at least 1 bean which qualifies as autowire candidate for this dependency. Dependency annotations: {@org.springframework.beans.factory.annotation.Autowired(required=true)}
The web application [hxcollectionapi] appears to have started a thread named [DefaultQuartzScheduler_Worker-1] but has failed to stop it. This is very likely to create a memory leak. Stack trace of thread:
 java.lang.Object.wait(Native Method)
 org.quartz.simpl.SimpleThreadPool$WorkerThread.run(SimpleThreadPool.java:568)
The web application [hxcollectionapi] appears to have started a thread named [DefaultQuartzScheduler_Worker-2] but has failed to stop it. This is very likely to create a memory leak. Stack trace of thread:
 java.lang.Object.wait(Native Method)
 org.quartz.simpl.SimpleThreadPool$WorkerThread.run(SimpleThreadPool.java:568)
The web application [hxcollectionapi] appears to have started a thread named [DefaultQuartzScheduler_Worker-3] but has failed to stop it. This is very likely to create a memory leak. Stack trace of thread:
 java.lang.Object.wait(Native Method)
 org.quartz.simpl.SimpleThreadPool$WorkerThread.run(SimpleThreadPool.java:568)
The web application [hxcollectionapi] appears to have started a thread named [DefaultQuartzScheduler_Worker-4] but has failed to stop it. This is very likely to create a memory leak. Stack trace of thread:
 java.lang.Object.wait(Native Method)
 org.quartz.simpl.SimpleThreadPool$WorkerThread.run(SimpleThreadPool.java:568)
The web application [hxcollectionapi] appears to have started a thread named [DefaultQuartzScheduler_Worker-5] but has failed to stop it. This is very likely to create a memory leak. Stack trace of thread:
 java.lang.Object.wait(Native Method)
 org.quartz.simpl.SimpleThreadPool$WorkerThread.run(SimpleThreadPool.java:568)
The web application [hxcollectionapi] appears to have started a thread named [DefaultQuartzScheduler_Worker-6] but has failed to stop it. This is very likely to create a memory leak. Stack trace of thread:
 java.lang.Object.wait(Native Method)
 org.quartz.simpl.SimpleThreadPool$WorkerThread.run(SimpleThreadPool.java:568)
The web application [hxcollectionapi] appears to have started a thread named [DefaultQuartzScheduler_Worker-7] but has failed to stop it. This is very likely to create a memory leak. Stack trace of thread:
 java.lang.Object.wait(Native Method)
 org.quartz.simpl.SimpleThreadPool$WorkerThread.run(SimpleThreadPool.java:568)
The web application [hxcollectionapi] appears to have started a thread named [DefaultQuartzScheduler_Worker-8] but has failed to stop it. This is very likely to create a memory leak. Stack trace of thread:
 java.lang.Object.wait(Native Method)
 org.quartz.simpl.SimpleThreadPool$WorkerThread.run(SimpleThreadPool.java:568)
The web application [hxcollectionapi] appears to have started a thread named [DefaultQuartzScheduler_Worker-9] but has failed to stop it. This is very likely to create a memory leak. Stack trace of thread:
 java.lang.Object.wait(Native Method)
 org.quartz.simpl.SimpleThreadPool$WorkerThread.run(SimpleThreadPool.java:568)
The web application [hxcollectionapi] appears to have started a thread named [DefaultQuartzScheduler_Worker-10] but has failed to stop it. This is very likely to create a memory leak. Stack trace of thread:
 java.lang.Object.wait(Native Method)
 org.quartz.simpl.SimpleThreadPool$WorkerThread.run(SimpleThreadPool.java:568)
Application startup failed
org.springframework.beans.factory.UnsatisfiedDependencyException: Error creating bean with name 'expressController': Unsatisfied dependency expressed through field 'expressService': No qualifying bean of type [cn.com.third.express.service.ExpressService] found for dependency [cn.com.third.express.service.ExpressService]: expected at least 1 bean which qualifies as autowire candidate for this dependency. Dependency annotations: {@org.springframework.beans.factory.annotation.Autowired(required=true)}; nested exception is org.springframework.beans.factory.NoSuchBeanDefinitionException: No qualifying bean of type [cn.com.third.express.service.ExpressService] found for dependency [cn.com.third.express.service.ExpressService]: expected at least 1 bean which qualifies as autowire candidate for this dependency. Dependency annotations: {@org.springframework.beans.factory.annotation.Autowired(required=true)}
	at org.springframework.beans.factory.annotation.AutowiredAnnotationBeanPostProcessor$AutowiredFieldElement.inject(AutowiredAnnotationBeanPostProcessor.java:569)
	at org.springframework.beans.factory.annotation.InjectionMetadata.inject(InjectionMetadata.java:88)
	at org.springframework.beans.factory.annotation.AutowiredAnnotationBeanPostProcessor.postProcessPropertyValues(AutowiredAnnotationBeanPostProcessor.java:349)
	at org.springframework.beans.factory.support.AbstractAutowireCapableBeanFactory.populateBean(AbstractAutowireCapableBeanFactory.java:1214)
	at org.springframework.beans.factory.support.AbstractAutowireCapableBeanFactory.doCreateBean(AbstractAutowireCapableBeanFactory.java:543)
	at org.springframework.beans.factory.support.AbstractAutowireCapableBeanFactory.createBean(AbstractAutowireCapableBeanFactory.java:482)
	at org.springframework.beans.factory.support.AbstractBeanFactory$1.getObject(AbstractBeanFactory.java:306)
	at org.springframework.beans.factory.support.DefaultSingletonBeanRegistry.getSingleton(DefaultSingletonBeanRegistry.java:230)
	at org.springframework.beans.factory.support.AbstractBeanFactory.doGetBean(AbstractBeanFactory.java:302)
	at org.springframework.beans.factory.support.AbstractBeanFactory.getBean(AbstractBeanFactory.java:197)
	at org.springframework.beans.factory.support.DefaultListableBeanFactory.preInstantiateSingletons(DefaultListableBeanFactory.java:776)
	at org.springframework.context.support.AbstractApplicationContext.finishBeanFactoryInitialization(AbstractApplicationContext.java:861)
	at org.springframework.context.support.AbstractApplicationContext.refresh(AbstractApplicationContext.java:541)
	at org.springframework.boot.context.embedded.EmbeddedWebApplicationContext.refresh(EmbeddedWebApplicationContext.java:122)
	at org.springframework.boot.SpringApplication.refresh(SpringApplication.java:759)
	at org.springframework.boot.SpringApplication.refreshContext(SpringApplication.java:369)
	at org.springframework.boot.SpringApplication.run(SpringApplication.java:313)
	at org.springframework.boot.SpringApplication.run(SpringApplication.java:1185)
	at org.springframework.boot.SpringApplication.run(SpringApplication.java:1174)
	at cn.com.App.main(App.java:24)
	at sun.reflect.NativeMethodAccessorImpl.invoke0(Native Method)
	at sun.reflect.NativeMethodAccessorImpl.invoke(NativeMethodAccessorImpl.java:57)
	at sun.reflect.DelegatingMethodAccessorImpl.invoke(DelegatingMethodAccessorImpl.java:43)
	at java.lang.reflect.Method.invoke(Method.java:606)
	at org.springframework.boot.devtools.restart.RestartLauncher.run(RestartLauncher.java:49)
Caused by: org.springframework.beans.factory.NoSuchBeanDefinitionException: No qualifying bean of type [cn.com.third.express.service.ExpressService] found for dependency [cn.com.third.express.service.ExpressService]: expected at least 1 bean which qualifies as autowire candidate for this dependency. Dependency annotations: {@org.springframework.beans.factory.annotation.Autowired(required=true)}
	at org.springframework.beans.factory.support.DefaultListableBeanFactory.raiseNoMatchingBeanFound(DefaultListableBeanFactory.java:1406)
	at org.springframework.beans.factory.support.DefaultListableBeanFactory.doResolveDependency(DefaultListableBeanFactory.java:1057)
	at org.springframework.beans.factory.support.DefaultListableBeanFactory.resolveDependency(DefaultListableBeanFactory.java:1019)
	at org.springframework.beans.factory.annotation.AutowiredAnnotationBeanPostProcessor$AutowiredFieldElement.inject(AutowiredAnnotationBeanPostProcessor.java:566)
	... 24 common frames omitted
spring-boot-starter-redis is deprecated as of Spring Boot 1.4, please migrate to spring-boot-starter-data-redis
spring-boot-starter-redis is deprecated as of Spring Boot 1.4, please migrate to spring-boot-starter-data-redis
Hello Job执行时间: Wed May 09 14:08:00 CST 2018
Hello Job执行时间: Wed May 09 14:08:30 CST 2018
Hello Job执行时间: Wed May 09 14:09:00 CST 2018
spring-boot-starter-redis is deprecated as of Spring Boot 1.4, please migrate to spring-boot-starter-data-redis
Hello Job执行时间: Wed May 09 14:09:30 CST 2018
Hello Job执行时间: Wed May 09 14:09:37 CST 2018
Hello Job执行时间: Wed May 09 14:10:00 CST 2018
Hello Job执行时间: Wed May 09 14:10:30 CST 2018
Hello Job执行时间: Wed May 09 14:11:00 CST 2018
Hello Job执行时间: Wed May 09 14:11:30 CST 2018
Hello Job执行时间: Wed May 09 14:12:00 CST 2018
Hello Job执行时间: Wed May 09 14:12:30 CST 2018
Hello Job执行时间: Wed May 09 14:13:00 CST 2018
Hello Job执行时间: Wed May 09 14:13:30 CST 2018
Hello Job执行时间: Wed May 09 14:14:00 CST 2018
Hello Job执行时间: Wed May 09 14:14:30 CST 2018
Hello Job执行时间: Wed May 09 14:15:00 CST 2018
Hello Job执行时间: Wed May 09 14:15:30 CST 2018
Hello Job执行时间: Wed May 09 14:16:00 CST 2018
Hello Job执行时间: Wed May 09 14:16:30 CST 2018
Hello Job执行时间: Wed May 09 14:17:00 CST 2018
Hello Job执行时间: Wed May 09 14:17:30 CST 2018
Hello Job执行时间: Wed May 09 14:18:00 CST 2018
Hello Job执行时间: Wed May 09 14:18:30 CST 2018
Hello Job执行时间: Wed May 09 14:19:00 CST 2018
Hello Job执行时间: Wed May 09 14:19:30 CST 2018
Hello Job执行时间: Wed May 09 14:20:00 CST 2018
Hello Job执行时间: Wed May 09 14:20:30 CST 2018
Hello Job执行时间: Wed May 09 14:21:00 CST 2018
Hello Job执行时间: Wed May 09 14:21:30 CST 2018
Hello Job执行时间: Wed May 09 14:22:00 CST 2018
Hello Job执行时间: Wed May 09 14:22:30 CST 2018
Hello Job执行时间: Wed May 09 14:23:00 CST 2018
Hello Job执行时间: Wed May 09 14:23:30 CST 2018
Hello Job执行时间: Wed May 09 14:24:00 CST 2018
Hello Job执行时间: Wed May 09 14:24:30 CST 2018
Hello Job执行时间: Wed May 09 14:25:00 CST 2018
Hello Job执行时间: Wed May 09 14:25:30 CST 2018
Hello Job执行时间: Wed May 09 14:26:00 CST 2018
Hello Job执行时间: Wed May 09 14:26:30 CST 2018
Hello Job执行时间: Wed May 09 14:27:00 CST 2018
Hello Job执行时间: Wed May 09 14:27:30 CST 2018
Hello Job执行时间: Wed May 09 14:28:00 CST 2018
Hello Job执行时间: Wed May 09 14:28:30 CST 2018
Hello Job执行时间: Wed May 09 14:29:00 CST 2018
Hello Job执行时间: Wed May 09 14:29:30 CST 2018
Hello Job执行时间: Wed May 09 14:30:00 CST 2018
Hello Job执行时间: Wed May 09 14:30:30 CST 2018
Hello Job执行时间: Wed May 09 14:31:00 CST 2018
Hello Job执行时间: Wed May 09 14:31:30 CST 2018
Hello Job执行时间: Wed May 09 14:32:00 CST 2018
Hello Job执行时间: Wed May 09 14:32:30 CST 2018
Hello Job执行时间: Wed May 09 14:33:00 CST 2018
Hello Job执行时间: Wed May 09 14:33:30 CST 2018
Hello Job执行时间: Wed May 09 14:34:00 CST 2018
Hello Job执行时间: Wed May 09 14:34:30 CST 2018
Hello Job执行时间: Wed May 09 14:35:00 CST 2018
Hello Job执行时间: Wed May 09 14:35:30 CST 2018
Hello Job执行时间: Wed May 09 14:36:00 CST 2018
Hello Job执行时间: Wed May 09 14:36:30 CST 2018
Hello Job执行时间: Wed May 09 14:37:00 CST 2018
Hello Job执行时间: Wed May 09 14:37:30 CST 2018
Hello Job执行时间: Wed May 09 14:38:00 CST 2018
Hello Job执行时间: Wed May 09 14:38:30 CST 2018
Hello Job执行时间: Wed May 09 14:39:00 CST 2018
Hello Job执行时间: Wed May 09 14:39:30 CST 2018
Hello Job执行时间: Wed May 09 14:40:00 CST 2018
Hello Job执行时间: Wed May 09 14:40:30 CST 2018
Hello Job执行时间: Wed May 09 14:41:00 CST 2018
Hello Job执行时间: Wed May 09 14:41:30 CST 2018
Hello Job执行时间: Wed May 09 14:42:00 CST 2018
Hello Job执行时间: Wed May 09 14:42:30 CST 2018
Hello Job执行时间: Wed May 09 14:43:00 CST 2018
Hello Job执行时间: Wed May 09 14:43:30 CST 2018
Hello Job执行时间: Wed May 09 14:44:00 CST 2018
Hello Job执行时间: Wed May 09 14:44:30 CST 2018
Hello Job执行时间: Wed May 09 14:45:00 CST 2018
Hello Job执行时间: Wed May 09 14:45:30 CST 2018
Hello Job执行时间: Wed May 09 14:46:00 CST 2018
Hello Job执行时间: Wed May 09 14:46:30 CST 2018
Hello Job执行时间: Wed May 09 14:47:00 CST 2018
Hello Job执行时间: Wed May 09 14:47:30 CST 2018
Hello Job执行时间: Wed May 09 14:48:00 CST 2018
Hello Job执行时间: Wed May 09 14:48:30 CST 2018
Hello Job执行时间: Wed May 09 14:49:00 CST 2018
Hello Job执行时间: Wed May 09 14:49:30 CST 2018
Hello Job执行时间: Wed May 09 14:50:00 CST 2018
Hello Job执行时间: Wed May 09 14:50:30 CST 2018
Hello Job执行时间: Wed May 09 14:51:00 CST 2018
Hello Job执行时间: Wed May 09 14:51:30 CST 2018
Hello Job执行时间: Wed May 09 14:52:00 CST 2018
Hello Job执行时间: Wed May 09 14:52:30 CST 2018
Hello Job执行时间: Wed May 09 14:53:00 CST 2018
Hello Job执行时间: Wed May 09 14:53:30 CST 2018
Hello Job执行时间: Wed May 09 14:54:00 CST 2018
Hello Job执行时间: Wed May 09 14:54:30 CST 2018
Hello Job执行时间: Wed May 09 14:55:00 CST 2018
Hello Job执行时间: Wed May 09 14:55:30 CST 2018
Hello Job执行时间: Wed May 09 14:56:00 CST 2018
Hello Job执行时间: Wed May 09 14:56:30 CST 2018
Hello Job执行时间: Wed May 09 14:57:00 CST 2018
Hello Job执行时间: Wed May 09 14:57:30 CST 2018
Hello Job执行时间: Wed May 09 14:58:00 CST 2018
Hello Job执行时间: Wed May 09 14:58:30 CST 2018
Hello Job执行时间: Wed May 09 14:59:00 CST 2018
Hello Job执行时间: Wed May 09 14:59:30 CST 2018
Hello Job执行时间: Wed May 09 15:00:00 CST 2018
Hello Job执行时间: Wed May 09 15:00:30 CST 2018
Hello Job执行时间: Wed May 09 15:01:00 CST 2018
Hello Job执行时间: Wed May 09 15:01:30 CST 2018
Hello Job执行时间: Wed May 09 15:02:00 CST 2018
Hello Job执行时间: Wed May 09 15:02:30 CST 2018
Hello Job执行时间: Wed May 09 15:03:00 CST 2018
Hello Job执行时间: Wed May 09 15:03:30 CST 2018
Hello Job执行时间: Wed May 09 15:04:00 CST 2018
Hello Job执行时间: Wed May 09 15:04:30 CST 2018
Hello Job执行时间: Wed May 09 15:05:00 CST 2018
Hello Job执行时间: Wed May 09 15:05:30 CST 2018
Hello Job执行时间: Wed May 09 15:06:00 CST 2018
Hello Job执行时间: Wed May 09 15:06:30 CST 2018
Hello Job执行时间: Wed May 09 15:07:00 CST 2018
Hello Job执行时间: Wed May 09 15:07:30 CST 2018
Hello Job执行时间: Wed May 09 15:08:00 CST 2018
Hello Job执行时间: Wed May 09 15:08:30 CST 2018
Hello Job执行时间: Wed May 09 15:09:00 CST 2018
Hello Job执行时间: Wed May 09 15:09:30 CST 2018
Hello Job执行时间: Wed May 09 15:10:00 CST 2018
Hello Job执行时间: Wed May 09 15:10:30 CST 2018
Hello Job执行时间: Wed May 09 15:11:00 CST 2018
Hello Job执行时间: Wed May 09 15:11:30 CST 2018
Hello Job执行时间: Wed May 09 15:12:00 CST 2018
Hello Job执行时间: Wed May 09 15:12:30 CST 2018
Hello Job执行时间: Wed May 09 15:13:00 CST 2018
Hello Job执行时间: Wed May 09 15:13:30 CST 2018
Hello Job执行时间: Wed May 09 15:14:00 CST 2018
Hello Job执行时间: Wed May 09 15:14:30 CST 2018
Hello Job执行时间: Wed May 09 15:15:00 CST 2018
Hello Job执行时间: Wed May 09 15:15:30 CST 2018
Hello Job执行时间: Wed May 09 15:16:00 CST 2018
Hello Job执行时间: Wed May 09 15:16:30 CST 2018
Hello Job执行时间: Wed May 09 15:17:00 CST 2018
Hello Job执行时间: Wed May 09 15:17:30 CST 2018
Hello Job执行时间: Wed May 09 15:18:00 CST 2018
Hello Job执行时间: Wed May 09 15:18:30 CST 2018
Hello Job执行时间: Wed May 09 15:19:00 CST 2018
Hello Job执行时间: Wed May 09 15:19:30 CST 2018
Hello Job执行时间: Wed May 09 15:20:00 CST 2018
Hello Job执行时间: Wed May 09 15:20:30 CST 2018
Hello Job执行时间: Wed May 09 15:21:00 CST 2018
Hello Job执行时间: Wed May 09 15:21:30 CST 2018
Hello Job执行时间: Wed May 09 15:22:00 CST 2018
Hello Job执行时间: Wed May 09 15:22:30 CST 2018
Hello Job执行时间: Wed May 09 15:23:00 CST 2018
Hello Job执行时间: Wed May 09 15:23:30 CST 2018
Hello Job执行时间: Wed May 09 15:24:00 CST 2018
Hello Job执行时间: Wed May 09 15:24:30 CST 2018
Hello Job执行时间: Wed May 09 15:25:00 CST 2018
Hello Job执行时间: Wed May 09 15:25:30 CST 2018
Hello Job执行时间: Wed May 09 15:26:00 CST 2018
Hello Job执行时间: Wed May 09 15:26:30 CST 2018
Hello Job执行时间: Wed May 09 15:27:00 CST 2018
Hello Job执行时间: Wed May 09 15:27:30 CST 2018
Hello Job执行时间: Wed May 09 15:28:00 CST 2018
Hello Job执行时间: Wed May 09 15:28:30 CST 2018
Hello Job执行时间: Wed May 09 15:29:00 CST 2018
Hello Job执行时间: Wed May 09 15:29:30 CST 2018
Hello Job执行时间: Wed May 09 15:30:00 CST 2018
Hello Job执行时间: Wed May 09 15:30:30 CST 2018
Hello Job执行时间: Wed May 09 15:31:00 CST 2018
Hello Job执行时间: Wed May 09 15:31:30 CST 2018
Hello Job执行时间: Wed May 09 15:32:00 CST 2018
Hello Job执行时间: Wed May 09 15:32:30 CST 2018
Hello Job执行时间: Wed May 09 15:33:00 CST 2018
Hello Job执行时间: Wed May 09 15:33:30 CST 2018
Hello Job执行时间: Wed May 09 15:34:00 CST 2018
Hello Job执行时间: Wed May 09 15:34:30 CST 2018
Hello Job执行时间: Wed May 09 15:35:00 CST 2018
Hello Job执行时间: Wed May 09 15:35:30 CST 2018
Hello Job执行时间: Wed May 09 15:36:00 CST 2018
Hello Job执行时间: Wed May 09 15:36:30 CST 2018
Hello Job执行时间: Wed May 09 15:37:00 CST 2018
Hello Job执行时间: Wed May 09 15:37:30 CST 2018
Hello Job执行时间: Wed May 09 15:38:00 CST 2018
Hello Job执行时间: Wed May 09 15:38:30 CST 2018
Hello Job执行时间: Wed May 09 15:39:00 CST 2018
Hello Job执行时间: Wed May 09 15:39:30 CST 2018
Hello Job执行时间: Wed May 09 15:40:00 CST 2018
Hello Job执行时间: Wed May 09 15:40:30 CST 2018
Hello Job执行时间: Wed May 09 15:41:00 CST 2018
Hello Job执行时间: Wed May 09 15:42:00 CST 2018
Hello Job执行时间: Wed May 09 15:42:30 CST 2018
Hello Job执行时间: Wed May 09 15:43:00 CST 2018
Hello Job执行时间: Wed May 09 15:43:30 CST 2018
Hello Job执行时间: Wed May 09 15:44:00 CST 2018
Hello Job执行时间: Wed May 09 15:44:30 CST 2018
Hello Job执行时间: Wed May 09 15:45:00 CST 2018
Hello Job执行时间: Wed May 09 15:45:30 CST 2018
Hello Job执行时间: Wed May 09 15:46:00 CST 2018
Hello Job执行时间: Wed May 09 15:46:30 CST 2018
Hello Job执行时间: Wed May 09 15:47:00 CST 2018
Hello Job执行时间: Wed May 09 15:47:30 CST 2018
Hello Job执行时间: Wed May 09 15:48:00 CST 2018
Hello Job执行时间: Wed May 09 15:48:30 CST 2018
Hello Job执行时间: Wed May 09 15:49:00 CST 2018
Hello Job执行时间: Wed May 09 15:49:30 CST 2018
Hello Job执行时间: Wed May 09 15:50:00 CST 2018
Hello Job执行时间: Wed May 09 15:50:30 CST 2018
Hello Job执行时间: Wed May 09 15:51:00 CST 2018
Hello Job执行时间: Wed May 09 15:51:30 CST 2018
Hello Job执行时间: Wed May 09 15:52:00 CST 2018
Hello Job执行时间: Wed May 09 15:52:30 CST 2018
Hello Job执行时间: Wed May 09 15:53:00 CST 2018
Hello Job执行时间: Wed May 09 15:53:30 CST 2018
Hello Job执行时间: Wed May 09 15:54:00 CST 2018
Hello Job执行时间: Wed May 09 15:54:30 CST 2018
Hello Job执行时间: Wed May 09 15:55:00 CST 2018
Hello Job执行时间: Wed May 09 15:55:30 CST 2018
Hello Job执行时间: Wed May 09 15:56:00 CST 2018
Exception encountered during context initialization - cancelling refresh attempt: org.springframework.beans.factory.BeanDefinitionStoreException: Failed to parse configuration class [cn.com.App]; nested exception is java.io.FileNotFoundException: class path resource [cn/com/base/util/BaseLogger.class] cannot be opened because it does not exist
Application startup failed
org.springframework.beans.factory.BeanDefinitionStoreException: Failed to parse configuration class [cn.com.App]; nested exception is java.io.FileNotFoundException: class path resource [cn/com/base/util/BaseLogger.class] cannot be opened because it does not exist
	at org.springframework.context.annotation.ConfigurationClassParser.parse(ConfigurationClassParser.java:187)
	at org.springframework.context.annotation.ConfigurationClassPostProcessor.processConfigBeanDefinitions(ConfigurationClassPostProcessor.java:321)
	at org.springframework.context.annotation.ConfigurationClassPostProcessor.postProcessBeanDefinitionRegistry(ConfigurationClassPostProcessor.java:243)
	at org.springframework.context.support.PostProcessorRegistrationDelegate.invokeBeanDefinitionRegistryPostProcessors(PostProcessorRegistrationDelegate.java:273)
	at org.springframework.context.support.PostProcessorRegistrationDelegate.invokeBeanFactoryPostProcessors(PostProcessorRegistrationDelegate.java:98)
	at org.springframework.context.support.AbstractApplicationContext.invokeBeanFactoryPostProcessors(AbstractApplicationContext.java:681)
	at org.springframework.context.support.AbstractApplicationContext.refresh(AbstractApplicationContext.java:523)
	at org.springframework.boot.context.embedded.EmbeddedWebApplicationContext.refresh(EmbeddedWebApplicationContext.java:122)
	at org.springframework.boot.SpringApplication.refresh(SpringApplication.java:759)
	at org.springframework.boot.SpringApplication.refreshContext(SpringApplication.java:369)
	at org.springframework.boot.SpringApplication.run(SpringApplication.java:313)
	at org.springframework.boot.SpringApplication.run(SpringApplication.java:1185)
	at org.springframework.boot.SpringApplication.run(SpringApplication.java:1174)
	at cn.com.App.main(App.java:24)
	at sun.reflect.NativeMethodAccessorImpl.invoke0(Native Method)
	at sun.reflect.NativeMethodAccessorImpl.invoke(NativeMethodAccessorImpl.java:57)
	at sun.reflect.DelegatingMethodAccessorImpl.invoke(DelegatingMethodAccessorImpl.java:43)
	at java.lang.reflect.Method.invoke(Method.java:606)
	at org.springframework.boot.devtools.restart.RestartLauncher.run(RestartLauncher.java:49)
Caused by: java.io.FileNotFoundException: class path resource [cn/com/base/util/BaseLogger.class] cannot be opened because it does not exist
	at org.springframework.core.io.ClassPathResource.getInputStream(ClassPathResource.java:172)
	at org.springframework.core.type.classreading.SimpleMetadataReader.<init>(SimpleMetadataReader.java:50)
	at org.springframework.core.type.classreading.SimpleMetadataReaderFactory.getMetadataReader(SimpleMetadataReaderFactory.java:98)
	at org.springframework.boot.type.classreading.ConcurrentReferenceCachingMetadataReaderFactory.createMetadataReader(ConcurrentReferenceCachingMetadataReaderFactory.java:89)
	at org.springframework.boot.type.classreading.ConcurrentReferenceCachingMetadataReaderFactory.getMetadataReader(ConcurrentReferenceCachingMetadataReaderFactory.java:76)
	at org.springframework.core.type.classreading.SimpleMetadataReaderFactory.getMetadataReader(SimpleMetadataReaderFactory.java:93)
	at org.springframework.context.annotation.ConfigurationClassParser.asSourceClass(ConfigurationClassParser.java:662)
	at org.springframework.context.annotation.ConfigurationClassParser$SourceClass.getSuperClass(ConfigurationClassParser.java:825)
	at org.springframework.context.annotation.ConfigurationClassParser.doProcessConfigurationClass(ConfigurationClassParser.java:315)
	at org.springframework.context.annotation.ConfigurationClassParser.processConfigurationClass(ConfigurationClassParser.java:237)
	at org.springframework.context.annotation.ConfigurationClassParser.parse(ConfigurationClassParser.java:196)
	at org.springframework.context.annotation.ConfigurationClassParser.doProcessConfigurationClass(ConfigurationClassParser.java:279)
	at org.springframework.context.annotation.ConfigurationClassParser.processConfigurationClass(ConfigurationClassParser.java:237)
	at org.springframework.context.annotation.ConfigurationClassParser.parse(ConfigurationClassParser.java:204)
	at org.springframework.context.annotation.ConfigurationClassParser.parse(ConfigurationClassParser.java:173)
	... 18 common frames omitted
spring-boot-starter-redis is deprecated as of Spring Boot 1.4, please migrate to spring-boot-starter-data-redis
Hello Job执行时间: Wed May 09 15:56:30 CST 2018
Hello Job执行时间: Wed May 09 15:57:00 CST 2018
Hello Job执行时间: Wed May 09 15:57:30 CST 2018
Hello Job执行时间: Wed May 09 15:58:00 CST 2018
Hello Job执行时间: Wed May 09 15:58:30 CST 2018
Hello Job执行时间: Wed May 09 15:59:00 CST 2018
Hello Job执行时间: Wed May 09 15:59:30 CST 2018
Hello Job执行时间: Wed May 09 16:00:00 CST 2018
Hello Job执行时间: Wed May 09 16:00:30 CST 2018
Hello Job执行时间: Wed May 09 16:01:00 CST 2018
Hello Job执行时间: Wed May 09 16:01:30 CST 2018
Hello Job执行时间: Wed May 09 16:02:00 CST 2018
Hello Job执行时间: Wed May 09 16:02:30 CST 2018
Hello Job执行时间: Wed May 09 16:03:00 CST 2018
Hello Job执行时间: Wed May 09 16:03:30 CST 2018
Hello Job执行时间: Wed May 09 16:04:00 CST 2018
Hello Job执行时间: Wed May 09 16:04:30 CST 2018
Hello Job执行时间: Wed May 09 16:05:00 CST 2018
Hello Job执行时间: Wed May 09 16:05:30 CST 2018
Hello Job执行时间: Wed May 09 16:06:00 CST 2018
Hello Job执行时间: Wed May 09 16:06:30 CST 2018
Hello Job执行时间: Wed May 09 16:07:00 CST 2018
Hello Job执行时间: Wed May 09 16:07:30 CST 2018
Hello Job执行时间: Wed May 09 16:08:00 CST 2018
Hello Job执行时间: Wed May 09 16:08:30 CST 2018
Hello Job执行时间: Wed May 09 16:09:00 CST 2018
Hello Job执行时间: Wed May 09 16:09:30 CST 2018
Hello Job执行时间: Wed May 09 16:10:00 CST 2018
Hello Job执行时间: Wed May 09 16:10:30 CST 2018
Hello Job执行时间: Wed May 09 16:11:00 CST 2018
Hello Job执行时间: Wed May 09 16:11:30 CST 2018
Hello Job执行时间: Wed May 09 16:12:00 CST 2018
Hello Job执行时间: Wed May 09 16:12:30 CST 2018
Hello Job执行时间: Wed May 09 16:13:00 CST 2018
Hello Job执行时间: Wed May 09 16:13:30 CST 2018
Hello Job执行时间: Wed May 09 16:14:00 CST 2018
Hello Job执行时间: Wed May 09 16:14:30 CST 2018
Hello Job执行时间: Wed May 09 16:15:00 CST 2018
Hello Job执行时间: Wed May 09 16:15:30 CST 2018
Hello Job执行时间: Wed May 09 16:16:00 CST 2018
Hello Job执行时间: Wed May 09 16:16:30 CST 2018
Hello Job执行时间: Wed May 09 16:17:00 CST 2018
Hello Job执行时间: Wed May 09 16:17:30 CST 2018
Hello Job执行时间: Wed May 09 16:18:00 CST 2018
Hello Job执行时间: Wed May 09 16:18:30 CST 2018
Hello Job执行时间: Wed May 09 16:19:00 CST 2018
Hello Job执行时间: Wed May 09 16:19:30 CST 2018
Hello Job执行时间: Wed May 09 16:20:00 CST 2018
Hello Job执行时间: Wed May 09 16:20:30 CST 2018
Hello Job执行时间: Wed May 09 16:21:00 CST 2018
Hello Job执行时间: Wed May 09 16:21:30 CST 2018
Hello Job执行时间: Wed May 09 16:22:00 CST 2018
Hello Job执行时间: Wed May 09 16:22:30 CST 2018
Hello Job执行时间: Wed May 09 16:23:00 CST 2018
Hello Job执行时间: Wed May 09 16:23:30 CST 2018
Hello Job执行时间: Wed May 09 16:24:00 CST 2018
Hello Job执行时间: Wed May 09 16:24:30 CST 2018
Hello Job执行时间: Wed May 09 16:25:00 CST 2018
Hello Job执行时间: Wed May 09 16:25:30 CST 2018
Hello Job执行时间: Wed May 09 16:26:00 CST 2018
Hello Job执行时间: Wed May 09 16:26:30 CST 2018
Hello Job执行时间: Wed May 09 16:27:00 CST 2018
Hello Job执行时间: Wed May 09 16:27:30 CST 2018
spring-boot-starter-redis is deprecated as of Spring Boot 1.4, please migrate to spring-boot-starter-data-redis
Hello Job执行时间: Wed May 09 16:28:30 CST 2018
Hello Job执行时间: Wed May 09 16:29:00 CST 2018
Hello Job执行时间: Wed May 09 16:29:30 CST 2018
Hello Job执行时间: Wed May 09 16:30:00 CST 2018
Hello Job执行时间: Wed May 09 16:30:30 CST 2018
Hello Job执行时间: Wed May 09 16:31:00 CST 2018
Hello Job执行时间: Wed May 09 16:31:30 CST 2018
Hello Job执行时间: Wed May 09 16:32:00 CST 2018
Hello Job执行时间: Wed May 09 16:32:30 CST 2018
Hello Job执行时间: Wed May 09 16:33:00 CST 2018
Hello Job执行时间: Wed May 09 16:33:30 CST 2018
Hello Job执行时间: Wed May 09 16:34:00 CST 2018
Hello Job执行时间: Wed May 09 16:34:30 CST 2018
Hello Job执行时间: Wed May 09 16:35:00 CST 2018
Hello Job执行时间: Wed May 09 16:35:30 CST 2018
Hello Job执行时间: Wed May 09 16:36:00 CST 2018
Hello Job执行时间: Wed May 09 16:36:30 CST 2018
Hello Job执行时间: Wed May 09 16:37:00 CST 2018
Hello Job执行时间: Wed May 09 16:37:30 CST 2018
Hello Job执行时间: Wed May 09 16:38:00 CST 2018
Hello Job执行时间: Wed May 09 16:38:30 CST 2018
Hello Job执行时间: Wed May 09 16:39:00 CST 2018
Hello Job执行时间: Wed May 09 16:39:30 CST 2018
Hello Job执行时间: Wed May 09 16:40:00 CST 2018
Hello Job执行时间: Wed May 09 16:40:30 CST 2018
Hello Job执行时间: Wed May 09 16:41:00 CST 2018
Hello Job执行时间: Wed May 09 16:41:30 CST 2018
Hello Job执行时间: Wed May 09 16:42:00 CST 2018
Hello Job执行时间: Wed May 09 16:42:30 CST 2018
Hello Job执行时间: Wed May 09 16:43:00 CST 2018
Hello Job执行时间: Wed May 09 16:43:30 CST 2018
Hello Job执行时间: Wed May 09 16:44:00 CST 2018
Hello Job执行时间: Wed May 09 16:44:30 CST 2018
Hello Job执行时间: Wed May 09 16:45:00 CST 2018
Hello Job执行时间: Wed May 09 16:45:30 CST 2018
Hello Job执行时间: Wed May 09 16:46:00 CST 2018
Hello Job执行时间: Wed May 09 16:46:30 CST 2018
Hello Job执行时间: Wed May 09 16:47:00 CST 2018
Hello Job执行时间: Wed May 09 16:47:30 CST 2018
Hello Job执行时间: Wed May 09 16:48:00 CST 2018
Hello Job执行时间: Wed May 09 16:48:30 CST 2018
Hello Job执行时间: Wed May 09 16:49:00 CST 2018
Hello Job执行时间: Wed May 09 16:49:30 CST 2018
Hello Job执行时间: Wed May 09 16:50:00 CST 2018
Hello Job执行时间: Wed May 09 16:51:00 CST 2018
Hello Job执行时间: Wed May 09 16:51:30 CST 2018
Hello Job执行时间: Wed May 09 16:52:00 CST 2018
Hello Job执行时间: Wed May 09 16:52:30 CST 2018
Hello Job执行时间: Wed May 09 16:53:00 CST 2018
Hello Job执行时间: Wed May 09 16:53:30 CST 2018
Hello Job执行时间: Wed May 09 16:54:00 CST 2018
Hello Job执行时间: Wed May 09 16:54:30 CST 2018
Hello Job执行时间: Wed May 09 16:55:00 CST 2018
Hello Job执行时间: Wed May 09 16:55:30 CST 2018
Hello Job执行时间: Wed May 09 16:56:00 CST 2018
Hello Job执行时间: Wed May 09 16:56:30 CST 2018
Hello Job执行时间: Wed May 09 16:57:00 CST 2018
Hello Job执行时间: Wed May 09 16:57:30 CST 2018
Hello Job执行时间: Wed May 09 16:58:00 CST 2018
Hello Job执行时间: Wed May 09 16:58:30 CST 2018
Hello Job执行时间: Wed May 09 16:59:00 CST 2018
Hello Job执行时间: Wed May 09 16:59:30 CST 2018
Hello Job执行时间: Wed May 09 17:00:00 CST 2018
Hello Job执行时间: Wed May 09 17:00:30 CST 2018
Hello Job执行时间: Wed May 09 17:01:00 CST 2018
Hello Job执行时间: Wed May 09 17:01:30 CST 2018
Hello Job执行时间: Wed May 09 17:02:00 CST 2018
Hello Job执行时间: Wed May 09 17:02:30 CST 2018
Hello Job执行时间: Wed May 09 17:03:00 CST 2018
Hello Job执行时间: Wed May 09 17:03:30 CST 2018
Hello Job执行时间: Wed May 09 17:04:00 CST 2018
Hello Job执行时间: Wed May 09 17:04:30 CST 2018
Hello Job执行时间: Wed May 09 17:05:00 CST 2018
Hello Job执行时间: Wed May 09 17:05:30 CST 2018
Hello Job执行时间: Wed May 09 17:06:00 CST 2018
Hello Job执行时间: Wed May 09 17:06:30 CST 2018
Hello Job执行时间: Wed May 09 17:07:00 CST 2018
Hello Job执行时间: Wed May 09 17:07:30 CST 2018
Hello Job执行时间: Wed May 09 17:08:00 CST 2018
Hello Job执行时间: Wed May 09 17:08:30 CST 2018
Hello Job执行时间: Wed May 09 17:09:00 CST 2018
Hello Job执行时间: Wed May 09 17:09:30 CST 2018
Hello Job执行时间: Wed May 09 17:10:30 CST 2018
Hello Job执行时间: Wed May 09 17:11:00 CST 2018
Hello Job执行时间: Wed May 09 17:11:30 CST 2018
Hello Job执行时间: Wed May 09 17:12:00 CST 2018
Hello Job执行时间: Wed May 09 17:12:30 CST 2018
Hello Job执行时间: Wed May 09 17:13:00 CST 2018
Hello Job执行时间: Wed May 09 17:13:30 CST 2018
Hello Job执行时间: Wed May 09 17:14:00 CST 2018
Hello Job执行时间: Wed May 09 17:14:30 CST 2018
Hello Job执行时间: Wed May 09 17:15:00 CST 2018
Hello Job执行时间: Wed May 09 17:15:30 CST 2018
Hello Job执行时间: Wed May 09 17:16:00 CST 2018
Hello Job执行时间: Wed May 09 17:16:30 CST 2018
Hello Job执行时间: Wed May 09 17:17:00 CST 2018
Hello Job执行时间: Wed May 09 17:17:30 CST 2018
Hello Job执行时间: Wed May 09 17:18:00 CST 2018
Hello Job执行时间: Wed May 09 17:18:30 CST 2018
Hello Job执行时间: Wed May 09 17:19:00 CST 2018
Hello Job执行时间: Wed May 09 17:19:30 CST 2018
Hello Job执行时间: Wed May 09 17:20:00 CST 2018
Hello Job执行时间: Wed May 09 17:20:30 CST 2018
Hello Job执行时间: Wed May 09 17:21:00 CST 2018
Hello Job执行时间: Wed May 09 17:21:30 CST 2018
Hello Job执行时间: Wed May 09 17:22:00 CST 2018
Hello Job执行时间: Wed May 09 17:22:30 CST 2018
Hello Job执行时间: Wed May 09 17:23:00 CST 2018
Hello Job执行时间: Wed May 09 17:23:30 CST 2018
Hello Job执行时间: Wed May 09 17:24:00 CST 2018
Hello Job执行时间: Wed May 09 17:24:30 CST 2018
Hello Job执行时间: Wed May 09 17:25:00 CST 2018
Hello Job执行时间: Wed May 09 17:25:30 CST 2018
Hello Job执行时间: Wed May 09 17:26:00 CST 2018
Hello Job执行时间: Wed May 09 17:26:30 CST 2018
Hello Job执行时间: Wed May 09 17:27:00 CST 2018
Hello Job执行时间: Wed May 09 17:27:30 CST 2018
Hello Job执行时间: Wed May 09 17:28:00 CST 2018
Hello Job执行时间: Wed May 09 17:28:30 CST 2018
Hello Job执行时间: Wed May 09 17:29:00 CST 2018
Hello Job执行时间: Wed May 09 17:29:30 CST 2018
Hello Job执行时间: Wed May 09 17:30:00 CST 2018
Hello Job执行时间: Wed May 09 17:30:30 CST 2018
Hello Job执行时间: Wed May 09 17:31:00 CST 2018
Hello Job执行时间: Wed May 09 17:31:30 CST 2018
Hello Job执行时间: Wed May 09 17:32:00 CST 2018
Hello Job执行时间: Wed May 09 17:32:30 CST 2018
Hello Job执行时间: Wed May 09 17:33:00 CST 2018
Hello Job执行时间: Wed May 09 17:33:30 CST 2018
Hello Job执行时间: Wed May 09 17:34:00 CST 2018
Hello Job执行时间: Wed May 09 17:34:30 CST 2018
Hello Job执行时间: Wed May 09 17:35:00 CST 2018
Hello Job执行时间: Wed May 09 17:35:30 CST 2018
Hello Job执行时间: Wed May 09 17:36:00 CST 2018
Hello Job执行时间: Wed May 09 17:36:30 CST 2018
Hello Job执行时间: Wed May 09 17:37:00 CST 2018
Hello Job执行时间: Wed May 09 17:37:30 CST 2018
Hello Job执行时间: Wed May 09 17:38:00 CST 2018
Hello Job执行时间: Wed May 09 17:38:30 CST 2018
Hello Job执行时间: Wed May 09 17:39:00 CST 2018
Hello Job执行时间: Wed May 09 17:39:30 CST 2018
Hello Job执行时间: Wed May 09 17:40:00 CST 2018
Hello Job执行时间: Wed May 09 17:40:30 CST 2018
Hello Job执行时间: Wed May 09 17:41:00 CST 2018
Hello Job执行时间: Wed May 09 17:41:30 CST 2018
Hello Job执行时间: Wed May 09 17:42:00 CST 2018
Hello Job执行时间: Wed May 09 17:42:30 CST 2018
Hello Job执行时间: Wed May 09 17:43:00 CST 2018
Hello Job执行时间: Wed May 09 17:43:30 CST 2018
Hello Job执行时间: Wed May 09 17:44:00 CST 2018
Hello Job执行时间: Wed May 09 17:44:30 CST 2018
Hello Job执行时间: Wed May 09 17:45:00 CST 2018
Hello Job执行时间: Wed May 09 17:45:30 CST 2018
Hello Job执行时间: Wed May 09 17:46:00 CST 2018
Hello Job执行时间: Wed May 09 17:46:30 CST 2018
Hello Job执行时间: Wed May 09 17:47:00 CST 2018
Hello Job执行时间: Wed May 09 17:47:30 CST 2018
Hello Job执行时间: Wed May 09 17:48:00 CST 2018
Hello Job执行时间: Wed May 09 17:48:30 CST 2018
Hello Job执行时间: Wed May 09 17:49:00 CST 2018
Hello Job执行时间: Wed May 09 17:49:30 CST 2018
Hello Job执行时间: Wed May 09 17:50:00 CST 2018
Hello Job执行时间: Wed May 09 17:50:30 CST 2018
Hello Job执行时间: Wed May 09 17:51:00 CST 2018
Hello Job执行时间: Wed May 09 17:51:30 CST 2018
Hello Job执行时间: Wed May 09 17:52:00 CST 2018
Hello Job执行时间: Wed May 09 17:52:30 CST 2018
Hello Job执行时间: Wed May 09 17:53:00 CST 2018
Hello Job执行时间: Wed May 09 17:53:30 CST 2018
Hello Job执行时间: Wed May 09 17:54:00 CST 2018
Hello Job执行时间: Wed May 09 17:54:30 CST 2018
Hello Job执行时间: Wed May 09 17:55:00 CST 2018
Hello Job执行时间: Wed May 09 17:55:30 CST 2018
Hello Job执行时间: Wed May 09 17:56:00 CST 2018
Hello Job执行时间: Wed May 09 17:56:30 CST 2018
Hello Job执行时间: Wed May 09 17:57:00 CST 2018
Hello Job执行时间: Wed May 09 17:57:30 CST 2018
Hello Job执行时间: Wed May 09 17:58:00 CST 2018
Hello Job执行时间: Wed May 09 17:58:30 CST 2018
Hello Job执行时间: Wed May 09 17:59:00 CST 2018
Hello Job执行时间: Wed May 09 17:59:30 CST 2018
Hello Job执行时间: Wed May 09 18:00:00 CST 2018
Hello Job执行时间: Wed May 09 18:00:30 CST 2018
Hello Job执行时间: Wed May 09 18:01:00 CST 2018
Hello Job执行时间: Wed May 09 18:01:30 CST 2018
Hello Job执行时间: Wed May 09 18:02:00 CST 2018
Hello Job执行时间: Wed May 09 18:02:30 CST 2018
