spring-boot-starter-redis is deprecated as of Spring Boot 1.4, please migrate to spring-boot-starter-data-redis
Hello Job执行时间: Tue May 08 10:58:00 CST 2018
Hello Job执行时间: Tue May 08 10:58:30 CST 2018
Hello Job执行时间: Tue May 08 10:59:00 CST 2018
Hello Job执行时间: Tue May 08 10:59:30 CST 2018
Hello Job执行时间: Tue May 08 11:00:00 CST 2018
No MyBatis mapper was found in '[cn.com.mobile.*.dao, cn.com.pc.*.dao, cn.com.third.*.dao, cn.com.base.*.dao]' package. Please check your configuration.
No MyBatis mapper was found in '[cn.com]' package. Please check your configuration.
Exception encountered during context initialization - cancelling refresh attempt: org.springframework.beans.factory.BeanCreationException: Error creating bean with name 'dataSource' defined in class path resource [org/springframework/boot/autoconfigure/jdbc/DataSourceConfiguration$Tomcat.class]: Bean instantiation via factory method failed; nested exception is org.springframework.beans.BeanInstantiationException: Failed to instantiate [org.apache.tomcat.jdbc.pool.DataSource]: Factory method 'dataSource' threw exception; nested exception is org.springframework.boot.autoconfigure.jdbc.DataSourceProperties$DataSourceBeanCreationException: Cannot determine embedded database driver class for database type NONE. If you want an embedded database please put a supported one on the classpath. If you have database settings to be loaded from a particular profile you may need to active it (no profiles are currently active).


***************************
APPLICATION FAILED TO START
***************************

Description:

Cannot determine embedded database driver class for database type NONE

Action:

If you want an embedded database please put a supported one on the classpath. If you have database settings to be loaded from a particular profile you may need to active it (no profiles are currently active).

spring-boot-starter-redis is deprecated as of Spring Boot 1.4, please migrate to spring-boot-starter-data-redis
Hello Job执行时间: Tue May 08 11:00:30 CST 2018
spring-boot-starter-redis is deprecated as of Spring Boot 1.4, please migrate to spring-boot-starter-data-redis
Hello Job执行时间: Tue May 08 11:01:00 CST 2018
Hello Job执行时间: Tue May 08 11:01:30 CST 2018
Runtime error occurred in main trigger firing loop.
java.lang.IllegalStateException: JobStore is shutdown - aborting retry
	at org.quartz.impl.jdbcjobstore.JobStoreSupport.retryExecuteInNonManagedTXLock(JobStoreSupport.java:3772)
	at org.quartz.impl.jdbcjobstore.JobStoreSupport.releaseAcquiredTrigger(JobStoreSupport.java:2881)
	at org.quartz.core.QuartzSchedulerThread.releaseIfScheduleChangedSignificantly(QuartzSchedulerThread.java:432)
	at org.quartz.core.QuartzSchedulerThread.run(QuartzSchedulerThread.java:316)
No MyBatis mapper was found in '[cn.com.mobile.*.dao, cn.com.pc.*.dao, cn.com.third.*.dao, cn.com.base.*.dao]' package. Please check your configuration.
No MyBatis mapper was found in '[cn.com]' package. Please check your configuration.
Exception encountered during context initialization - cancelling refresh attempt: org.springframework.beans.factory.BeanCreationException: Error creating bean with name 'dataSource' defined in class path resource [org/springframework/boot/autoconfigure/jdbc/DataSourceConfiguration$Tomcat.class]: Bean instantiation via factory method failed; nested exception is org.springframework.beans.BeanInstantiationException: Failed to instantiate [org.apache.tomcat.jdbc.pool.DataSource]: Factory method 'dataSource' threw exception; nested exception is org.springframework.boot.autoconfigure.jdbc.DataSourceProperties$DataSourceBeanCreationException: Cannot determine embedded database driver class for database type NONE. If you want an embedded database please put a supported one on the classpath. If you have database settings to be loaded from a particular profile you may need to active it (no profiles are currently active).


***************************
APPLICATION FAILED TO START
***************************

Description:

Cannot determine embedded database driver class for database type NONE

Action:

If you want an embedded database please put a supported one on the classpath. If you have database settings to be loaded from a particular profile you may need to active it (no profiles are currently active).

spring-boot-starter-redis is deprecated as of Spring Boot 1.4, please migrate to spring-boot-starter-data-redis
Hello Job执行时间: Tue May 08 11:02:00 CST 2018
Hello Job执行时间: Tue May 08 11:02:30 CST 2018
Hello Job执行时间: Tue May 08 11:03:00 CST 2018
spring-boot-starter-redis is deprecated as of Spring Boot 1.4, please migrate to spring-boot-starter-data-redis
Hello Job执行时间: Tue May 08 11:03:30 CST 2018
spring-boot-starter-redis is deprecated as of Spring Boot 1.4, please migrate to spring-boot-starter-data-redis
Hello Job执行时间: Tue May 08 11:06:30 CST 2018
Hello Job执行时间: Tue May 08 11:07:00 CST 2018
spring-boot-starter-redis is deprecated as of Spring Boot 1.4, please migrate to spring-boot-starter-data-redis
spring-boot-starter-redis is deprecated as of Spring Boot 1.4, please migrate to spring-boot-starter-data-redis
Hello Job执行时间: Tue May 08 11:08:00 CST 2018
Hello Job执行时间: Tue May 08 11:08:30 CST 2018
Hello Job执行时间: Tue May 08 11:09:00 CST 2018
Hello Job执行时间: Tue May 08 11:09:30 CST 2018
Hello Job执行时间: Tue May 08 11:10:00 CST 2018
Hello Job执行时间: Tue May 08 11:10:30 CST 2018
spring-boot-starter-redis is deprecated as of Spring Boot 1.4, please migrate to spring-boot-starter-data-redis
Hello Job执行时间: Tue May 08 11:11:00 CST 2018
Hello Job执行时间: Tue May 08 11:11:30 CST 2018
Hello Job执行时间: Tue May 08 11:12:00 CST 2018
Hello Job执行时间: Tue May 08 11:12:30 CST 2018
Hello Job执行时间: Tue May 08 11:13:00 CST 2018
Hello Job执行时间: Tue May 08 11:13:30 CST 2018
Hello Job执行时间: Tue May 08 11:14:00 CST 2018
Hello Job执行时间: Tue May 08 11:14:30 CST 2018
Hello Job执行时间: Tue May 08 11:15:00 CST 2018
Hello Job执行时间: Tue May 08 11:15:30 CST 2018
Hello Job执行时间: Tue May 08 11:16:00 CST 2018
Hello Job执行时间: Tue May 08 11:16:30 CST 2018
Hello Job执行时间: Tue May 08 11:17:00 CST 2018
Hello Job执行时间: Tue May 08 11:17:30 CST 2018
Hello Job执行时间: Tue May 08 11:18:00 CST 2018
Hello Job执行时间: Tue May 08 11:18:30 CST 2018
Hello Job执行时间: Tue May 08 11:19:00 CST 2018
Hello Job执行时间: Tue May 08 11:19:30 CST 2018
Hello Job执行时间: Tue May 08 11:20:00 CST 2018
Hello Job执行时间: Tue May 08 11:20:30 CST 2018
Hello Job执行时间: Tue May 08 11:21:00 CST 2018
Hello Job执行时间: Tue May 08 11:21:30 CST 2018
Hello Job执行时间: Tue May 08 11:22:00 CST 2018
Hello Job执行时间: Tue May 08 11:22:30 CST 2018
Hello Job执行时间: Tue May 08 11:23:00 CST 2018
Hello Job执行时间: Tue May 08 11:23:30 CST 2018
Hello Job执行时间: Tue May 08 11:24:00 CST 2018
Hello Job执行时间: Tue May 08 11:24:30 CST 2018
Hello Job执行时间: Tue May 08 11:25:00 CST 2018
Hello Job执行时间: Tue May 08 11:25:30 CST 2018
Hello Job执行时间: Tue May 08 11:26:00 CST 2018
Hello Job执行时间: Tue May 08 11:26:30 CST 2018
Hello Job执行时间: Tue May 08 11:27:00 CST 2018
Hello Job执行时间: Tue May 08 11:27:30 CST 2018
Hello Job执行时间: Tue May 08 11:28:00 CST 2018
Hello Job执行时间: Tue May 08 11:28:30 CST 2018
Hello Job执行时间: Tue May 08 11:29:00 CST 2018
Hello Job执行时间: Tue May 08 11:29:30 CST 2018
Hello Job执行时间: Tue May 08 11:30:00 CST 2018
Hello Job执行时间: Tue May 08 11:30:30 CST 2018
Hello Job执行时间: Tue May 08 11:31:00 CST 2018
Hello Job执行时间: Tue May 08 11:31:30 CST 2018
Hello Job执行时间: Tue May 08 11:32:00 CST 2018
Hello Job执行时间: Tue May 08 11:32:30 CST 2018
Hello Job执行时间: Tue May 08 11:33:00 CST 2018
Hello Job执行时间: Tue May 08 11:33:30 CST 2018
Hello Job执行时间: Tue May 08 11:34:00 CST 2018
Hello Job执行时间: Tue May 08 11:34:30 CST 2018
Hello Job执行时间: Tue May 08 11:35:00 CST 2018
Hello Job执行时间: Tue May 08 11:35:30 CST 2018
Hello Job执行时间: Tue May 08 11:36:00 CST 2018
Hello Job执行时间: Tue May 08 11:36:30 CST 2018
Hello Job执行时间: Tue May 08 11:37:00 CST 2018
Hello Job执行时间: Tue May 08 11:37:30 CST 2018
Hello Job执行时间: Tue May 08 11:38:00 CST 2018
Hello Job执行时间: Tue May 08 11:38:30 CST 2018
Hello Job执行时间: Tue May 08 11:39:00 CST 2018
Hello Job执行时间: Tue May 08 11:39:30 CST 2018
Hello Job执行时间: Tue May 08 11:40:00 CST 2018
Hello Job执行时间: Tue May 08 11:40:30 CST 2018
Hello Job执行时间: Tue May 08 11:41:00 CST 2018
Hello Job执行时间: Tue May 08 11:41:30 CST 2018
Hello Job执行时间: Tue May 08 11:42:00 CST 2018
Hello Job执行时间: Tue May 08 11:42:30 CST 2018
Hello Job执行时间: Tue May 08 11:43:00 CST 2018
Hello Job执行时间: Tue May 08 11:43:30 CST 2018
Hello Job执行时间: Tue May 08 11:44:00 CST 2018
Hello Job执行时间: Tue May 08 11:44:30 CST 2018
Hello Job执行时间: Tue May 08 11:45:00 CST 2018
Hello Job执行时间: Tue May 08 11:45:30 CST 2018
Hello Job执行时间: Tue May 08 11:46:00 CST 2018
Hello Job执行时间: Tue May 08 11:46:30 CST 2018
Hello Job执行时间: Tue May 08 11:47:00 CST 2018
Hello Job执行时间: Tue May 08 11:47:30 CST 2018
Hello Job执行时间: Tue May 08 11:48:00 CST 2018
Hello Job执行时间: Tue May 08 11:48:30 CST 2018
Hello Job执行时间: Tue May 08 11:49:00 CST 2018
Hello Job执行时间: Tue May 08 11:49:30 CST 2018
Hello Job执行时间: Tue May 08 11:50:00 CST 2018
Hello Job执行时间: Tue May 08 11:50:30 CST 2018
Hello Job执行时间: Tue May 08 11:51:00 CST 2018
Hello Job执行时间: Tue May 08 11:51:30 CST 2018
Hello Job执行时间: Tue May 08 11:52:00 CST 2018
Hello Job执行时间: Tue May 08 11:52:30 CST 2018
Hello Job执行时间: Tue May 08 11:53:00 CST 2018
Hello Job执行时间: Tue May 08 11:53:30 CST 2018
Hello Job执行时间: Tue May 08 11:54:00 CST 2018
Hello Job执行时间: Tue May 08 11:54:30 CST 2018
Hello Job执行时间: Tue May 08 11:55:00 CST 2018
Hello Job执行时间: Tue May 08 11:55:30 CST 2018
Hello Job执行时间: Tue May 08 11:56:00 CST 2018
Hello Job执行时间: Tue May 08 11:56:30 CST 2018
Hello Job执行时间: Tue May 08 11:57:00 CST 2018
Hello Job执行时间: Tue May 08 11:57:30 CST 2018
Hello Job执行时间: Tue May 08 11:58:00 CST 2018
Hello Job执行时间: Tue May 08 11:58:30 CST 2018
Hello Job执行时间: Tue May 08 11:59:00 CST 2018
Hello Job执行时间: Tue May 08 11:59:30 CST 2018
Hello Job执行时间: Tue May 08 12:00:00 CST 2018
Hello Job执行时间: Tue May 08 12:00:30 CST 2018
Hello Job执行时间: Tue May 08 12:01:00 CST 2018
Hello Job执行时间: Tue May 08 12:01:30 CST 2018
Hello Job执行时间: Tue May 08 12:02:00 CST 2018
Hello Job执行时间: Tue May 08 12:02:30 CST 2018
Hello Job执行时间: Tue May 08 12:03:00 CST 2018
Hello Job执行时间: Tue May 08 12:03:30 CST 2018
Hello Job执行时间: Tue May 08 12:04:00 CST 2018
Hello Job执行时间: Tue May 08 12:04:30 CST 2018
Hello Job执行时间: Tue May 08 12:05:00 CST 2018
Hello Job执行时间: Tue May 08 12:05:30 CST 2018
Hello Job执行时间: Tue May 08 12:06:00 CST 2018
Hello Job执行时间: Tue May 08 12:06:30 CST 2018
Hello Job执行时间: Tue May 08 12:07:00 CST 2018
Hello Job执行时间: Tue May 08 12:07:30 CST 2018
Hello Job执行时间: Tue May 08 12:08:00 CST 2018
Hello Job执行时间: Tue May 08 12:08:30 CST 2018
Hello Job执行时间: Tue May 08 12:09:00 CST 2018
Hello Job执行时间: Tue May 08 12:09:30 CST 2018
Hello Job执行时间: Tue May 08 12:10:00 CST 2018
Hello Job执行时间: Tue May 08 12:10:30 CST 2018
Hello Job执行时间: Tue May 08 12:11:00 CST 2018
Hello Job执行时间: Tue May 08 12:11:30 CST 2018
Hello Job执行时间: Tue May 08 12:12:00 CST 2018
Hello Job执行时间: Tue May 08 12:12:30 CST 2018
Hello Job执行时间: Tue May 08 12:13:00 CST 2018
Hello Job执行时间: Tue May 08 12:13:30 CST 2018
Hello Job执行时间: Tue May 08 12:14:00 CST 2018
Hello Job执行时间: Tue May 08 12:14:30 CST 2018
Hello Job执行时间: Tue May 08 12:15:00 CST 2018
Hello Job执行时间: Tue May 08 12:15:30 CST 2018
Hello Job执行时间: Tue May 08 12:16:00 CST 2018
Hello Job执行时间: Tue May 08 12:16:30 CST 2018
Hello Job执行时间: Tue May 08 12:17:00 CST 2018
Hello Job执行时间: Tue May 08 12:17:30 CST 2018
Hello Job执行时间: Tue May 08 12:18:00 CST 2018
Hello Job执行时间: Tue May 08 12:18:30 CST 2018
Hello Job执行时间: Tue May 08 12:19:00 CST 2018
Hello Job执行时间: Tue May 08 12:19:30 CST 2018
Hello Job执行时间: Tue May 08 12:20:00 CST 2018
Hello Job执行时间: Tue May 08 12:20:30 CST 2018
Hello Job执行时间: Tue May 08 12:21:00 CST 2018
Hello Job执行时间: Tue May 08 12:21:30 CST 2018
Hello Job执行时间: Tue May 08 12:22:00 CST 2018
Hello Job执行时间: Tue May 08 12:22:30 CST 2018
Hello Job执行时间: Tue May 08 12:23:00 CST 2018
Hello Job执行时间: Tue May 08 12:23:30 CST 2018
Hello Job执行时间: Tue May 08 12:24:00 CST 2018
Hello Job执行时间: Tue May 08 12:24:30 CST 2018
Hello Job执行时间: Tue May 08 12:25:00 CST 2018
Hello Job执行时间: Tue May 08 12:25:30 CST 2018
Hello Job执行时间: Tue May 08 12:26:00 CST 2018
Hello Job执行时间: Tue May 08 12:26:30 CST 2018
Hello Job执行时间: Tue May 08 12:27:00 CST 2018
Hello Job执行时间: Tue May 08 12:27:30 CST 2018
Hello Job执行时间: Tue May 08 12:28:00 CST 2018
Hello Job执行时间: Tue May 08 12:28:30 CST 2018
Hello Job执行时间: Tue May 08 12:29:00 CST 2018
Hello Job执行时间: Tue May 08 12:29:30 CST 2018
Hello Job执行时间: Tue May 08 12:30:00 CST 2018
Hello Job执行时间: Tue May 08 12:30:30 CST 2018
Hello Job执行时间: Tue May 08 12:31:00 CST 2018
Hello Job执行时间: Tue May 08 12:31:30 CST 2018
Hello Job执行时间: Tue May 08 12:32:00 CST 2018
Hello Job执行时间: Tue May 08 12:32:30 CST 2018
Hello Job执行时间: Tue May 08 12:33:00 CST 2018
Hello Job执行时间: Tue May 08 12:33:30 CST 2018
Hello Job执行时间: Tue May 08 12:34:00 CST 2018
Hello Job执行时间: Tue May 08 12:34:30 CST 2018
Hello Job执行时间: Tue May 08 12:35:00 CST 2018
Hello Job执行时间: Tue May 08 12:35:30 CST 2018
Hello Job执行时间: Tue May 08 12:36:00 CST 2018
Hello Job执行时间: Tue May 08 12:36:30 CST 2018
Hello Job执行时间: Tue May 08 12:37:00 CST 2018
Hello Job执行时间: Tue May 08 12:37:30 CST 2018
Hello Job执行时间: Tue May 08 12:38:00 CST 2018
Hello Job执行时间: Tue May 08 12:38:30 CST 2018
Hello Job执行时间: Tue May 08 12:39:00 CST 2018
Hello Job执行时间: Tue May 08 12:39:30 CST 2018
Hello Job执行时间: Tue May 08 12:40:00 CST 2018
Hello Job执行时间: Tue May 08 12:40:30 CST 2018
Hello Job执行时间: Tue May 08 12:41:00 CST 2018
Hello Job执行时间: Tue May 08 12:41:30 CST 2018
Hello Job执行时间: Tue May 08 12:42:00 CST 2018
Hello Job执行时间: Tue May 08 12:42:30 CST 2018
Hello Job执行时间: Tue May 08 12:43:00 CST 2018
Hello Job执行时间: Tue May 08 12:43:30 CST 2018
Hello Job执行时间: Tue May 08 12:44:00 CST 2018
Hello Job执行时间: Tue May 08 12:44:30 CST 2018
Hello Job执行时间: Tue May 08 12:45:00 CST 2018
Hello Job执行时间: Tue May 08 12:45:30 CST 2018
Hello Job执行时间: Tue May 08 12:46:00 CST 2018
Hello Job执行时间: Tue May 08 12:46:30 CST 2018
Hello Job执行时间: Tue May 08 12:47:00 CST 2018
Hello Job执行时间: Tue May 08 12:47:30 CST 2018
Hello Job执行时间: Tue May 08 12:48:00 CST 2018
Hello Job执行时间: Tue May 08 12:48:30 CST 2018
Hello Job执行时间: Tue May 08 12:49:00 CST 2018
Hello Job执行时间: Tue May 08 12:49:30 CST 2018
Hello Job执行时间: Tue May 08 12:50:00 CST 2018
Hello Job执行时间: Tue May 08 12:50:30 CST 2018
Hello Job执行时间: Tue May 08 12:51:00 CST 2018
Hello Job执行时间: Tue May 08 12:51:30 CST 2018
Hello Job执行时间: Tue May 08 12:52:00 CST 2018
Hello Job执行时间: Tue May 08 12:52:30 CST 2018
Hello Job执行时间: Tue May 08 12:53:00 CST 2018
Hello Job执行时间: Tue May 08 12:53:30 CST 2018
Hello Job执行时间: Tue May 08 12:54:00 CST 2018
Hello Job执行时间: Tue May 08 12:54:30 CST 2018
Hello Job执行时间: Tue May 08 12:55:00 CST 2018
Hello Job执行时间: Tue May 08 12:55:30 CST 2018
Hello Job执行时间: Tue May 08 12:56:00 CST 2018
Hello Job执行时间: Tue May 08 12:56:30 CST 2018
Hello Job执行时间: Tue May 08 12:57:00 CST 2018
Hello Job执行时间: Tue May 08 12:57:30 CST 2018
Hello Job执行时间: Tue May 08 12:58:00 CST 2018
Hello Job执行时间: Tue May 08 12:58:30 CST 2018
Hello Job执行时间: Tue May 08 12:59:00 CST 2018
Hello Job执行时间: Tue May 08 12:59:30 CST 2018
Hello Job执行时间: Tue May 08 13:00:00 CST 2018
Hello Job执行时间: Tue May 08 13:00:30 CST 2018
Hello Job执行时间: Tue May 08 13:01:00 CST 2018
Hello Job执行时间: Tue May 08 13:01:30 CST 2018
Hello Job执行时间: Tue May 08 13:02:00 CST 2018
Hello Job执行时间: Tue May 08 13:02:30 CST 2018
Hello Job执行时间: Tue May 08 13:03:00 CST 2018
Hello Job执行时间: Tue May 08 13:03:30 CST 2018
Hello Job执行时间: Tue May 08 13:04:00 CST 2018
Hello Job执行时间: Tue May 08 13:04:30 CST 2018
Hello Job执行时间: Tue May 08 13:05:00 CST 2018
Hello Job执行时间: Tue May 08 13:05:30 CST 2018
Hello Job执行时间: Tue May 08 13:06:00 CST 2018
Hello Job执行时间: Tue May 08 13:06:30 CST 2018
Hello Job执行时间: Tue May 08 13:07:00 CST 2018
Hello Job执行时间: Tue May 08 13:07:30 CST 2018
Hello Job执行时间: Tue May 08 13:08:00 CST 2018
Hello Job执行时间: Tue May 08 13:08:30 CST 2018
Hello Job执行时间: Tue May 08 13:09:00 CST 2018
Hello Job执行时间: Tue May 08 13:09:30 CST 2018
Hello Job执行时间: Tue May 08 13:10:00 CST 2018
Hello Job执行时间: Tue May 08 13:10:30 CST 2018
Hello Job执行时间: Tue May 08 13:11:00 CST 2018
Hello Job执行时间: Tue May 08 13:11:30 CST 2018
Hello Job执行时间: Tue May 08 13:12:00 CST 2018
Hello Job执行时间: Tue May 08 13:12:30 CST 2018
Hello Job执行时间: Tue May 08 13:13:00 CST 2018
Hello Job执行时间: Tue May 08 13:13:30 CST 2018
Hello Job执行时间: Tue May 08 13:14:00 CST 2018
Hello Job执行时间: Tue May 08 13:14:30 CST 2018
Hello Job执行时间: Tue May 08 13:15:00 CST 2018
Hello Job执行时间: Tue May 08 13:15:30 CST 2018
Hello Job执行时间: Tue May 08 13:16:00 CST 2018
Hello Job执行时间: Tue May 08 13:16:30 CST 2018
Hello Job执行时间: Tue May 08 13:17:00 CST 2018
Hello Job执行时间: Tue May 08 13:17:30 CST 2018
Hello Job执行时间: Tue May 08 13:18:00 CST 2018
Hello Job执行时间: Tue May 08 13:18:30 CST 2018
Hello Job执行时间: Tue May 08 13:19:00 CST 2018
Hello Job执行时间: Tue May 08 13:19:30 CST 2018
Hello Job执行时间: Tue May 08 13:20:00 CST 2018
Hello Job执行时间: Tue May 08 13:20:30 CST 2018
Hello Job执行时间: Tue May 08 13:21:00 CST 2018
Hello Job执行时间: Tue May 08 13:21:30 CST 2018
Hello Job执行时间: Tue May 08 13:22:00 CST 2018
Hello Job执行时间: Tue May 08 13:22:30 CST 2018
Hello Job执行时间: Tue May 08 13:23:00 CST 2018
Hello Job执行时间: Tue May 08 13:23:30 CST 2018
Hello Job执行时间: Tue May 08 13:24:00 CST 2018
Hello Job执行时间: Tue May 08 13:24:30 CST 2018
Hello Job执行时间: Tue May 08 13:25:00 CST 2018
Hello Job执行时间: Tue May 08 13:25:30 CST 2018
Hello Job执行时间: Tue May 08 13:26:00 CST 2018
Hello Job执行时间: Tue May 08 13:26:30 CST 2018
Hello Job执行时间: Tue May 08 13:27:00 CST 2018
Hello Job执行时间: Tue May 08 13:27:30 CST 2018
spring-boot-starter-redis is deprecated as of Spring Boot 1.4, please migrate to spring-boot-starter-data-redis
spring-boot-starter-redis is deprecated as of Spring Boot 1.4, please migrate to spring-boot-starter-data-redis
Hello Job执行时间: Tue May 08 13:28:30 CST 2018
Hello Job执行时间: Tue May 08 13:29:00 CST 2018
Hello Job执行时间: Tue May 08 13:29:30 CST 2018
Hello Job执行时间: Tue May 08 13:30:00 CST 2018
Hello Job执行时间: Tue May 08 13:30:30 CST 2018
Hello Job执行时间: Tue May 08 13:31:00 CST 2018
Hello Job执行时间: Tue May 08 13:31:30 CST 2018
Hello Job执行时间: Tue May 08 13:32:00 CST 2018
Hello Job执行时间: Tue May 08 13:32:30 CST 2018
spring-boot-starter-redis is deprecated as of Spring Boot 1.4, please migrate to spring-boot-starter-data-redis
Hello Job执行时间: Tue May 08 13:34:00 CST 2018
Hello Job执行时间: Tue May 08 13:34:30 CST 2018
Hello Job执行时间: Tue May 08 13:35:00 CST 2018
Hello Job执行时间: Tue May 08 13:35:30 CST 2018
Hello Job执行时间: Tue May 08 13:36:00 CST 2018
Hello Job执行时间: Tue May 08 13:36:30 CST 2018
Hello Job执行时间: Tue May 08 13:37:00 CST 2018
Hello Job执行时间: Tue May 08 13:37:30 CST 2018
spring-boot-starter-redis is deprecated as of Spring Boot 1.4, please migrate to spring-boot-starter-data-redis
Hello Job执行时间: Tue May 08 16:39:30 CST 2018
spring-boot-starter-redis is deprecated as of Spring Boot 1.4, please migrate to spring-boot-starter-data-redis
Hello Job执行时间: Tue May 08 16:40:00 CST 2018
Hello Job执行时间: Tue May 08 16:40:02 CST 2018
Hello Job执行时间: Tue May 08 16:40:30 CST 2018
Hello Job执行时间: Tue May 08 16:40:34 CST 2018
An Exception occurred while trying to check a PooledConection into a ResourcePool.
com.mchange.v2.resourcepool.ResourcePoolException: ResourcePool [BROKEN!]: Tried to check-in a foreign resource!
	at com.mchange.v2.resourcepool.BasicResourcePool.checkinResource(BasicResourcePool.java:657)
	at com.mchange.v2.c3p0.impl.C3P0PooledConnectionPool$ConnectionEventListenerImpl.doCheckinResource(C3P0PooledConnectionPool.java:636)
	at com.mchange.v2.c3p0.impl.C3P0PooledConnectionPool$ConnectionEventListenerImpl.connectionClosed(C3P0PooledConnectionPool.java:630)
	at com.mchange.v2.c3p0.util.ConnectionEventSupport.fireConnectionClosed(ConnectionEventSupport.java:55)
	at com.mchange.v2.c3p0.impl.NewPooledConnection.fireConnectionClosed(NewPooledConnection.java:439)
	at com.mchange.v2.c3p0.impl.NewPooledConnection.markClosedProxyConnection(NewPooledConnection.java:326)
	at com.mchange.v2.c3p0.impl.NewProxyConnection.close(NewProxyConnection.java:1246)
	at org.quartz.impl.jdbcjobstore.JobStoreSupport.closeConnection(JobStoreSupport.java:3641)
	at org.quartz.impl.jdbcjobstore.JobStoreSupport.cleanupConnection(JobStoreSupport.java:3617)
	at org.quartz.impl.jdbcjobstore.JobStoreSupport.executeInNonManagedTXLock(JobStoreSupport.java:3835)
	at org.quartz.impl.jdbcjobstore.JobStoreSupport.retryExecuteInNonManagedTXLock(JobStoreSupport.java:3758)
	at org.quartz.impl.jdbcjobstore.JobStoreSupport.releaseAcquiredTrigger(JobStoreSupport.java:2881)
	at org.quartz.core.QuartzSchedulerThread.releaseIfScheduleChangedSignificantly(QuartzSchedulerThread.java:432)
	at org.quartz.core.QuartzSchedulerThread.run(QuartzSchedulerThread.java:316)
Hello Job执行时间: Tue May 08 16:41:00 CST 2018
Hello Job执行时间: Tue May 08 16:41:30 CST 2018
Hello Job执行时间: Tue May 08 16:42:00 CST 2018
Hello Job执行时间: Tue May 08 16:42:30 CST 2018
spring-boot-starter-redis is deprecated as of Spring Boot 1.4, please migrate to spring-boot-starter-data-redis
Hello Job执行时间: Tue May 08 16:43:00 CST 2018
Hello Job执行时间: Tue May 08 16:43:02 CST 2018
Hello Job执行时间: Tue May 08 16:43:30 CST 2018
Hello Job执行时间: Tue May 08 16:44:00 CST 2018
spring-boot-starter-redis is deprecated as of Spring Boot 1.4, please migrate to spring-boot-starter-data-redis
Token已失效，请重新登录!
Hello Job执行时间: Tue May 08 16:45:00 CST 2018
spring-boot-starter-redis is deprecated as of Spring Boot 1.4, please migrate to spring-boot-starter-data-redis
Token已失效，请重新登录!
Hello Job执行时间: Tue May 08 16:45:30 CST 2018
Hello Job执行时间: Tue May 08 16:46:00 CST 2018
spring-boot-starter-redis is deprecated as of Spring Boot 1.4, please migrate to spring-boot-starter-data-redis
Hello Job执行时间: Tue May 08 16:46:30 CST 2018
Hello Job执行时间: Tue May 08 16:46:38 CST 2018
Hello Job执行时间: Tue May 08 16:47:00 CST 2018
Hello Job执行时间: Tue May 08 16:47:30 CST 2018
Hello Job执行时间: Tue May 08 16:48:00 CST 2018
Hello Job执行时间: Tue May 08 16:48:30 CST 2018
Hello Job执行时间: Tue May 08 16:49:00 CST 2018
Token已失效，请重新登录!
spring-boot-starter-redis is deprecated as of Spring Boot 1.4, please migrate to spring-boot-starter-data-redis
Hello Job执行时间: Tue May 08 16:50:00 CST 2018
Token已失效，请重新登录!
spring-boot-starter-redis is deprecated as of Spring Boot 1.4, please migrate to spring-boot-starter-data-redis
Hello Job执行时间: Tue May 08 16:51:22 CST 2018
Hello Job执行时间: Tue May 08 16:51:30 CST 2018
Hello Job执行时间: Tue May 08 16:52:00 CST 2018
spring-boot-starter-redis is deprecated as of Spring Boot 1.4, please migrate to spring-boot-starter-data-redis
Hello Job执行时间: Tue May 08 16:52:30 CST 2018
Hello Job执行时间: Tue May 08 16:53:00 CST 2018
Token已失效，请重新登录!
Hello Job执行时间: Tue May 08 16:53:01 CST 2018
Hello Job执行时间: Tue May 08 16:53:01 CST 2018
Hello Job执行时间: Tue May 08 16:53:30 CST 2018
Hello Job执行时间: Tue May 08 16:54:00 CST 2018
Hello Job执行时间: Tue May 08 16:54:30 CST 2018
spring-boot-starter-redis is deprecated as of Spring Boot 1.4, please migrate to spring-boot-starter-data-redis
Hello Job执行时间: Tue May 08 16:55:00 CST 2018
spring-boot-starter-redis is deprecated as of Spring Boot 1.4, please migrate to spring-boot-starter-data-redis
Hello Job执行时间: Tue May 08 16:55:30 CST 2018
spring-boot-starter-redis is deprecated as of Spring Boot 1.4, please migrate to spring-boot-starter-data-redis
Hello Job执行时间: Tue May 08 16:56:00 CST 2018
Hello Job执行时间: Tue May 08 16:56:30 CST 2018
Hello Job执行时间: Tue May 08 16:56:59 CST 2018
Hello Job执行时间: Tue May 08 16:57:01 CST 2018
Hello Job执行时间: Tue May 08 16:57:30 CST 2018
Hello Job执行时间: Tue May 08 16:58:00 CST 2018
Hello Job执行时间: Tue May 08 16:58:30 CST 2018
Hello Job执行时间: Tue May 08 16:59:00 CST 2018
Hello Job执行时间: Tue May 08 16:59:30 CST 2018
Hello Job执行时间: Tue May 08 17:00:00 CST 2018
Hello Job执行时间: Tue May 08 17:00:30 CST 2018
Hello Job执行时间: Tue May 08 17:01:00 CST 2018
Hello Job执行时间: Tue May 08 17:01:30 CST 2018
Hello Job执行时间: Tue May 08 17:02:00 CST 2018
Hello Job执行时间: Tue May 08 17:02:30 CST 2018
Hello Job执行时间: Tue May 08 17:03:00 CST 2018
Hello Job执行时间: Tue May 08 17:03:30 CST 2018
Token已失效，请重新登录!
spring-boot-starter-redis is deprecated as of Spring Boot 1.4, please migrate to spring-boot-starter-data-redis
Hello Job执行时间: Tue May 08 17:04:30 CST 2018
Hello Job执行时间: Tue May 08 17:05:00 CST 2018
spring-boot-starter-redis is deprecated as of Spring Boot 1.4, please migrate to spring-boot-starter-data-redis
Hello Job执行时间: Tue May 08 17:06:00 CST 2018
Hello Job执行时间: Tue May 08 17:06:30 CST 2018
Hello Job执行时间: Tue May 08 17:07:00 CST 2018
Hello Job执行时间: Tue May 08 17:07:30 CST 2018
Hello Job执行时间: Tue May 08 17:08:00 CST 2018
Hello Job执行时间: Tue May 08 17:08:30 CST 2018
Hello Job执行时间: Tue May 08 17:09:00 CST 2018
Hello Job执行时间: Tue May 08 17:09:30 CST 2018
Hello Job执行时间: Tue May 08 17:10:00 CST 2018
Hello Job执行时间: Tue May 08 17:10:30 CST 2018
Hello Job执行时间: Tue May 08 17:11:00 CST 2018
Hello Job执行时间: Tue May 08 17:11:30 CST 2018
Hello Job执行时间: Tue May 08 17:12:00 CST 2018
Hello Job执行时间: Tue May 08 17:12:30 CST 2018
Hello Job执行时间: Tue May 08 17:13:00 CST 2018
spring-boot-starter-redis is deprecated as of Spring Boot 1.4, please migrate to spring-boot-starter-data-redis
spring-boot-starter-redis is deprecated as of Spring Boot 1.4, please migrate to spring-boot-starter-data-redis
Hello Job执行时间: Tue May 08 17:14:33 CST 2018
Hello Job执行时间: Tue May 08 17:15:00 CST 2018
spring-boot-starter-redis is deprecated as of Spring Boot 1.4, please migrate to spring-boot-starter-data-redis
Hello Job执行时间: Tue May 08 17:15:30 CST 2018
Token已失效，请重新登录!
Hello Job执行时间: Tue May 08 17:15:40 CST 2018
Hello Job执行时间: Tue May 08 17:16:00 CST 2018
spring-boot-starter-redis is deprecated as of Spring Boot 1.4, please migrate to spring-boot-starter-data-redis
Hello Job执行时间: Tue May 08 17:16:30 CST 2018
Hello Job执行时间: Tue May 08 17:16:32 CST 2018
Hello Job执行时间: Tue May 08 17:17:30 CST 2018
spring-boot-starter-redis is deprecated as of Spring Boot 1.4, please migrate to spring-boot-starter-data-redis
Hello Job执行时间: Tue May 08 17:18:00 CST 2018
Hello Job执行时间: Tue May 08 17:18:09 CST 2018
Hello Job执行时间: Tue May 08 17:18:30 CST 2018
spring-boot-starter-redis is deprecated as of Spring Boot 1.4, please migrate to spring-boot-starter-data-redis
Hello Job执行时间: Tue May 08 17:19:00 CST 2018
Hello Job执行时间: Tue May 08 17:19:01 CST 2018
Hello Job执行时间: Tue May 08 17:19:30 CST 2018
Hello Job执行时间: Tue May 08 17:20:00 CST 2018
Hello Job执行时间: Tue May 08 17:20:30 CST 2018
Hello Job执行时间: Tue May 08 17:21:00 CST 2018
Hello Job执行时间: Tue May 08 17:21:30 CST 2018
Hello Job执行时间: Tue May 08 17:22:00 CST 2018
Hello Job执行时间: Tue May 08 17:22:30 CST 2018
Hello Job执行时间: Tue May 08 17:23:00 CST 2018
Hello Job执行时间: Tue May 08 17:23:30 CST 2018
Hello Job执行时间: Tue May 08 17:24:00 CST 2018
Hello Job执行时间: Tue May 08 17:24:30 CST 2018
Hello Job执行时间: Tue May 08 17:25:00 CST 2018
Hello Job执行时间: Tue May 08 17:25:30 CST 2018
Hello Job执行时间: Tue May 08 17:26:00 CST 2018
Hello Job执行时间: Tue May 08 17:26:30 CST 2018
Hello Job执行时间: Tue May 08 17:27:00 CST 2018
Hello Job执行时间: Tue May 08 17:27:30 CST 2018
Hello Job执行时间: Tue May 08 17:28:00 CST 2018
Hello Job执行时间: Tue May 08 17:28:30 CST 2018
Hello Job执行时间: Tue May 08 17:29:00 CST 2018
Hello Job执行时间: Tue May 08 17:29:30 CST 2018
Hello Job执行时间: Tue May 08 17:30:00 CST 2018
Hello Job执行时间: Tue May 08 17:30:30 CST 2018
Hello Job执行时间: Tue May 08 17:31:00 CST 2018
Hello Job执行时间: Tue May 08 17:31:30 CST 2018
Hello Job执行时间: Tue May 08 17:32:00 CST 2018
Hello Job执行时间: Tue May 08 17:32:30 CST 2018
Hello Job执行时间: Tue May 08 17:33:00 CST 2018
Hello Job执行时间: Tue May 08 17:33:30 CST 2018
Hello Job执行时间: Tue May 08 17:34:00 CST 2018
Hello Job执行时间: Tue May 08 17:34:30 CST 2018
余额支付异常,原因为:
### Error updating database.  Cause: org.postgresql.util.PSQLException: ERROR: operator does not exist: numeric - character varying
  建议：No operator matches the given name and argument type(s). You might need to add explicit type casts.
  位置：60
### The error may involve cn.com.mobile.user.dao.UserDao.updateUserInfo-Inline
### The error occurred while setting parameters
### SQL: update hxdb.hx_user    SET wallet_balance = wallet_balance - ?,        update_time=now()    where id=?
### Cause: org.postgresql.util.PSQLException: ERROR: operator does not exist: numeric - character varying
  建议：No operator matches the given name and argument type(s). You might need to add explicit type casts.
  位置：60
; bad SQL grammar []; nested exception is org.postgresql.util.PSQLException: ERROR: operator does not exist: numeric - character varying
  建议：No operator matches the given name and argument type(s). You might need to add explicit type casts.
  位置：60
Hello Job执行时间: Tue May 08 17:34:38 CST 2018
spring-boot-starter-redis is deprecated as of Spring Boot 1.4, please migrate to spring-boot-starter-data-redis
Hello Job执行时间: Tue May 08 17:35:30 CST 2018
spring-boot-starter-redis is deprecated as of Spring Boot 1.4, please migrate to spring-boot-starter-data-redis
Hello Job执行时间: Tue May 08 17:36:00 CST 2018
Hello Job执行时间: Tue May 08 17:36:30 CST 2018
Hello Job执行时间: Tue May 08 17:37:00 CST 2018
Hello Job执行时间: Tue May 08 17:37:30 CST 2018
Hello Job执行时间: Tue May 08 17:38:00 CST 2018
Hello Job执行时间: Tue May 08 17:38:30 CST 2018
Hello Job执行时间: Tue May 08 17:39:00 CST 2018
Hello Job执行时间: Tue May 08 17:39:30 CST 2018
Hello Job执行时间: Tue May 08 17:40:00 CST 2018
Hello Job执行时间: Tue May 08 17:40:30 CST 2018
Hello Job执行时间: Tue May 08 17:41:00 CST 2018
Hello Job执行时间: Tue May 08 17:41:30 CST 2018
Hello Job执行时间: Tue May 08 17:42:00 CST 2018
Hello Job执行时间: Tue May 08 17:42:30 CST 2018
Hello Job执行时间: Tue May 08 17:43:00 CST 2018
Hello Job执行时间: Tue May 08 17:43:30 CST 2018
Hello Job执行时间: Tue May 08 17:44:00 CST 2018
Hello Job执行时间: Tue May 08 17:44:30 CST 2018
Hello Job执行时间: Tue May 08 17:45:00 CST 2018
Hello Job执行时间: Tue May 08 17:45:30 CST 2018
Hello Job执行时间: Tue May 08 17:46:00 CST 2018
Hello Job执行时间: Tue May 08 17:46:30 CST 2018
Hello Job执行时间: Tue May 08 17:47:00 CST 2018
Hello Job执行时间: Tue May 08 17:47:30 CST 2018
Hello Job执行时间: Tue May 08 17:48:00 CST 2018
Hello Job执行时间: Tue May 08 17:48:30 CST 2018
Hello Job执行时间: Tue May 08 17:49:00 CST 2018
Hello Job执行时间: Tue May 08 17:49:30 CST 2018
Hello Job执行时间: Tue May 08 17:50:00 CST 2018
Hello Job执行时间: Tue May 08 17:50:30 CST 2018
Hello Job执行时间: Tue May 08 17:51:00 CST 2018
Hello Job执行时间: Tue May 08 17:51:30 CST 2018
spring-boot-starter-redis is deprecated as of Spring Boot 1.4, please migrate to spring-boot-starter-data-redis
Hello Job执行时间: Tue May 08 17:52:00 CST 2018
Hello Job执行时间: Tue May 08 17:52:30 CST 2018
Hello Job执行时间: Tue May 08 17:53:00 CST 2018
Hello Job执行时间: Tue May 08 17:53:30 CST 2018
Hello Job执行时间: Tue May 08 17:54:00 CST 2018
Hello Job执行时间: Tue May 08 17:54:30 CST 2018
Hello Job执行时间: Tue May 08 17:55:00 CST 2018
Hello Job执行时间: Tue May 08 17:55:30 CST 2018
Hello Job执行时间: Tue May 08 17:56:00 CST 2018
Hello Job执行时间: Tue May 08 17:56:30 CST 2018
Hello Job执行时间: Tue May 08 17:57:00 CST 2018
Hello Job执行时间: Tue May 08 17:57:30 CST 2018
Hello Job执行时间: Tue May 08 17:58:00 CST 2018
Hello Job执行时间: Tue May 08 17:58:30 CST 2018
Hello Job执行时间: Tue May 08 17:59:00 CST 2018
Hello Job执行时间: Tue May 08 17:59:30 CST 2018
Hello Job执行时间: Tue May 08 18:00:00 CST 2018
Hello Job执行时间: Tue May 08 18:00:30 CST 2018
Hello Job执行时间: Tue May 08 18:01:00 CST 2018
Hello Job执行时间: Tue May 08 18:01:30 CST 2018
Hello Job执行时间: Tue May 08 18:02:00 CST 2018
Hello Job执行时间: Tue May 08 18:02:30 CST 2018
Hello Job执行时间: Tue May 08 18:03:00 CST 2018
Hello Job执行时间: Tue May 08 18:03:30 CST 2018
Hello Job执行时间: Tue May 08 18:04:00 CST 2018
Hello Job执行时间: Tue May 08 18:04:30 CST 2018
Hello Job执行时间: Tue May 08 18:05:00 CST 2018
Hello Job执行时间: Tue May 08 18:05:30 CST 2018
Hello Job执行时间: Tue May 08 18:06:00 CST 2018
Hello Job执行时间: Tue May 08 18:06:30 CST 2018
Hello Job执行时间: Tue May 08 18:07:00 CST 2018
Hello Job执行时间: Tue May 08 18:07:30 CST 2018
Hello Job执行时间: Tue May 08 18:08:00 CST 2018
Hello Job执行时间: Tue May 08 18:08:30 CST 2018
Hello Job执行时间: Tue May 08 18:09:00 CST 2018
Hello Job执行时间: Tue May 08 18:09:30 CST 2018
Hello Job执行时间: Tue May 08 18:10:00 CST 2018
Hello Job执行时间: Tue May 08 18:10:30 CST 2018
Hello Job执行时间: Tue May 08 18:11:00 CST 2018
Hello Job执行时间: Tue May 08 18:11:30 CST 2018
Hello Job执行时间: Tue May 08 18:12:00 CST 2018
Hello Job执行时间: Tue May 08 18:12:30 CST 2018
Hello Job执行时间: Tue May 08 18:13:00 CST 2018
Hello Job执行时间: Tue May 08 18:13:30 CST 2018
Hello Job执行时间: Tue May 08 18:14:00 CST 2018
Hello Job执行时间: Tue May 08 18:14:30 CST 2018
Hello Job执行时间: Tue May 08 18:15:00 CST 2018
Hello Job执行时间: Tue May 08 18:15:30 CST 2018
Hello Job执行时间: Tue May 08 18:16:00 CST 2018
Hello Job执行时间: Tue May 08 18:16:30 CST 2018
Hello Job执行时间: Tue May 08 18:17:00 CST 2018
Hello Job执行时间: Tue May 08 18:17:30 CST 2018
Hello Job执行时间: Tue May 08 18:18:00 CST 2018
Hello Job执行时间: Tue May 08 18:18:30 CST 2018
Hello Job执行时间: Tue May 08 18:19:00 CST 2018
Hello Job执行时间: Tue May 08 18:19:30 CST 2018
Hello Job执行时间: Tue May 08 18:20:00 CST 2018
Hello Job执行时间: Tue May 08 18:20:30 CST 2018
Hello Job执行时间: Tue May 08 18:21:00 CST 2018
Hello Job执行时间: Tue May 08 18:21:30 CST 2018
Hello Job执行时间: Tue May 08 18:22:00 CST 2018
Hello Job执行时间: Tue May 08 18:22:30 CST 2018
Hello Job执行时间: Tue May 08 18:23:00 CST 2018
Hello Job执行时间: Tue May 08 18:23:30 CST 2018
Hello Job执行时间: Tue May 08 18:24:00 CST 2018
Hello Job执行时间: Tue May 08 18:24:30 CST 2018
Hello Job执行时间: Tue May 08 18:25:00 CST 2018
Hello Job执行时间: Tue May 08 18:25:30 CST 2018
Hello Job执行时间: Tue May 08 18:26:00 CST 2018
Hello Job执行时间: Tue May 08 18:26:30 CST 2018
Hello Job执行时间: Tue May 08 18:27:00 CST 2018
Hello Job执行时间: Tue May 08 18:27:30 CST 2018
Hello Job执行时间: Tue May 08 18:28:00 CST 2018
Hello Job执行时间: Tue May 08 18:28:30 CST 2018
Hello Job执行时间: Tue May 08 18:29:00 CST 2018
Hello Job执行时间: Tue May 08 18:29:30 CST 2018
Hello Job执行时间: Tue May 08 18:30:00 CST 2018
Hello Job执行时间: Tue May 08 18:30:30 CST 2018
Hello Job执行时间: Tue May 08 18:31:00 CST 2018
Hello Job执行时间: Tue May 08 18:31:30 CST 2018
Hello Job执行时间: Tue May 08 18:32:00 CST 2018
Hello Job执行时间: Tue May 08 18:32:30 CST 2018
Hello Job执行时间: Tue May 08 18:33:00 CST 2018
Hello Job执行时间: Tue May 08 18:33:30 CST 2018
Hello Job执行时间: Tue May 08 18:34:00 CST 2018
Hello Job执行时间: Tue May 08 18:34:30 CST 2018
Hello Job执行时间: Tue May 08 18:35:00 CST 2018
Hello Job执行时间: Tue May 08 18:35:30 CST 2018
Hello Job执行时间: Tue May 08 18:36:00 CST 2018
Hello Job执行时间: Tue May 08 18:36:30 CST 2018
Hello Job执行时间: Tue May 08 18:37:00 CST 2018
Hello Job执行时间: Tue May 08 18:37:30 CST 2018
Hello Job执行时间: Tue May 08 18:38:00 CST 2018
Hello Job执行时间: Tue May 08 18:38:30 CST 2018
Hello Job执行时间: Tue May 08 18:39:00 CST 2018
Hello Job执行时间: Tue May 08 18:39:30 CST 2018
Hello Job执行时间: Tue May 08 18:40:00 CST 2018
Hello Job执行时间: Tue May 08 18:40:30 CST 2018
Hello Job执行时间: Tue May 08 18:41:00 CST 2018
Hello Job执行时间: Tue May 08 18:41:30 CST 2018
Hello Job执行时间: Tue May 08 18:42:00 CST 2018
Hello Job执行时间: Tue May 08 18:42:30 CST 2018
Hello Job执行时间: Tue May 08 18:43:00 CST 2018
Hello Job执行时间: Tue May 08 18:43:30 CST 2018
Hello Job执行时间: Tue May 08 18:44:00 CST 2018
Hello Job执行时间: Tue May 08 18:44:30 CST 2018
Hello Job执行时间: Tue May 08 18:45:00 CST 2018
Hello Job执行时间: Tue May 08 18:45:30 CST 2018
Hello Job执行时间: Tue May 08 18:46:00 CST 2018
Hello Job执行时间: Tue May 08 18:46:30 CST 2018
Hello Job执行时间: Tue May 08 18:47:00 CST 2018
Hello Job执行时间: Tue May 08 18:47:30 CST 2018
Hello Job执行时间: Tue May 08 18:48:00 CST 2018
Hello Job执行时间: Tue May 08 18:48:30 CST 2018
Hello Job执行时间: Tue May 08 18:49:00 CST 2018
Hello Job执行时间: Tue May 08 18:49:30 CST 2018
Hello Job执行时间: Tue May 08 18:50:00 CST 2018
Hello Job执行时间: Tue May 08 18:50:30 CST 2018
Hello Job执行时间: Tue May 08 18:51:00 CST 2018
Hello Job执行时间: Tue May 08 18:51:30 CST 2018
Hello Job执行时间: Tue May 08 18:52:00 CST 2018
Hello Job执行时间: Tue May 08 18:52:30 CST 2018
Hello Job执行时间: Tue May 08 18:53:00 CST 2018
Hello Job执行时间: Tue May 08 18:53:30 CST 2018
Hello Job执行时间: Tue May 08 18:54:00 CST 2018
Hello Job执行时间: Tue May 08 18:54:30 CST 2018
Hello Job执行时间: Tue May 08 18:55:00 CST 2018
Hello Job执行时间: Tue May 08 18:55:30 CST 2018
Hello Job执行时间: Tue May 08 18:56:00 CST 2018
Hello Job执行时间: Tue May 08 18:56:30 CST 2018
Hello Job执行时间: Tue May 08 18:57:00 CST 2018
Hello Job执行时间: Tue May 08 18:57:30 CST 2018
Hello Job执行时间: Tue May 08 18:58:00 CST 2018
Hello Job执行时间: Tue May 08 18:58:30 CST 2018
Hello Job执行时间: Tue May 08 18:59:00 CST 2018
Hello Job执行时间: Tue May 08 18:59:30 CST 2018
Hello Job执行时间: Tue May 08 19:00:00 CST 2018
Hello Job执行时间: Tue May 08 19:00:30 CST 2018
Hello Job执行时间: Tue May 08 19:01:00 CST 2018
Hello Job执行时间: Tue May 08 19:01:30 CST 2018
Hello Job执行时间: Tue May 08 19:02:00 CST 2018
Hello Job执行时间: Tue May 08 19:02:30 CST 2018
Hello Job执行时间: Tue May 08 19:03:00 CST 2018
Hello Job执行时间: Tue May 08 19:03:30 CST 2018
Hello Job执行时间: Tue May 08 19:04:00 CST 2018
Hello Job执行时间: Tue May 08 19:04:30 CST 2018
Hello Job执行时间: Tue May 08 19:05:00 CST 2018
Hello Job执行时间: Tue May 08 19:05:30 CST 2018
Hello Job执行时间: Tue May 08 19:06:00 CST 2018
Hello Job执行时间: Tue May 08 19:06:30 CST 2018
Hello Job执行时间: Tue May 08 19:07:00 CST 2018
Hello Job执行时间: Tue May 08 19:07:30 CST 2018
Hello Job执行时间: Tue May 08 19:08:00 CST 2018
Hello Job执行时间: Tue May 08 19:08:30 CST 2018
Hello Job执行时间: Tue May 08 19:09:00 CST 2018
Hello Job执行时间: Tue May 08 19:09:30 CST 2018
Hello Job执行时间: Tue May 08 19:10:00 CST 2018
Hello Job执行时间: Tue May 08 19:10:30 CST 2018
Hello Job执行时间: Tue May 08 19:11:00 CST 2018
Hello Job执行时间: Tue May 08 19:11:30 CST 2018
Hello Job执行时间: Tue May 08 19:12:00 CST 2018
Hello Job执行时间: Tue May 08 19:12:30 CST 2018
Hello Job执行时间: Tue May 08 19:13:00 CST 2018
Hello Job执行时间: Tue May 08 19:13:30 CST 2018
Hello Job执行时间: Tue May 08 19:14:00 CST 2018
Hello Job执行时间: Tue May 08 19:14:30 CST 2018
Hello Job执行时间: Tue May 08 19:15:00 CST 2018
Hello Job执行时间: Tue May 08 19:15:30 CST 2018
Hello Job执行时间: Tue May 08 19:16:00 CST 2018
Hello Job执行时间: Tue May 08 19:16:30 CST 2018
Hello Job执行时间: Tue May 08 19:17:00 CST 2018
Hello Job执行时间: Tue May 08 19:17:30 CST 2018
Hello Job执行时间: Tue May 08 19:18:00 CST 2018
Hello Job执行时间: Tue May 08 19:18:30 CST 2018
Hello Job执行时间: Tue May 08 19:19:00 CST 2018
Hello Job执行时间: Tue May 08 19:19:30 CST 2018
Hello Job执行时间: Tue May 08 19:20:00 CST 2018
Hello Job执行时间: Tue May 08 19:20:30 CST 2018
Hello Job执行时间: Tue May 08 19:21:00 CST 2018
Hello Job执行时间: Tue May 08 19:21:30 CST 2018
Hello Job执行时间: Tue May 08 19:22:00 CST 2018
Hello Job执行时间: Tue May 08 19:22:30 CST 2018
Hello Job执行时间: Tue May 08 19:23:00 CST 2018
Hello Job执行时间: Tue May 08 19:23:30 CST 2018
Hello Job执行时间: Tue May 08 19:24:00 CST 2018
Hello Job执行时间: Tue May 08 19:24:30 CST 2018
Hello Job执行时间: Tue May 08 19:25:00 CST 2018
Hello Job执行时间: Tue May 08 19:25:30 CST 2018
Hello Job执行时间: Tue May 08 19:26:00 CST 2018
Hello Job执行时间: Tue May 08 19:26:30 CST 2018
Hello Job执行时间: Tue May 08 19:27:00 CST 2018
Hello Job执行时间: Tue May 08 19:27:30 CST 2018
Hello Job执行时间: Tue May 08 19:28:00 CST 2018
Hello Job执行时间: Tue May 08 19:28:30 CST 2018
Hello Job执行时间: Tue May 08 19:29:00 CST 2018
Hello Job执行时间: Tue May 08 19:29:30 CST 2018
Hello Job执行时间: Tue May 08 19:30:00 CST 2018
Hello Job执行时间: Tue May 08 19:30:30 CST 2018
Hello Job执行时间: Tue May 08 19:31:00 CST 2018
Hello Job执行时间: Tue May 08 19:31:30 CST 2018
Hello Job执行时间: Tue May 08 19:32:00 CST 2018
Hello Job执行时间: Tue May 08 19:32:30 CST 2018
Hello Job执行时间: Tue May 08 19:33:00 CST 2018
Hello Job执行时间: Tue May 08 19:33:30 CST 2018
Hello Job执行时间: Tue May 08 19:34:00 CST 2018
Hello Job执行时间: Tue May 08 19:34:30 CST 2018
Hello Job执行时间: Tue May 08 19:35:00 CST 2018
Hello Job执行时间: Tue May 08 19:35:30 CST 2018
Hello Job执行时间: Tue May 08 19:36:00 CST 2018
Hello Job执行时间: Tue May 08 19:36:30 CST 2018
Hello Job执行时间: Tue May 08 19:37:00 CST 2018
Hello Job执行时间: Tue May 08 19:37:30 CST 2018
Hello Job执行时间: Tue May 08 19:38:00 CST 2018
Hello Job执行时间: Tue May 08 19:38:30 CST 2018
Hello Job执行时间: Tue May 08 19:39:00 CST 2018
Hello Job执行时间: Tue May 08 19:39:30 CST 2018
Hello Job执行时间: Tue May 08 19:40:00 CST 2018
Hello Job执行时间: Tue May 08 19:40:30 CST 2018
Hello Job执行时间: Tue May 08 19:41:00 CST 2018
Hello Job执行时间: Tue May 08 19:41:30 CST 2018
Hello Job执行时间: Tue May 08 19:42:00 CST 2018
Hello Job执行时间: Tue May 08 19:42:30 CST 2018
Hello Job执行时间: Tue May 08 19:43:00 CST 2018
Hello Job执行时间: Tue May 08 19:43:30 CST 2018
Hello Job执行时间: Tue May 08 19:44:00 CST 2018
Hello Job执行时间: Tue May 08 19:44:30 CST 2018
Hello Job执行时间: Tue May 08 19:45:00 CST 2018
Hello Job执行时间: Tue May 08 19:45:30 CST 2018
Hello Job执行时间: Tue May 08 19:46:00 CST 2018
Hello Job执行时间: Tue May 08 19:46:30 CST 2018
Hello Job执行时间: Tue May 08 19:47:00 CST 2018
Hello Job执行时间: Tue May 08 19:47:30 CST 2018
Hello Job执行时间: Tue May 08 19:48:00 CST 2018
Hello Job执行时间: Tue May 08 19:48:30 CST 2018
Hello Job执行时间: Tue May 08 19:49:00 CST 2018
Hello Job执行时间: Tue May 08 19:49:30 CST 2018
Hello Job执行时间: Tue May 08 19:50:00 CST 2018
Hello Job执行时间: Tue May 08 19:50:30 CST 2018
Hello Job执行时间: Tue May 08 19:51:00 CST 2018
spring-boot-starter-redis is deprecated as of Spring Boot 1.4, please migrate to spring-boot-starter-data-redis
Hello Job执行时间: Tue May 08 19:52:00 CST 2018
Hello Job执行时间: Tue May 08 19:52:30 CST 2018
Hello Job执行时间: Tue May 08 19:53:00 CST 2018
Hello Job执行时间: Tue May 08 19:53:30 CST 2018
spring-boot-starter-redis is deprecated as of Spring Boot 1.4, please migrate to spring-boot-starter-data-redis
Hello Job执行时间: Tue May 08 19:54:00 CST 2018
Hello Job执行时间: Tue May 08 19:54:12 CST 2018
实名认证异常,原因为:null
Hello Job执行时间: Tue May 08 19:54:30 CST 2018
Hello Job执行时间: Tue May 08 19:55:00 CST 2018
spring-boot-starter-redis is deprecated as of Spring Boot 1.4, please migrate to spring-boot-starter-data-redis
Hello Job执行时间: Tue May 08 19:55:37 CST 2018
Hello Job执行时间: Tue May 08 19:56:00 CST 2018
Hello Job执行时间: Tue May 08 19:56:30 CST 2018
spring-boot-starter-redis is deprecated as of Spring Boot 1.4, please migrate to spring-boot-starter-data-redis
Hello Job执行时间: Tue May 08 19:57:00 CST 2018
Hello Job执行时间: Tue May 08 19:57:09 CST 2018
Hello Job执行时间: Tue May 08 19:57:30 CST 2018
Hello Job执行时间: Tue May 08 19:58:00 CST 2018
Hello Job执行时间: Tue May 08 19:58:30 CST 2018
Hello Job执行时间: Tue May 08 19:59:00 CST 2018
Hello Job执行时间: Tue May 08 19:59:30 CST 2018
Hello Job执行时间: Tue May 08 20:00:00 CST 2018
Hello Job执行时间: Tue May 08 20:00:30 CST 2018
Hello Job执行时间: Tue May 08 20:01:00 CST 2018
Hello Job执行时间: Tue May 08 20:01:30 CST 2018
Hello Job执行时间: Tue May 08 20:02:00 CST 2018
Hello Job执行时间: Tue May 08 20:02:30 CST 2018
Hello Job执行时间: Tue May 08 20:03:00 CST 2018
Hello Job执行时间: Tue May 08 20:03:30 CST 2018
Hello Job执行时间: Tue May 08 20:04:00 CST 2018
Hello Job执行时间: Tue May 08 20:04:30 CST 2018
Hello Job执行时间: Tue May 08 20:05:00 CST 2018
Hello Job执行时间: Tue May 08 20:05:30 CST 2018
Hello Job执行时间: Tue May 08 20:06:00 CST 2018
Hello Job执行时间: Tue May 08 20:06:30 CST 2018
Hello Job执行时间: Tue May 08 20:07:00 CST 2018
Hello Job执行时间: Tue May 08 20:07:30 CST 2018
Hello Job执行时间: Tue May 08 20:08:00 CST 2018
Hello Job执行时间: Tue May 08 20:08:30 CST 2018
Hello Job执行时间: Tue May 08 20:09:00 CST 2018
Exception encountered during context initialization - cancelling refresh attempt: org.springframework.beans.factory.UnsatisfiedDependencyException: Error creating bean with name 'walletMobileController': Unsatisfied dependency expressed through field 'walletMobileService': No qualifying bean of type [cn.com.mobile.wallet.service.WalletMobileService] found for dependency [cn.com.mobile.wallet.service.WalletMobileService]: expected at least 1 bean which qualifies as autowire candidate for this dependency. Dependency annotations: {@org.springframework.beans.factory.annotation.Autowired(required=true)}; nested exception is org.springframework.beans.factory.NoSuchBeanDefinitionException: No qualifying bean of type [cn.com.mobile.wallet.service.WalletMobileService] found for dependency [cn.com.mobile.wallet.service.WalletMobileService]: expected at least 1 bean which qualifies as autowire candidate for this dependency. Dependency annotations: {@org.springframework.beans.factory.annotation.Autowired(required=true)}
The web application [hxcollectionapi] appears to have started a thread named [DefaultQuartzScheduler_Worker-1] but has failed to stop it. This is very likely to create a memory leak. Stack trace of thread:
 java.lang.Object.wait(Native Method)
 org.quartz.simpl.SimpleThreadPool$WorkerThread.run(SimpleThreadPool.java:568)
The web application [hxcollectionapi] appears to have started a thread named [DefaultQuartzScheduler_Worker-2] but has failed to stop it. This is very likely to create a memory leak. Stack trace of thread:
 java.lang.Object.wait(Native Method)
 org.quartz.simpl.SimpleThreadPool$WorkerThread.run(SimpleThreadPool.java:568)
The web application [hxcollectionapi] appears to have started a thread named [DefaultQuartzScheduler_Worker-3] but has failed to stop it. This is very likely to create a memory leak. Stack trace of thread:
 java.lang.Object.wait(Native Method)
 org.quartz.simpl.SimpleThreadPool$WorkerThread.run(SimpleThreadPool.java:568)
The web application [hxcollectionapi] appears to have started a thread named [DefaultQuartzScheduler_Worker-4] but has failed to stop it. This is very likely to create a memory leak. Stack trace of thread:
 java.lang.Object.wait(Native Method)
 org.quartz.simpl.SimpleThreadPool$WorkerThread.run(SimpleThreadPool.java:568)
The web application [hxcollectionapi] appears to have started a thread named [DefaultQuartzScheduler_Worker-5] but has failed to stop it. This is very likely to create a memory leak. Stack trace of thread:
 java.lang.Object.wait(Native Method)
 org.quartz.simpl.SimpleThreadPool$WorkerThread.run(SimpleThreadPool.java:568)
The web application [hxcollectionapi] appears to have started a thread named [DefaultQuartzScheduler_Worker-6] but has failed to stop it. This is very likely to create a memory leak. Stack trace of thread:
 java.lang.Object.wait(Native Method)
 org.quartz.simpl.SimpleThreadPool$WorkerThread.run(SimpleThreadPool.java:568)
The web application [hxcollectionapi] appears to have started a thread named [DefaultQuartzScheduler_Worker-7] but has failed to stop it. This is very likely to create a memory leak. Stack trace of thread:
 java.lang.Object.wait(Native Method)
 org.quartz.simpl.SimpleThreadPool$WorkerThread.run(SimpleThreadPool.java:568)
The web application [hxcollectionapi] appears to have started a thread named [DefaultQuartzScheduler_Worker-8] but has failed to stop it. This is very likely to create a memory leak. Stack trace of thread:
 java.lang.Object.wait(Native Method)
 org.quartz.simpl.SimpleThreadPool$WorkerThread.run(SimpleThreadPool.java:568)
The web application [hxcollectionapi] appears to have started a thread named [DefaultQuartzScheduler_Worker-9] but has failed to stop it. This is very likely to create a memory leak. Stack trace of thread:
 java.lang.Object.wait(Native Method)
 org.quartz.simpl.SimpleThreadPool$WorkerThread.run(SimpleThreadPool.java:568)
The web application [hxcollectionapi] appears to have started a thread named [DefaultQuartzScheduler_Worker-10] but has failed to stop it. This is very likely to create a memory leak. Stack trace of thread:
 java.lang.Object.wait(Native Method)
 org.quartz.simpl.SimpleThreadPool$WorkerThread.run(SimpleThreadPool.java:568)
Application startup failed
org.springframework.beans.factory.UnsatisfiedDependencyException: Error creating bean with name 'walletMobileController': Unsatisfied dependency expressed through field 'walletMobileService': No qualifying bean of type [cn.com.mobile.wallet.service.WalletMobileService] found for dependency [cn.com.mobile.wallet.service.WalletMobileService]: expected at least 1 bean which qualifies as autowire candidate for this dependency. Dependency annotations: {@org.springframework.beans.factory.annotation.Autowired(required=true)}; nested exception is org.springframework.beans.factory.NoSuchBeanDefinitionException: No qualifying bean of type [cn.com.mobile.wallet.service.WalletMobileService] found for dependency [cn.com.mobile.wallet.service.WalletMobileService]: expected at least 1 bean which qualifies as autowire candidate for this dependency. Dependency annotations: {@org.springframework.beans.factory.annotation.Autowired(required=true)}
	at org.springframework.beans.factory.annotation.AutowiredAnnotationBeanPostProcessor$AutowiredFieldElement.inject(AutowiredAnnotationBeanPostProcessor.java:569)
	at org.springframework.beans.factory.annotation.InjectionMetadata.inject(InjectionMetadata.java:88)
	at org.springframework.beans.factory.annotation.AutowiredAnnotationBeanPostProcessor.postProcessPropertyValues(AutowiredAnnotationBeanPostProcessor.java:349)
	at org.springframework.beans.factory.support.AbstractAutowireCapableBeanFactory.populateBean(AbstractAutowireCapableBeanFactory.java:1214)
	at org.springframework.beans.factory.support.AbstractAutowireCapableBeanFactory.doCreateBean(AbstractAutowireCapableBeanFactory.java:543)
	at org.springframework.beans.factory.support.AbstractAutowireCapableBeanFactory.createBean(AbstractAutowireCapableBeanFactory.java:482)
	at org.springframework.beans.factory.support.AbstractBeanFactory$1.getObject(AbstractBeanFactory.java:306)
	at org.springframework.beans.factory.support.DefaultSingletonBeanRegistry.getSingleton(DefaultSingletonBeanRegistry.java:230)
	at org.springframework.beans.factory.support.AbstractBeanFactory.doGetBean(AbstractBeanFactory.java:302)
	at org.springframework.beans.factory.support.AbstractBeanFactory.getBean(AbstractBeanFactory.java:197)
	at org.springframework.beans.factory.support.DefaultListableBeanFactory.preInstantiateSingletons(DefaultListableBeanFactory.java:776)
	at org.springframework.context.support.AbstractApplicationContext.finishBeanFactoryInitialization(AbstractApplicationContext.java:861)
	at org.springframework.context.support.AbstractApplicationContext.refresh(AbstractApplicationContext.java:541)
	at org.springframework.boot.context.embedded.EmbeddedWebApplicationContext.refresh(EmbeddedWebApplicationContext.java:122)
	at org.springframework.boot.SpringApplication.refresh(SpringApplication.java:759)
	at org.springframework.boot.SpringApplication.refreshContext(SpringApplication.java:369)
	at org.springframework.boot.SpringApplication.run(SpringApplication.java:313)
	at org.springframework.boot.SpringApplication.run(SpringApplication.java:1185)
	at org.springframework.boot.SpringApplication.run(SpringApplication.java:1174)
	at cn.com.App.main(App.java:24)
	at sun.reflect.NativeMethodAccessorImpl.invoke0(Native Method)
	at sun.reflect.NativeMethodAccessorImpl.invoke(NativeMethodAccessorImpl.java:57)
	at sun.reflect.DelegatingMethodAccessorImpl.invoke(DelegatingMethodAccessorImpl.java:43)
	at java.lang.reflect.Method.invoke(Method.java:606)
	at org.springframework.boot.devtools.restart.RestartLauncher.run(RestartLauncher.java:49)
Caused by: org.springframework.beans.factory.NoSuchBeanDefinitionException: No qualifying bean of type [cn.com.mobile.wallet.service.WalletMobileService] found for dependency [cn.com.mobile.wallet.service.WalletMobileService]: expected at least 1 bean which qualifies as autowire candidate for this dependency. Dependency annotations: {@org.springframework.beans.factory.annotation.Autowired(required=true)}
	at org.springframework.beans.factory.support.DefaultListableBeanFactory.raiseNoMatchingBeanFound(DefaultListableBeanFactory.java:1406)
	at org.springframework.beans.factory.support.DefaultListableBeanFactory.doResolveDependency(DefaultListableBeanFactory.java:1057)
	at org.springframework.beans.factory.support.DefaultListableBeanFactory.resolveDependency(DefaultListableBeanFactory.java:1019)
	at org.springframework.beans.factory.annotation.AutowiredAnnotationBeanPostProcessor$AutowiredFieldElement.inject(AutowiredAnnotationBeanPostProcessor.java:566)
	... 24 common frames omitted
spring-boot-starter-redis is deprecated as of Spring Boot 1.4, please migrate to spring-boot-starter-data-redis
An Exception occurred while trying to check a PooledConection into a ResourcePool.
com.mchange.v2.resourcepool.ResourcePoolException: ResourcePool [BROKEN!]: Tried to check-in a foreign resource!
	at com.mchange.v2.resourcepool.BasicResourcePool.checkinResource(BasicResourcePool.java:657)
	at com.mchange.v2.c3p0.impl.C3P0PooledConnectionPool$ConnectionEventListenerImpl.doCheckinResource(C3P0PooledConnectionPool.java:636)
	at com.mchange.v2.c3p0.impl.C3P0PooledConnectionPool$ConnectionEventListenerImpl.connectionClosed(C3P0PooledConnectionPool.java:630)
	at com.mchange.v2.c3p0.util.ConnectionEventSupport.fireConnectionClosed(ConnectionEventSupport.java:55)
	at com.mchange.v2.c3p0.impl.NewPooledConnection.fireConnectionClosed(NewPooledConnection.java:439)
	at com.mchange.v2.c3p0.impl.NewPooledConnection.markClosedProxyConnection(NewPooledConnection.java:326)
	at com.mchange.v2.c3p0.impl.NewProxyConnection.close(NewProxyConnection.java:1246)
	at org.quartz.impl.jdbcjobstore.JobStoreSupport.closeConnection(JobStoreSupport.java:3641)
	at org.quartz.impl.jdbcjobstore.JobStoreSupport.cleanupConnection(JobStoreSupport.java:3617)
	at org.quartz.impl.jdbcjobstore.JobStoreSupport.executeInNonManagedTXLock(JobStoreSupport.java:3835)
	at org.quartz.impl.jdbcjobstore.JobStoreSupport.retryExecuteInNonManagedTXLock(JobStoreSupport.java:3758)
	at org.quartz.impl.jdbcjobstore.JobStoreSupport.releaseAcquiredTrigger(JobStoreSupport.java:2881)
	at org.quartz.core.QuartzSchedulerThread.releaseIfScheduleChangedSignificantly(QuartzSchedulerThread.java:432)
	at org.quartz.core.QuartzSchedulerThread.run(QuartzSchedulerThread.java:316)
Exception encountered during context initialization - cancelling refresh attempt: org.springframework.beans.factory.UnsatisfiedDependencyException: Error creating bean with name 'walletMobileController': Unsatisfied dependency expressed through field 'walletMobileService': No qualifying bean of type [cn.com.mobile.wallet.service.WalletMobileService] found for dependency [cn.com.mobile.wallet.service.WalletMobileService]: expected at least 1 bean which qualifies as autowire candidate for this dependency. Dependency annotations: {@org.springframework.beans.factory.annotation.Autowired(required=true)}; nested exception is org.springframework.beans.factory.NoSuchBeanDefinitionException: No qualifying bean of type [cn.com.mobile.wallet.service.WalletMobileService] found for dependency [cn.com.mobile.wallet.service.WalletMobileService]: expected at least 1 bean which qualifies as autowire candidate for this dependency. Dependency annotations: {@org.springframework.beans.factory.annotation.Autowired(required=true)}
The web application [hxcollectionapi] appears to have started a thread named [DefaultQuartzScheduler_Worker-1] but has failed to stop it. This is very likely to create a memory leak. Stack trace of thread:
 java.lang.Object.wait(Native Method)
 org.quartz.simpl.SimpleThreadPool$WorkerThread.run(SimpleThreadPool.java:568)
The web application [hxcollectionapi] appears to have started a thread named [DefaultQuartzScheduler_Worker-2] but has failed to stop it. This is very likely to create a memory leak. Stack trace of thread:
 java.lang.Object.wait(Native Method)
 org.quartz.simpl.SimpleThreadPool$WorkerThread.run(SimpleThreadPool.java:568)
The web application [hxcollectionapi] appears to have started a thread named [DefaultQuartzScheduler_Worker-3] but has failed to stop it. This is very likely to create a memory leak. Stack trace of thread:
 java.lang.Object.wait(Native Method)
 org.quartz.simpl.SimpleThreadPool$WorkerThread.run(SimpleThreadPool.java:568)
The web application [hxcollectionapi] appears to have started a thread named [DefaultQuartzScheduler_Worker-4] but has failed to stop it. This is very likely to create a memory leak. Stack trace of thread:
 java.lang.Object.wait(Native Method)
 org.quartz.simpl.SimpleThreadPool$WorkerThread.run(SimpleThreadPool.java:568)
The web application [hxcollectionapi] appears to have started a thread named [DefaultQuartzScheduler_Worker-5] but has failed to stop it. This is very likely to create a memory leak. Stack trace of thread:
 java.lang.Object.wait(Native Method)
 org.quartz.simpl.SimpleThreadPool$WorkerThread.run(SimpleThreadPool.java:568)
The web application [hxcollectionapi] appears to have started a thread named [DefaultQuartzScheduler_Worker-6] but has failed to stop it. This is very likely to create a memory leak. Stack trace of thread:
 java.lang.Object.wait(Native Method)
 org.quartz.simpl.SimpleThreadPool$WorkerThread.run(SimpleThreadPool.java:568)
The web application [hxcollectionapi] appears to have started a thread named [DefaultQuartzScheduler_Worker-7] but has failed to stop it. This is very likely to create a memory leak. Stack trace of thread:
 java.lang.Object.wait(Native Method)
 org.quartz.simpl.SimpleThreadPool$WorkerThread.run(SimpleThreadPool.java:568)
The web application [hxcollectionapi] appears to have started a thread named [DefaultQuartzScheduler_Worker-8] but has failed to stop it. This is very likely to create a memory leak. Stack trace of thread:
 java.lang.Object.wait(Native Method)
 org.quartz.simpl.SimpleThreadPool$WorkerThread.run(SimpleThreadPool.java:568)
The web application [hxcollectionapi] appears to have started a thread named [DefaultQuartzScheduler_Worker-9] but has failed to stop it. This is very likely to create a memory leak. Stack trace of thread:
 java.lang.Object.wait(Native Method)
 org.quartz.simpl.SimpleThreadPool$WorkerThread.run(SimpleThreadPool.java:568)
The web application [hxcollectionapi] appears to have started a thread named [DefaultQuartzScheduler_Worker-10] but has failed to stop it. This is very likely to create a memory leak. Stack trace of thread:
 java.lang.Object.wait(Native Method)
 org.quartz.simpl.SimpleThreadPool$WorkerThread.run(SimpleThreadPool.java:568)
Application startup failed
org.springframework.beans.factory.UnsatisfiedDependencyException: Error creating bean with name 'walletMobileController': Unsatisfied dependency expressed through field 'walletMobileService': No qualifying bean of type [cn.com.mobile.wallet.service.WalletMobileService] found for dependency [cn.com.mobile.wallet.service.WalletMobileService]: expected at least 1 bean which qualifies as autowire candidate for this dependency. Dependency annotations: {@org.springframework.beans.factory.annotation.Autowired(required=true)}; nested exception is org.springframework.beans.factory.NoSuchBeanDefinitionException: No qualifying bean of type [cn.com.mobile.wallet.service.WalletMobileService] found for dependency [cn.com.mobile.wallet.service.WalletMobileService]: expected at least 1 bean which qualifies as autowire candidate for this dependency. Dependency annotations: {@org.springframework.beans.factory.annotation.Autowired(required=true)}
	at org.springframework.beans.factory.annotation.AutowiredAnnotationBeanPostProcessor$AutowiredFieldElement.inject(AutowiredAnnotationBeanPostProcessor.java:569)
	at org.springframework.beans.factory.annotation.InjectionMetadata.inject(InjectionMetadata.java:88)
	at org.springframework.beans.factory.annotation.AutowiredAnnotationBeanPostProcessor.postProcessPropertyValues(AutowiredAnnotationBeanPostProcessor.java:349)
	at org.springframework.beans.factory.support.AbstractAutowireCapableBeanFactory.populateBean(AbstractAutowireCapableBeanFactory.java:1214)
	at org.springframework.beans.factory.support.AbstractAutowireCapableBeanFactory.doCreateBean(AbstractAutowireCapableBeanFactory.java:543)
	at org.springframework.beans.factory.support.AbstractAutowireCapableBeanFactory.createBean(AbstractAutowireCapableBeanFactory.java:482)
	at org.springframework.beans.factory.support.AbstractBeanFactory$1.getObject(AbstractBeanFactory.java:306)
	at org.springframework.beans.factory.support.DefaultSingletonBeanRegistry.getSingleton(DefaultSingletonBeanRegistry.java:230)
	at org.springframework.beans.factory.support.AbstractBeanFactory.doGetBean(AbstractBeanFactory.java:302)
	at org.springframework.beans.factory.support.AbstractBeanFactory.getBean(AbstractBeanFactory.java:197)
	at org.springframework.beans.factory.support.DefaultListableBeanFactory.preInstantiateSingletons(DefaultListableBeanFactory.java:776)
	at org.springframework.context.support.AbstractApplicationContext.finishBeanFactoryInitialization(AbstractApplicationContext.java:861)
	at org.springframework.context.support.AbstractApplicationContext.refresh(AbstractApplicationContext.java:541)
	at org.springframework.boot.context.embedded.EmbeddedWebApplicationContext.refresh(EmbeddedWebApplicationContext.java:122)
	at org.springframework.boot.SpringApplication.refresh(SpringApplication.java:759)
	at org.springframework.boot.SpringApplication.refreshContext(SpringApplication.java:369)
	at org.springframework.boot.SpringApplication.run(SpringApplication.java:313)
	at org.springframework.boot.SpringApplication.run(SpringApplication.java:1185)
	at org.springframework.boot.SpringApplication.run(SpringApplication.java:1174)
	at cn.com.App.main(App.java:24)
	at sun.reflect.NativeMethodAccessorImpl.invoke0(Native Method)
	at sun.reflect.NativeMethodAccessorImpl.invoke(NativeMethodAccessorImpl.java:57)
	at sun.reflect.DelegatingMethodAccessorImpl.invoke(DelegatingMethodAccessorImpl.java:43)
	at java.lang.reflect.Method.invoke(Method.java:606)
	at org.springframework.boot.devtools.restart.RestartLauncher.run(RestartLauncher.java:49)
Caused by: org.springframework.beans.factory.NoSuchBeanDefinitionException: No qualifying bean of type [cn.com.mobile.wallet.service.WalletMobileService] found for dependency [cn.com.mobile.wallet.service.WalletMobileService]: expected at least 1 bean which qualifies as autowire candidate for this dependency. Dependency annotations: {@org.springframework.beans.factory.annotation.Autowired(required=true)}
	at org.springframework.beans.factory.support.DefaultListableBeanFactory.raiseNoMatchingBeanFound(DefaultListableBeanFactory.java:1406)
	at org.springframework.beans.factory.support.DefaultListableBeanFactory.doResolveDependency(DefaultListableBeanFactory.java:1057)
	at org.springframework.beans.factory.support.DefaultListableBeanFactory.resolveDependency(DefaultListableBeanFactory.java:1019)
	at org.springframework.beans.factory.annotation.AutowiredAnnotationBeanPostProcessor$AutowiredFieldElement.inject(AutowiredAnnotationBeanPostProcessor.java:566)
	... 24 common frames omitted
Exception encountered during context initialization - cancelling refresh attempt: org.springframework.beans.factory.UnsatisfiedDependencyException: Error creating bean with name 'walletMobileController': Unsatisfied dependency expressed through field 'walletMobileService': No qualifying bean of type [cn.com.mobile.wallet.service.WalletMobileService] found for dependency [cn.com.mobile.wallet.service.WalletMobileService]: expected at least 1 bean which qualifies as autowire candidate for this dependency. Dependency annotations: {@org.springframework.beans.factory.annotation.Autowired(required=true)}; nested exception is org.springframework.beans.factory.NoSuchBeanDefinitionException: No qualifying bean of type [cn.com.mobile.wallet.service.WalletMobileService] found for dependency [cn.com.mobile.wallet.service.WalletMobileService]: expected at least 1 bean which qualifies as autowire candidate for this dependency. Dependency annotations: {@org.springframework.beans.factory.annotation.Autowired(required=true)}
The web application [hxcollectionapi] appears to have started a thread named [DefaultQuartzScheduler_Worker-1] but has failed to stop it. This is very likely to create a memory leak. Stack trace of thread:
 java.lang.Object.wait(Native Method)
 org.quartz.simpl.SimpleThreadPool$WorkerThread.run(SimpleThreadPool.java:568)
The web application [hxcollectionapi] appears to have started a thread named [DefaultQuartzScheduler_Worker-2] but has failed to stop it. This is very likely to create a memory leak. Stack trace of thread:
 java.lang.Object.wait(Native Method)
 org.quartz.simpl.SimpleThreadPool$WorkerThread.run(SimpleThreadPool.java:568)
The web application [hxcollectionapi] appears to have started a thread named [DefaultQuartzScheduler_Worker-3] but has failed to stop it. This is very likely to create a memory leak. Stack trace of thread:
 java.lang.Object.wait(Native Method)
 org.quartz.simpl.SimpleThreadPool$WorkerThread.run(SimpleThreadPool.java:568)
The web application [hxcollectionapi] appears to have started a thread named [DefaultQuartzScheduler_Worker-4] but has failed to stop it. This is very likely to create a memory leak. Stack trace of thread:
 java.lang.Object.wait(Native Method)
 org.quartz.simpl.SimpleThreadPool$WorkerThread.run(SimpleThreadPool.java:568)
The web application [hxcollectionapi] appears to have started a thread named [DefaultQuartzScheduler_Worker-5] but has failed to stop it. This is very likely to create a memory leak. Stack trace of thread:
 java.lang.Object.wait(Native Method)
 org.quartz.simpl.SimpleThreadPool$WorkerThread.run(SimpleThreadPool.java:568)
The web application [hxcollectionapi] appears to have started a thread named [DefaultQuartzScheduler_Worker-6] but has failed to stop it. This is very likely to create a memory leak. Stack trace of thread:
 java.lang.Object.wait(Native Method)
 org.quartz.simpl.SimpleThreadPool$WorkerThread.run(SimpleThreadPool.java:568)
The web application [hxcollectionapi] appears to have started a thread named [DefaultQuartzScheduler_Worker-7] but has failed to stop it. This is very likely to create a memory leak. Stack trace of thread:
 java.lang.Object.wait(Native Method)
 org.quartz.simpl.SimpleThreadPool$WorkerThread.run(SimpleThreadPool.java:568)
The web application [hxcollectionapi] appears to have started a thread named [DefaultQuartzScheduler_Worker-8] but has failed to stop it. This is very likely to create a memory leak. Stack trace of thread:
 java.lang.Object.wait(Native Method)
 org.quartz.simpl.SimpleThreadPool$WorkerThread.run(SimpleThreadPool.java:568)
The web application [hxcollectionapi] appears to have started a thread named [DefaultQuartzScheduler_Worker-9] but has failed to stop it. This is very likely to create a memory leak. Stack trace of thread:
 java.lang.Object.wait(Native Method)
 org.quartz.simpl.SimpleThreadPool$WorkerThread.run(SimpleThreadPool.java:568)
The web application [hxcollectionapi] appears to have started a thread named [DefaultQuartzScheduler_Worker-10] but has failed to stop it. This is very likely to create a memory leak. Stack trace of thread:
 java.lang.Object.wait(Native Method)
 org.quartz.simpl.SimpleThreadPool$WorkerThread.run(SimpleThreadPool.java:568)
Application startup failed
org.springframework.beans.factory.UnsatisfiedDependencyException: Error creating bean with name 'walletMobileController': Unsatisfied dependency expressed through field 'walletMobileService': No qualifying bean of type [cn.com.mobile.wallet.service.WalletMobileService] found for dependency [cn.com.mobile.wallet.service.WalletMobileService]: expected at least 1 bean which qualifies as autowire candidate for this dependency. Dependency annotations: {@org.springframework.beans.factory.annotation.Autowired(required=true)}; nested exception is org.springframework.beans.factory.NoSuchBeanDefinitionException: No qualifying bean of type [cn.com.mobile.wallet.service.WalletMobileService] found for dependency [cn.com.mobile.wallet.service.WalletMobileService]: expected at least 1 bean which qualifies as autowire candidate for this dependency. Dependency annotations: {@org.springframework.beans.factory.annotation.Autowired(required=true)}
	at org.springframework.beans.factory.annotation.AutowiredAnnotationBeanPostProcessor$AutowiredFieldElement.inject(AutowiredAnnotationBeanPostProcessor.java:569)
	at org.springframework.beans.factory.annotation.InjectionMetadata.inject(InjectionMetadata.java:88)
	at org.springframework.beans.factory.annotation.AutowiredAnnotationBeanPostProcessor.postProcessPropertyValues(AutowiredAnnotationBeanPostProcessor.java:349)
	at org.springframework.beans.factory.support.AbstractAutowireCapableBeanFactory.populateBean(AbstractAutowireCapableBeanFactory.java:1214)
	at org.springframework.beans.factory.support.AbstractAutowireCapableBeanFactory.doCreateBean(AbstractAutowireCapableBeanFactory.java:543)
	at org.springframework.beans.factory.support.AbstractAutowireCapableBeanFactory.createBean(AbstractAutowireCapableBeanFactory.java:482)
	at org.springframework.beans.factory.support.AbstractBeanFactory$1.getObject(AbstractBeanFactory.java:306)
	at org.springframework.beans.factory.support.DefaultSingletonBeanRegistry.getSingleton(DefaultSingletonBeanRegistry.java:230)
	at org.springframework.beans.factory.support.AbstractBeanFactory.doGetBean(AbstractBeanFactory.java:302)
	at org.springframework.beans.factory.support.AbstractBeanFactory.getBean(AbstractBeanFactory.java:197)
	at org.springframework.beans.factory.support.DefaultListableBeanFactory.preInstantiateSingletons(DefaultListableBeanFactory.java:776)
	at org.springframework.context.support.AbstractApplicationContext.finishBeanFactoryInitialization(AbstractApplicationContext.java:861)
	at org.springframework.context.support.AbstractApplicationContext.refresh(AbstractApplicationContext.java:541)
	at org.springframework.boot.context.embedded.EmbeddedWebApplicationContext.refresh(EmbeddedWebApplicationContext.java:122)
	at org.springframework.boot.SpringApplication.refresh(SpringApplication.java:759)
	at org.springframework.boot.SpringApplication.refreshContext(SpringApplication.java:369)
	at org.springframework.boot.SpringApplication.run(SpringApplication.java:313)
	at org.springframework.boot.SpringApplication.run(SpringApplication.java:1185)
	at org.springframework.boot.SpringApplication.run(SpringApplication.java:1174)
	at cn.com.App.main(App.java:24)
	at sun.reflect.NativeMethodAccessorImpl.invoke0(Native Method)
	at sun.reflect.NativeMethodAccessorImpl.invoke(NativeMethodAccessorImpl.java:57)
	at sun.reflect.DelegatingMethodAccessorImpl.invoke(DelegatingMethodAccessorImpl.java:43)
	at java.lang.reflect.Method.invoke(Method.java:606)
	at org.springframework.boot.devtools.restart.RestartLauncher.run(RestartLauncher.java:49)
Caused by: org.springframework.beans.factory.NoSuchBeanDefinitionException: No qualifying bean of type [cn.com.mobile.wallet.service.WalletMobileService] found for dependency [cn.com.mobile.wallet.service.WalletMobileService]: expected at least 1 bean which qualifies as autowire candidate for this dependency. Dependency annotations: {@org.springframework.beans.factory.annotation.Autowired(required=true)}
	at org.springframework.beans.factory.support.DefaultListableBeanFactory.raiseNoMatchingBeanFound(DefaultListableBeanFactory.java:1406)
	at org.springframework.beans.factory.support.DefaultListableBeanFactory.doResolveDependency(DefaultListableBeanFactory.java:1057)
	at org.springframework.beans.factory.support.DefaultListableBeanFactory.resolveDependency(DefaultListableBeanFactory.java:1019)
	at org.springframework.beans.factory.annotation.AutowiredAnnotationBeanPostProcessor$AutowiredFieldElement.inject(AutowiredAnnotationBeanPostProcessor.java:566)
	... 24 common frames omitted
spring-boot-starter-redis is deprecated as of Spring Boot 1.4, please migrate to spring-boot-starter-data-redis
spring-boot-starter-redis is deprecated as of Spring Boot 1.4, please migrate to spring-boot-starter-data-redis
Hello Job执行时间: Tue May 08 20:11:30 CST 2018
spring-boot-starter-redis is deprecated as of Spring Boot 1.4, please migrate to spring-boot-starter-data-redis
Hello Job执行时间: Tue May 08 20:12:30 CST 2018
spring-boot-starter-redis is deprecated as of Spring Boot 1.4, please migrate to spring-boot-starter-data-redis
spring-boot-starter-redis is deprecated as of Spring Boot 1.4, please migrate to spring-boot-starter-data-redis
Hello Job执行时间: Tue May 08 20:13:00 CST 2018
Hello Job执行时间: Tue May 08 20:13:28 CST 2018
spring-boot-starter-redis is deprecated as of Spring Boot 1.4, please migrate to spring-boot-starter-data-redis
Hello Job执行时间: Tue May 08 20:18:30 CST 2018
Hello Job执行时间: Tue May 08 20:19:00 CST 2018
Hello Job执行时间: Tue May 08 20:19:30 CST 2018
Hello Job执行时间: Tue May 08 20:20:00 CST 2018
Hello Job执行时间: Tue May 08 20:20:30 CST 2018
Hello Job执行时间: Tue May 08 20:21:00 CST 2018
Hello Job执行时间: Tue May 08 20:21:30 CST 2018
Hello Job执行时间: Tue May 08 20:22:00 CST 2018
Hello Job执行时间: Tue May 08 20:22:30 CST 2018
Hello Job执行时间: Tue May 08 20:23:00 CST 2018
Hello Job执行时间: Tue May 08 20:23:30 CST 2018
Hello Job执行时间: Tue May 08 20:24:00 CST 2018
Hello Job执行时间: Tue May 08 20:24:30 CST 2018
Hello Job执行时间: Tue May 08 20:25:00 CST 2018
Hello Job执行时间: Tue May 08 20:25:30 CST 2018
Hello Job执行时间: Tue May 08 20:26:00 CST 2018
Hello Job执行时间: Tue May 08 20:26:30 CST 2018
Hello Job执行时间: Tue May 08 20:27:00 CST 2018
Hello Job执行时间: Tue May 08 20:27:30 CST 2018
Hello Job执行时间: Tue May 08 20:28:00 CST 2018
Hello Job执行时间: Tue May 08 20:28:30 CST 2018
Hello Job执行时间: Tue May 08 20:29:00 CST 2018
Hello Job执行时间: Tue May 08 20:29:30 CST 2018
Hello Job执行时间: Tue May 08 20:30:00 CST 2018
Hello Job执行时间: Tue May 08 20:30:30 CST 2018
Hello Job执行时间: Tue May 08 20:31:00 CST 2018
Hello Job执行时间: Tue May 08 20:31:30 CST 2018
Hello Job执行时间: Tue May 08 20:32:00 CST 2018
Hello Job执行时间: Tue May 08 20:32:30 CST 2018
Hello Job执行时间: Tue May 08 20:33:00 CST 2018
Hello Job执行时间: Tue May 08 20:33:30 CST 2018
Hello Job执行时间: Tue May 08 20:34:00 CST 2018
Hello Job执行时间: Tue May 08 20:34:30 CST 2018
Hello Job执行时间: Tue May 08 20:35:00 CST 2018
Hello Job执行时间: Tue May 08 20:35:30 CST 2018
Hello Job执行时间: Tue May 08 20:36:00 CST 2018
Hello Job执行时间: Tue May 08 20:36:30 CST 2018
Hello Job执行时间: Tue May 08 20:37:00 CST 2018
Hello Job执行时间: Tue May 08 20:37:30 CST 2018
Hello Job执行时间: Tue May 08 20:38:00 CST 2018
Hello Job执行时间: Tue May 08 20:38:30 CST 2018
Hello Job执行时间: Tue May 08 20:39:00 CST 2018
Hello Job执行时间: Tue May 08 20:39:30 CST 2018
Hello Job执行时间: Tue May 08 20:40:00 CST 2018
Hello Job执行时间: Tue May 08 20:40:30 CST 2018
Hello Job执行时间: Tue May 08 20:41:00 CST 2018
Hello Job执行时间: Tue May 08 20:41:30 CST 2018
Hello Job执行时间: Tue May 08 20:42:00 CST 2018
Hello Job执行时间: Tue May 08 20:42:30 CST 2018
Hello Job执行时间: Tue May 08 20:43:00 CST 2018
Hello Job执行时间: Tue May 08 20:43:30 CST 2018
Hello Job执行时间: Tue May 08 20:44:00 CST 2018
Hello Job执行时间: Tue May 08 20:44:30 CST 2018
Hello Job执行时间: Tue May 08 20:45:00 CST 2018
Hello Job执行时间: Tue May 08 20:45:30 CST 2018
Hello Job执行时间: Tue May 08 20:46:00 CST 2018
